<?xml version="1.1" encoding="utf-8" standalone="yes" ?>

<Events>
<Event xmlns="http://schemas.microsoft.com/win/2004/08/events/event"><System><Provider Name="Microsoft-Windows-Security-Auditing" Guid="{54849625-5478-4994-a5ba-3e3b0328c30d}"></Provider>
<EventID Qualifiers="">4647</EventID>
<Version>0</Version>
<Level>0</Level>
<Task>12545</Task>
<Opcode>0</Opcode>
<Keywords>0x8020000000000000</Keywords>
<TimeCreated SystemTime="2018-09-10 12:18:26.972103"></TimeCreated>
<EventRecordID>231712</EventRecordID>
<Correlation ActivityID="{fd18dc13-48f8-0001-58dc-18fdf848d401}" RelatedActivityID=""></Correlation>
<Execution ProcessID="660" ThreadID="752"></Execution>
<Channel>Security</Channel>
<Computer>WIN-KCON-EXCH16.EM.KRINGLECON.COM</Computer>
<Security UserID=""></Security>
</System>
<EventData><Data Name="TargetUserSid">S-1-5-21-25059752-1411454016-2901770228-500</Data>
<Data Name="TargetUserName">Administrator</Data>
<Data Name="TargetDomainName">EM.KRINGLECON</Data>
<Data Name="TargetLogonId">0x0000000000969b09</Data>
</EventData>
</Event>

<Event xmlns="http://schemas.microsoft.com/win/2004/08/events/event"><System><Provider Name="Microsoft-Windows-Security-Auditing" Guid="{54849625-5478-4994-a5ba-3e3b0328c30d}"></Provider>
<EventID Qualifiers="">4826</EventID>
<Version>0</Version>
<Level>0</Level>
<Task>13573</Task>
<Opcode>0</Opcode>
<Keywords>0x8020000000000000</Keywords>
<TimeCreated SystemTime="2018-09-10 12:19:06.246397"></TimeCreated>
<EventRecordID>231714</EventRecordID>
<Correlation ActivityID="" RelatedActivityID=""></Correlation>
<Execution ProcessID="4" ThreadID="124"></Execution>
<Channel>Security</Channel>
<Computer>WIN-KCON-EXCH16.EM.KRINGLECON.COM</Computer>
<Security UserID=""></Security>
</System>
<EventData><Data Name="SubjectUserSid">S-1-5-18</Data>
<Data Name="SubjectUserName">-</Data>
<Data Name="SubjectDomainName">-</Data>
<Data Name="SubjectLogonId">0x00000000000003e7</Data>
<Data Name="LoadOptions">-</Data>
<Data Name="AdvancedOptions">%%1843</Data>
<Data Name="ConfigAccessPolicy">%%1846</Data>
<Data Name="RemoteEventLogging">%%1843</Data>
<Data Name="KernelDebug">%%1843</Data>
<Data Name="VsmLaunchType">%%1848</Data>
<Data Name="TestSigning">%%1843</Data>
<Data Name="FlightSigning">%%1843</Data>
<Data Name="DisableIntegrityChecks">%%1843</Data>
<Data Name="HypervisorLoadOptions">-</Data>
<Data Name="HypervisorLaunchType">%%1848</Data>
<Data Name="HypervisorDebug">%%1843</Data>
</EventData>
</Event>

<Event xmlns="http://schemas.microsoft.com/win/2004/08/events/event"><System><Provider Name="Microsoft-Windows-Security-Auditing" Guid="{54849625-5478-4994-a5ba-3e3b0328c30d}"></Provider>
<EventID Qualifiers="">4688</EventID>
<Version>2</Version>
<Level>0</Level>
<Task>13312</Task>
<Opcode>0</Opcode>
<Keywords>0x8020000000000000</Keywords>
<TimeCreated SystemTime="2018-09-10 12:19:06.327976"></TimeCreated>
<EventRecordID>231715</EventRecordID>
<Correlation ActivityID="" RelatedActivityID=""></Correlation>
<Execution ProcessID="4" ThreadID="124"></Execution>
<Channel>Security</Channel>
<Computer>WIN-KCON-EXCH16.EM.KRINGLECON.COM</Computer>
<Security UserID=""></Security>
</System>
<EventData><Data Name="SubjectUserSid">S-1-5-18</Data>
<Data Name="SubjectUserName">-</Data>
<Data Name="SubjectDomainName">-</Data>
<Data Name="SubjectLogonId">0x00000000000003e7</Data>
<Data Name="NewProcessId">0x000000000000012c</Data>
<Data Name="NewProcessName">C:\Windows\System32\smss.exe</Data>
<Data Name="TokenElevationType">%%1936</Data>
<Data Name="ProcessId">0x0000000000000004</Data>
<Data Name="CommandLine"></Data>
<Data Name="TargetUserSid">S-1-0-0</Data>
<Data Name="TargetUserName">-</Data>
<Data Name="TargetDomainName">-</Data>
<Data Name="TargetLogonId">0x0000000000000000</Data>
<Data Name="ParentProcessName"></Data>
<Data Name="MandatoryLabel">S-1-16-16384</Data>
</EventData>
</Event>

<Event xmlns="http://schemas.microsoft.com/win/2004/08/events/event"><System><Provider Name="Microsoft-Windows-Security-Auditing" Guid="{54849625-5478-4994-a5ba-3e3b0328c30d}"></Provider>
<EventID Qualifiers="">4688</EventID>
<Version>2</Version>
<Level>0</Level>
<Task>13312</Task>
<Opcode>0</Opcode>
<Keywords>0x8020000000000000</Keywords>
<TimeCreated SystemTime="2018-09-10 12:19:07.465408"></TimeCreated>
<EventRecordID>231716</EventRecordID>
<Correlation ActivityID="" RelatedActivityID=""></Correlation>
<Execution ProcessID="4" ThreadID="124"></Execution>
<Channel>Security</Channel>
<Computer>WIN-KCON-EXCH16.EM.KRINGLECON.COM</Computer>
<Security UserID=""></Security>
</System>
<EventData><Data Name="SubjectUserSid">S-1-5-18</Data>
<Data Name="SubjectUserName">-</Data>
<Data Name="SubjectDomainName">-</Data>
<Data Name="SubjectLogonId">0x00000000000003e7</Data>
<Data Name="NewProcessId">0x000000000000016c</Data>
<Data Name="NewProcessName">C:\Windows\System32\autochk.exe</Data>
<Data Name="TokenElevationType">%%1936</Data>
<Data Name="ProcessId">0x000000000000012c</Data>
<Data Name="CommandLine"></Data>
<Data Name="TargetUserSid">S-1-0-0</Data>
<Data Name="TargetUserName">-</Data>
<Data Name="TargetDomainName">-</Data>
<Data Name="TargetLogonId">0x0000000000000000</Data>
<Data Name="ParentProcessName">C:\Windows\System32\smss.exe</Data>
<Data Name="MandatoryLabel">S-1-16-16384</Data>
</EventData>
</Event>

<Event xmlns="http://schemas.microsoft.com/win/2004/08/events/event"><System><Provider Name="Microsoft-Windows-Security-Auditing" Guid="{54849625-5478-4994-a5ba-3e3b0328c30d}"></Provider>
<EventID Qualifiers="">4688</EventID>
<Version>2</Version>
<Level>0</Level>
<Task>13312</Task>
<Opcode>0</Opcode>
<Keywords>0x8020000000000000</Keywords>
<TimeCreated SystemTime="2018-09-10 12:19:16.635881"></TimeCreated>
<EventRecordID>231717</EventRecordID>
<Correlation ActivityID="" RelatedActivityID=""></Correlation>
<Execution ProcessID="4" ThreadID="192"></Execution>
<Channel>Security</Channel>
<Computer>WIN-KCON-EXCH16.EM.KRINGLECON.COM</Computer>
<Security UserID=""></Security>
</System>
<EventData><Data Name="SubjectUserSid">S-1-5-18</Data>
<Data Name="SubjectUserName">-</Data>
<Data Name="SubjectDomainName">-</Data>
<Data Name="SubjectLogonId">0x00000000000003e7</Data>
<Data Name="NewProcessId">0x00000000000001a4</Data>
<Data Name="NewProcessName">C:\Windows\System32\smss.exe</Data>
<Data Name="TokenElevationType">%%1936</Data>
<Data Name="ProcessId">0x000000000000012c</Data>
<Data Name="CommandLine"></Data>
<Data Name="TargetUserSid">S-1-0-0</Data>
<Data Name="TargetUserName">-</Data>
<Data Name="TargetDomainName">-</Data>
<Data Name="TargetLogonId">0x0000000000000000</Data>
<Data Name="ParentProcessName">C:\Windows\System32\smss.exe</Data>
<Data Name="MandatoryLabel">S-1-16-16384</Data>
</EventData>
</Event>

<Event xmlns="http://schemas.microsoft.com/win/2004/08/events/event"><System><Provider Name="Microsoft-Windows-Security-Auditing" Guid="{54849625-5478-4994-a5ba-3e3b0328c30d}"></Provider>
<EventID Qualifiers="">4688</EventID>
<Version>2</Version>
<Level>0</Level>
<Task>13312</Task>
<Opcode>0</Opcode>
<Keywords>0x8020000000000000</Keywords>
<TimeCreated SystemTime="2018-09-10 12:19:16.916533"></TimeCreated>
<EventRecordID>231718</EventRecordID>
<Correlation ActivityID="" RelatedActivityID=""></Correlation>
<Execution ProcessID="4" ThreadID="200"></Execution>
<Channel>Security</Channel>
<Computer>WIN-KCON-EXCH16.EM.KRINGLECON.COM</Computer>
<Security UserID=""></Security>
</System>
<EventData><Data Name="SubjectUserSid">S-1-5-18</Data>
<Data Name="SubjectUserName">-</Data>
<Data Name="SubjectDomainName">-</Data>
<Data Name="SubjectLogonId">0x00000000000003e7</Data>
<Data Name="NewProcessId">0x00000000000001ac</Data>
<Data Name="NewProcessName">C:\Windows\System32\csrss.exe</Data>
<Data Name="TokenElevationType">%%1936</Data>
<Data Name="ProcessId">0x00000000000001a4</Data>
<Data Name="CommandLine"></Data>
<Data Name="TargetUserSid">S-1-0-0</Data>
<Data Name="TargetUserName">-</Data>
<Data Name="TargetDomainName">-</Data>
<Data Name="TargetLogonId">0x0000000000000000</Data>
<Data Name="ParentProcessName">C:\Windows\System32\smss.exe</Data>
<Data Name="MandatoryLabel">S-1-16-16384</Data>
</EventData>
</Event>

<Event xmlns="http://schemas.microsoft.com/win/2004/08/events/event"><System><Provider Name="Microsoft-Windows-Security-Auditing" Guid="{54849625-5478-4994-a5ba-3e3b0328c30d}"></Provider>
<EventID Qualifiers="">4688</EventID>
<Version>2</Version>
<Level>0</Level>
<Task>13312</Task>
<Opcode>0</Opcode>
<Keywords>0x8020000000000000</Keywords>
<TimeCreated SystemTime="2018-09-10 12:19:18.401243"></TimeCreated>
<EventRecordID>231719</EventRecordID>
<Correlation ActivityID="" RelatedActivityID=""></Correlation>
<Execution ProcessID="4" ThreadID="332"></Execution>
<Channel>Security</Channel>
<Computer>WIN-KCON-EXCH16.EM.KRINGLECON.COM</Computer>
<Security UserID=""></Security>
</System>
<EventData><Data Name="SubjectUserSid">S-1-5-18</Data>
<Data Name="SubjectUserName">-</Data>
<Data Name="SubjectDomainName">-</Data>
<Data Name="SubjectLogonId">0x00000000000003e7</Data>
<Data Name="NewProcessId">0x0000000000000200</Data>
<Data Name="NewProcessName">C:\Windows\System32\smss.exe</Data>
<Data Name="TokenElevationType">%%1936</Data>
<Data Name="ProcessId">0x000000000000012c</Data>
<Data Name="CommandLine"></Data>
<Data Name="TargetUserSid">S-1-0-0</Data>
<Data Name="TargetUserName">-</Data>
<Data Name="TargetDomainName">-</Data>
<Data Name="TargetLogonId">0x0000000000000000</Data>
<Data Name="ParentProcessName">C:\Windows\System32\smss.exe</Data>
<Data Name="MandatoryLabel">S-1-16-16384</Data>
</EventData>
</Event>

<Event xmlns="http://schemas.microsoft.com/win/2004/08/events/event"><System><Provider Name="Microsoft-Windows-Security-Auditing" Guid="{54849625-5478-4994-a5ba-3e3b0328c30d}"></Provider>
<EventID Qualifiers="">4688</EventID>
<Version>2</Version>
<Level>0</Level>
<Task>13312</Task>
<Opcode>0</Opcode>
<Keywords>0x8020000000000000</Keywords>
<TimeCreated SystemTime="2018-09-10 12:19:18.419479"></TimeCreated>
<EventRecordID>231720</EventRecordID>
<Correlation ActivityID="" RelatedActivityID=""></Correlation>
<Execution ProcessID="4" ThreadID="332"></Execution>
<Channel>Security</Channel>
<Computer>WIN-KCON-EXCH16.EM.KRINGLECON.COM</Computer>
<Security UserID=""></Security>
</System>
<EventData><Data Name="SubjectUserSid">S-1-5-18</Data>
<Data Name="SubjectUserName">-</Data>
<Data Name="SubjectDomainName">-</Data>
<Data Name="SubjectLogonId">0x00000000000003e7</Data>
<Data Name="NewProcessId">0x0000000000000208</Data>
<Data Name="NewProcessName">C:\Windows\System32\csrss.exe</Data>
<Data Name="TokenElevationType">%%1936</Data>
<Data Name="ProcessId">0x0000000000000200</Data>
<Data Name="CommandLine"></Data>
<Data Name="TargetUserSid">S-1-0-0</Data>
<Data Name="TargetUserName">-</Data>
<Data Name="TargetDomainName">-</Data>
<Data Name="TargetLogonId">0x0000000000000000</Data>
<Data Name="ParentProcessName">C:\Windows\System32\smss.exe</Data>
<Data Name="MandatoryLabel">S-1-16-16384</Data>
</EventData>
</Event>

<Event xmlns="http://schemas.microsoft.com/win/2004/08/events/event"><System><Provider Name="Microsoft-Windows-Security-Auditing" Guid="{54849625-5478-4994-a5ba-3e3b0328c30d}"></Provider>
<EventID Qualifiers="">4688</EventID>
<Version>2</Version>
<Level>0</Level>
<Task>13312</Task>
<Opcode>0</Opcode>
<Keywords>0x8020000000000000</Keywords>
<TimeCreated SystemTime="2018-09-10 12:19:18.427311"></TimeCreated>
<EventRecordID>231721</EventRecordID>
<Correlation ActivityID="" RelatedActivityID=""></Correlation>
<Execution ProcessID="4" ThreadID="332"></Execution>
<Channel>Security</Channel>
<Computer>WIN-KCON-EXCH16.EM.KRINGLECON.COM</Computer>
<Security UserID=""></Security>
</System>
<EventData><Data Name="SubjectUserSid">S-1-5-18</Data>
<Data Name="SubjectUserName">-</Data>
<Data Name="SubjectDomainName">-</Data>
<Data Name="SubjectLogonId">0x00000000000003e7</Data>
<Data Name="NewProcessId">0x0000000000000220</Data>
<Data Name="NewProcessName">C:\Windows\System32\wininit.exe</Data>
<Data Name="TokenElevationType">%%1936</Data>
<Data Name="ProcessId">0x00000000000001a4</Data>
<Data Name="CommandLine"></Data>
<Data Name="TargetUserSid">S-1-0-0</Data>
<Data Name="TargetUserName">-</Data>
<Data Name="TargetDomainName">-</Data>
<Data Name="TargetLogonId">0x0000000000000000</Data>
<Data Name="ParentProcessName">C:\Windows\System32\smss.exe</Data>
<Data Name="MandatoryLabel">S-1-16-16384</Data>
</EventData>
</Event>

<Event xmlns="http://schemas.microsoft.com/win/2004/08/events/event"><System><Provider Name="Microsoft-Windows-Security-Auditing" Guid="{54849625-5478-4994-a5ba-3e3b0328c30d}"></Provider>
<EventID Qualifiers="">4688</EventID>
<Version>2</Version>
<Level>0</Level>
<Task>13312</Task>
<Opcode>0</Opcode>
<Keywords>0x8020000000000000</Keywords>
<TimeCreated SystemTime="2018-09-10 12:19:18.571180"></TimeCreated>
<EventRecordID>231722</EventRecordID>
<Correlation ActivityID="" RelatedActivityID=""></Correlation>
<Execution ProcessID="4" ThreadID="332"></Execution>
<Channel>Security</Channel>
<Computer>WIN-KCON-EXCH16.EM.KRINGLECON.COM</Computer>
<Security UserID=""></Security>
</System>
<EventData><Data Name="SubjectUserSid">S-1-5-18</Data>
<Data Name="SubjectUserName">-</Data>
<Data Name="SubjectDomainName">-</Data>
<Data Name="SubjectLogonId">0x00000000000003e7</Data>
<Data Name="NewProcessId">0x0000000000000244</Data>
<Data Name="NewProcessName">C:\Windows\System32\winlogon.exe</Data>
<Data Name="TokenElevationType">%%1936</Data>
<Data Name="ProcessId">0x0000000000000200</Data>
<Data Name="CommandLine"></Data>
<Data Name="TargetUserSid">S-1-0-0</Data>
<Data Name="TargetUserName">-</Data>
<Data Name="TargetDomainName">-</Data>
<Data Name="TargetLogonId">0x0000000000000000</Data>
<Data Name="ParentProcessName">C:\Windows\System32\smss.exe</Data>
<Data Name="MandatoryLabel">S-1-16-16384</Data>
</EventData>
</Event>

<Event xmlns="http://schemas.microsoft.com/win/2004/08/events/event"><System><Provider Name="Microsoft-Windows-Security-Auditing" Guid="{54849625-5478-4994-a5ba-3e3b0328c30d}"></Provider>
<EventID Qualifiers="">4688</EventID>
<Version>2</Version>
<Level>0</Level>
<Task>13312</Task>
<Opcode>0</Opcode>
<Keywords>0x8020000000000000</Keywords>
<TimeCreated SystemTime="2018-09-10 12:19:19.639803"></TimeCreated>
<EventRecordID>231723</EventRecordID>
<Correlation ActivityID="" RelatedActivityID=""></Correlation>
<Execution ProcessID="4" ThreadID="332"></Execution>
<Channel>Security</Channel>
<Computer>WIN-KCON-EXCH16.EM.KRINGLECON.COM</Computer>
<Security UserID=""></Security>
</System>
<EventData><Data Name="SubjectUserSid">S-1-5-18</Data>
<Data Name="SubjectUserName">-</Data>
<Data Name="SubjectDomainName">-</Data>
<Data Name="SubjectLogonId">0x00000000000003e7</Data>
<Data Name="NewProcessId">0x0000000000000290</Data>
<Data Name="NewProcessName">C:\Windows\System32\services.exe</Data>
<Data Name="TokenElevationType">%%1936</Data>
<Data Name="ProcessId">0x0000000000000220</Data>
<Data Name="CommandLine"></Data>
<Data Name="TargetUserSid">S-1-0-0</Data>
<Data Name="TargetUserName">-</Data>
<Data Name="TargetDomainName">-</Data>
<Data Name="TargetLogonId">0x0000000000000000</Data>
<Data Name="ParentProcessName">C:\Windows\System32\wininit.exe</Data>
<Data Name="MandatoryLabel">S-1-16-16384</Data>
</EventData>
</Event>

<Event xmlns="http://schemas.microsoft.com/win/2004/08/events/event"><System><Provider Name="Microsoft-Windows-Security-Auditing" Guid="{54849625-5478-4994-a5ba-3e3b0328c30d}"></Provider>
<EventID Qualifiers="">4688</EventID>
<Version>2</Version>
<Level>0</Level>
<Task>13312</Task>
<Opcode>0</Opcode>
<Keywords>0x8020000000000000</Keywords>
<TimeCreated SystemTime="2018-09-10 12:19:20.067671"></TimeCreated>
<EventRecordID>231724</EventRecordID>
<Correlation ActivityID="" RelatedActivityID=""></Correlation>
<Execution ProcessID="4" ThreadID="332"></Execution>
<Channel>Security</Channel>
<Computer>WIN-KCON-EXCH16.EM.KRINGLECON.COM</Computer>
<Security UserID=""></Security>
</System>
<EventData><Data Name="SubjectUserSid">S-1-5-18</Data>
<Data Name="SubjectUserName">-</Data>
<Data Name="SubjectDomainName">-</Data>
<Data Name="SubjectLogonId">0x00000000000003e7</Data>
<Data Name="NewProcessId">0x0000000000000298</Data>
<Data Name="NewProcessName">C:\Windows\System32\lsass.exe</Data>
<Data Name="TokenElevationType">%%1936</Data>
<Data Name="ProcessId">0x0000000000000220</Data>
<Data Name="CommandLine"></Data>
<Data Name="TargetUserSid">S-1-0-0</Data>
<Data Name="TargetUserName">-</Data>
<Data Name="TargetDomainName">-</Data>
<Data Name="TargetLogonId">0x0000000000000000</Data>
<Data Name="ParentProcessName">C:\Windows\System32\wininit.exe</Data>
<Data Name="MandatoryLabel">S-1-16-16384</Data>
</EventData>
</Event>

<Event xmlns="http://schemas.microsoft.com/win/2004/08/events/event"><System><Provider Name="Microsoft-Windows-Security-Auditing" Guid="{54849625-5478-4994-a5ba-3e3b0328c30d}"></Provider>
<EventID Qualifiers="">4608</EventID>
<Version>0</Version>
<Level>0</Level>
<Task>12288</Task>
<Opcode>0</Opcode>
<Keywords>0x8020000000000000</Keywords>
<TimeCreated SystemTime="2018-09-10 12:19:20.666727"></TimeCreated>
<EventRecordID>231725</EventRecordID>
<Correlation ActivityID="" RelatedActivityID=""></Correlation>
<Execution ProcessID="664" ThreadID="668"></Execution>
<Channel>Security</Channel>
<Computer>WIN-KCON-EXCH16.EM.KRINGLECON.COM</Computer>
<Security UserID=""></Security>
</System>
<EventData></EventData>
</Event>

<Event xmlns="http://schemas.microsoft.com/win/2004/08/events/event"><System><Provider Name="Microsoft-Windows-Security-Auditing" Guid="{54849625-5478-4994-a5ba-3e3b0328c30d}"></Provider>
<EventID Qualifiers="">4624</EventID>
<Version>2</Version>
<Level>0</Level>
<Task>12544</Task>
<Opcode>0</Opcode>
<Keywords>0x8020000000000000</Keywords>
<TimeCreated SystemTime="2018-09-10 12:19:20.695601"></TimeCreated>
<EventRecordID>231726</EventRecordID>
<Correlation ActivityID="" RelatedActivityID=""></Correlation>
<Execution ProcessID="664" ThreadID="668"></Execution>
<Channel>Security</Channel>
<Computer>WIN-KCON-EXCH16.EM.KRINGLECON.COM</Computer>
<Security UserID=""></Security>
</System>
<EventData><Data Name="SubjectUserSid">S-1-0-0</Data>
<Data Name="SubjectUserName">-</Data>
<Data Name="SubjectDomainName">-</Data>
<Data Name="SubjectLogonId">0x0000000000000000</Data>
<Data Name="TargetUserSid">S-1-5-18</Data>
<Data Name="TargetUserName">SYSTEM</Data>
<Data Name="TargetDomainName">NT AUTHORITY</Data>
<Data Name="TargetLogonId">0x00000000000003e7</Data>
<Data Name="LogonType">0</Data>
<Data Name="LogonProcessName">-</Data>
<Data Name="AuthenticationPackageName">-</Data>
<Data Name="WorkstationName">-</Data>
<Data Name="LogonGuid">{00000000-0000-0000-0000-000000000000}</Data>
<Data Name="TransmittedServices">-</Data>
<Data Name="LmPackageName">-</Data>
<Data Name="KeyLength">0</Data>
<Data Name="ProcessId">0x0000000000000004</Data>
<Data Name="ProcessName"></Data>
<Data Name="IpAddress">-</Data>
<Data Name="IpPort">-</Data>
<Data Name="ImpersonationLevel">-</Data>
<Data Name="RestrictedAdminMode">-</Data>
<Data Name="TargetOutboundUserName">-</Data>
<Data Name="TargetOutboundDomainName">-</Data>
<Data Name="VirtualAccount">%%1843</Data>
<Data Name="TargetLinkedLogonId">0x0000000000000000</Data>
<Data Name="ElevatedToken">%%1842</Data>
</EventData>
</Event>

<Event xmlns="http://schemas.microsoft.com/win/2004/08/events/event"><System><Provider Name="Microsoft-Windows-Security-Auditing" Guid="{54849625-5478-4994-a5ba-3e3b0328c30d}"></Provider>
<EventID Qualifiers="">4902</EventID>
<Version>0</Version>
<Level>0</Level>
<Task>13568</Task>
<Opcode>0</Opcode>
<Keywords>0x8020000000000000</Keywords>
<TimeCreated SystemTime="2018-09-10 12:19:22.107700"></TimeCreated>
<EventRecordID>231727</EventRecordID>
<Correlation ActivityID="" RelatedActivityID=""></Correlation>
<Execution ProcessID="664" ThreadID="728"></Execution>
<Channel>Security</Channel>
<Computer>WIN-KCON-EXCH16.EM.KRINGLECON.COM</Computer>
<Security UserID=""></Security>
</System>
<EventData><Data Name="PuaCount">0</Data>
<Data Name="PuaPolicyId">0x000000000000a4c0</Data>
</EventData>
</Event>

<Event xmlns="http://schemas.microsoft.com/win/2004/08/events/event"><System><Provider Name="Microsoft-Windows-Security-Auditing" Guid="{54849625-5478-4994-a5ba-3e3b0328c30d}"></Provider>
<EventID Qualifiers="">4624</EventID>
<Version>2</Version>
<Level>0</Level>
<Task>12544</Task>
<Opcode>0</Opcode>
<Keywords>0x8020000000000000</Keywords>
<TimeCreated SystemTime="2018-09-10 12:19:26.537086"></TimeCreated>
<EventRecordID>231728</EventRecordID>
<Correlation ActivityID="" RelatedActivityID=""></Correlation>
<Execution ProcessID="664" ThreadID="720"></Execution>
<Channel>Security</Channel>
<Computer>WIN-KCON-EXCH16.EM.KRINGLECON.COM</Computer>
<Security UserID=""></Security>
</System>
<EventData><Data Name="SubjectUserSid">S-1-5-18</Data>
<Data Name="SubjectUserName">WIN-KCON-EXCH16$</Data>
<Data Name="SubjectDomainName">EM.KRINGLECON</Data>
<Data Name="SubjectLogonId">0x00000000000003e7</Data>
<Data Name="TargetUserSid">S-1-5-18</Data>
<Data Name="TargetUserName">SYSTEM</Data>
<Data Name="TargetDomainName">NT AUTHORITY</Data>
<Data Name="TargetLogonId">0x00000000000003e7</Data>
<Data Name="LogonType">5</Data>
<Data Name="LogonProcessName">Advapi  </Data>
<Data Name="AuthenticationPackageName">Negotiate</Data>
<Data Name="WorkstationName">-</Data>
<Data Name="LogonGuid">{00000000-0000-0000-0000-000000000000}</Data>
<Data Name="TransmittedServices">-</Data>
<Data Name="LmPackageName">-</Data>
<Data Name="KeyLength">0</Data>
<Data Name="ProcessId">0x0000000000000290</Data>
<Data Name="ProcessName">C:\Windows\System32\services.exe</Data>
<Data Name="IpAddress">-</Data>
<Data Name="IpPort">-</Data>
<Data Name="ImpersonationLevel">%%1833</Data>
<Data Name="RestrictedAdminMode">-</Data>
<Data Name="TargetOutboundUserName">-</Data>
<Data Name="TargetOutboundDomainName">-</Data>
<Data Name="VirtualAccount">%%1843</Data>
<Data Name="TargetLinkedLogonId">0x0000000000000000</Data>
<Data Name="ElevatedToken">%%1842</Data>
</EventData>
</Event>

<Event xmlns="http://schemas.microsoft.com/win/2004/08/events/event"><System><Provider Name="Microsoft-Windows-Security-Auditing" Guid="{54849625-5478-4994-a5ba-3e3b0328c30d}"></Provider>
<EventID Qualifiers="">4624</EventID>
<Version>2</Version>
<Level>0</Level>
<Task>12544</Task>
<Opcode>0</Opcode>
<Keywords>0x8020000000000000</Keywords>
<TimeCreated SystemTime="2018-09-10 12:19:27.024366"></TimeCreated>
<EventRecordID>231730</EventRecordID>
<Correlation ActivityID="" RelatedActivityID=""></Correlation>
<Execution ProcessID="664" ThreadID="720"></Execution>
<Channel>Security</Channel>
<Computer>WIN-KCON-EXCH16.EM.KRINGLECON.COM</Computer>
<Security UserID=""></Security>
</System>
<EventData><Data Name="SubjectUserSid">S-1-5-18</Data>
<Data Name="SubjectUserName">WIN-KCON-EXCH16$</Data>
<Data Name="SubjectDomainName">EM.KRINGLECON</Data>
<Data Name="SubjectLogonId">0x00000000000003e7</Data>
<Data Name="TargetUserSid">S-1-5-20</Data>
<Data Name="TargetUserName">NETWORK SERVICE</Data>
<Data Name="TargetDomainName">NT AUTHORITY</Data>
<Data Name="TargetLogonId">0x00000000000003e4</Data>
<Data Name="LogonType">5</Data>
<Data Name="LogonProcessName">Advapi  </Data>
<Data Name="AuthenticationPackageName">Negotiate</Data>
<Data Name="WorkstationName">-</Data>
<Data Name="LogonGuid">{00000000-0000-0000-0000-000000000000}</Data>
<Data Name="TransmittedServices">-</Data>
<Data Name="LmPackageName">-</Data>
<Data Name="KeyLength">0</Data>
<Data Name="ProcessId">0x0000000000000290</Data>
<Data Name="ProcessName">C:\Windows\System32\services.exe</Data>
<Data Name="IpAddress">-</Data>
<Data Name="IpPort">-</Data>
<Data Name="ImpersonationLevel">%%1833</Data>
<Data Name="RestrictedAdminMode">-</Data>
<Data Name="TargetOutboundUserName">-</Data>
<Data Name="TargetOutboundDomainName">-</Data>
<Data Name="VirtualAccount">%%1843</Data>
<Data Name="TargetLinkedLogonId">0x0000000000000000</Data>
<Data Name="ElevatedToken">%%1842</Data>
</EventData>
</Event>

<Event xmlns="http://schemas.microsoft.com/win/2004/08/events/event"><System><Provider Name="Microsoft-Windows-Security-Auditing" Guid="{54849625-5478-4994-a5ba-3e3b0328c30d}"></Provider>
<EventID Qualifiers="">4624</EventID>
<Version>2</Version>
<Level>0</Level>
<Task>12544</Task>
<Opcode>0</Opcode>
<Keywords>0x8020000000000000</Keywords>
<TimeCreated SystemTime="2018-09-10 12:19:28.078331"></TimeCreated>
<EventRecordID>231733</EventRecordID>
<Correlation ActivityID="" RelatedActivityID=""></Correlation>
<Execution ProcessID="664" ThreadID="720"></Execution>
<Channel>Security</Channel>
<Computer>WIN-KCON-EXCH16.EM.KRINGLECON.COM</Computer>
<Security UserID=""></Security>
</System>
<EventData><Data Name="SubjectUserSid">S-1-5-18</Data>
<Data Name="SubjectUserName">WIN-KCON-EXCH16$</Data>
<Data Name="SubjectDomainName">EM.KRINGLECON</Data>
<Data Name="SubjectLogonId">0x00000000000003e7</Data>
<Data Name="TargetUserSid">S-1-5-90-0-1</Data>
<Data Name="TargetUserName">DWM-1</Data>
<Data Name="TargetDomainName">Window Manager</Data>
<Data Name="TargetLogonId">0x00000000000101f4</Data>
<Data Name="LogonType">2</Data>
<Data Name="LogonProcessName">Advapi  </Data>
<Data Name="AuthenticationPackageName">Negotiate</Data>
<Data Name="WorkstationName">-</Data>
<Data Name="LogonGuid">{00000000-0000-0000-0000-000000000000}</Data>
<Data Name="TransmittedServices">-</Data>
<Data Name="LmPackageName">-</Data>
<Data Name="KeyLength">0</Data>
<Data Name="ProcessId">0x0000000000000244</Data>
<Data Name="ProcessName">C:\Windows\System32\winlogon.exe</Data>
<Data Name="IpAddress">-</Data>
<Data Name="IpPort">-</Data>
<Data Name="ImpersonationLevel">%%1833</Data>
<Data Name="RestrictedAdminMode">-</Data>
<Data Name="TargetOutboundUserName">-</Data>
<Data Name="TargetOutboundDomainName">-</Data>
<Data Name="VirtualAccount">%%1842</Data>
<Data Name="TargetLinkedLogonId">0x000000000001021b</Data>
<Data Name="ElevatedToken">%%1842</Data>
</EventData>
</Event>

<Event xmlns="http://schemas.microsoft.com/win/2004/08/events/event"><System><Provider Name="Microsoft-Windows-Security-Auditing" Guid="{54849625-5478-4994-a5ba-3e3b0328c30d}"></Provider>
<EventID Qualifiers="">4624</EventID>
<Version>2</Version>
<Level>0</Level>
<Task>12544</Task>
<Opcode>0</Opcode>
<Keywords>0x8020000000000000</Keywords>
<TimeCreated SystemTime="2018-09-10 12:19:28.078342"></TimeCreated>
<EventRecordID>231734</EventRecordID>
<Correlation ActivityID="" RelatedActivityID=""></Correlation>
<Execution ProcessID="664" ThreadID="720"></Execution>
<Channel>Security</Channel>
<Computer>WIN-KCON-EXCH16.EM.KRINGLECON.COM</Computer>
<Security UserID=""></Security>
</System>
<EventData><Data Name="SubjectUserSid">S-1-5-18</Data>
<Data Name="SubjectUserName">WIN-KCON-EXCH16$</Data>
<Data Name="SubjectDomainName">EM.KRINGLECON</Data>
<Data Name="SubjectLogonId">0x00000000000003e7</Data>
<Data Name="TargetUserSid">S-1-5-90-0-1</Data>
<Data Name="TargetUserName">DWM-1</Data>
<Data Name="TargetDomainName">Window Manager</Data>
<Data Name="TargetLogonId">0x000000000001021b</Data>
<Data Name="LogonType">2</Data>
<Data Name="LogonProcessName">Advapi  </Data>
<Data Name="AuthenticationPackageName">Negotiate</Data>
<Data Name="WorkstationName">-</Data>
<Data Name="LogonGuid">{00000000-0000-0000-0000-000000000000}</Data>
<Data Name="TransmittedServices">-</Data>
<Data Name="LmPackageName">-</Data>
<Data Name="KeyLength">0</Data>
<Data Name="ProcessId">0x0000000000000244</Data>
<Data Name="ProcessName">C:\Windows\System32\winlogon.exe</Data>
<Data Name="IpAddress">-</Data>
<Data Name="IpPort">-</Data>
<Data Name="ImpersonationLevel">%%1833</Data>
<Data Name="RestrictedAdminMode">-</Data>
<Data Name="TargetOutboundUserName">-</Data>
<Data Name="TargetOutboundDomainName">-</Data>
<Data Name="VirtualAccount">%%1842</Data>
<Data Name="TargetLinkedLogonId">0x00000000000101f4</Data>
<Data Name="ElevatedToken">%%1843</Data>
</EventData>
</Event>

<Event xmlns="http://schemas.microsoft.com/win/2004/08/events/event"><System><Provider Name="Microsoft-Windows-Security-Auditing" Guid="{54849625-5478-4994-a5ba-3e3b0328c30d}"></Provider>
<EventID Qualifiers="">4624</EventID>
<Version>2</Version>
<Level>0</Level>
<Task>12544</Task>
<Opcode>0</Opcode>
<Keywords>0x8020000000000000</Keywords>
<TimeCreated SystemTime="2018-09-10 12:19:28.129284"></TimeCreated>
<EventRecordID>231736</EventRecordID>
<Correlation ActivityID="" RelatedActivityID=""></Correlation>
<Execution ProcessID="664" ThreadID="720"></Execution>
<Channel>Security</Channel>
<Computer>WIN-KCON-EXCH16.EM.KRINGLECON.COM</Computer>
<Security UserID=""></Security>
</System>
<EventData><Data Name="SubjectUserSid">S-1-5-18</Data>
<Data Name="SubjectUserName">WIN-KCON-EXCH16$</Data>
<Data Name="SubjectDomainName">EM.KRINGLECON</Data>
<Data Name="SubjectLogonId">0x00000000000003e7</Data>
<Data Name="TargetUserSid">S-1-5-18</Data>
<Data Name="TargetUserName">SYSTEM</Data>
<Data Name="TargetDomainName">NT AUTHORITY</Data>
<Data Name="TargetLogonId">0x00000000000003e7</Data>
<Data Name="LogonType">5</Data>
<Data Name="LogonProcessName">Advapi  </Data>
<Data Name="AuthenticationPackageName">Negotiate</Data>
<Data Name="WorkstationName">-</Data>
<Data Name="LogonGuid">{00000000-0000-0000-0000-000000000000}</Data>
<Data Name="TransmittedServices">-</Data>
<Data Name="LmPackageName">-</Data>
<Data Name="KeyLength">0</Data>
<Data Name="ProcessId">0x0000000000000290</Data>
<Data Name="ProcessName">C:\Windows\System32\services.exe</Data>
<Data Name="IpAddress">-</Data>
<Data Name="IpPort">-</Data>
<Data Name="ImpersonationLevel">%%1833</Data>
<Data Name="RestrictedAdminMode">-</Data>
<Data Name="TargetOutboundUserName">-</Data>
<Data Name="TargetOutboundDomainName">-</Data>
<Data Name="VirtualAccount">%%1843</Data>
<Data Name="TargetLinkedLogonId">0x0000000000000000</Data>
<Data Name="ElevatedToken">%%1842</Data>
</EventData>
</Event>

<Event xmlns="http://schemas.microsoft.com/win/2004/08/events/event"><System><Provider Name="Microsoft-Windows-Security-Auditing" Guid="{54849625-5478-4994-a5ba-3e3b0328c30d}"></Provider>
<EventID Qualifiers="">4624</EventID>
<Version>2</Version>
<Level>0</Level>
<Task>12544</Task>
<Opcode>0</Opcode>
<Keywords>0x8020000000000000</Keywords>
<TimeCreated SystemTime="2018-09-10 12:19:28.162506"></TimeCreated>
<EventRecordID>231738</EventRecordID>
<Correlation ActivityID="" RelatedActivityID=""></Correlation>
<Execution ProcessID="664" ThreadID="720"></Execution>
<Channel>Security</Channel>
<Computer>WIN-KCON-EXCH16.EM.KRINGLECON.COM</Computer>
<Security UserID=""></Security>
</System>
<EventData><Data Name="SubjectUserSid">S-1-5-18</Data>
<Data Name="SubjectUserName">WIN-KCON-EXCH16$</Data>
<Data Name="SubjectDomainName">EM.KRINGLECON</Data>
<Data Name="SubjectLogonId">0x00000000000003e7</Data>
<Data Name="TargetUserSid">S-1-5-19</Data>
<Data Name="TargetUserName">LOCAL SERVICE</Data>
<Data Name="TargetDomainName">NT AUTHORITY</Data>
<Data Name="TargetLogonId">0x00000000000003e5</Data>
<Data Name="LogonType">5</Data>
<Data Name="LogonProcessName">Advapi  </Data>
<Data Name="AuthenticationPackageName">Negotiate</Data>
<Data Name="WorkstationName">-</Data>
<Data Name="LogonGuid">{00000000-0000-0000-0000-000000000000}</Data>
<Data Name="TransmittedServices">-</Data>
<Data Name="LmPackageName">-</Data>
<Data Name="KeyLength">0</Data>
<Data Name="ProcessId">0x0000000000000290</Data>
<Data Name="ProcessName">C:\Windows\System32\services.exe</Data>
<Data Name="IpAddress">-</Data>
<Data Name="IpPort">-</Data>
<Data Name="ImpersonationLevel">%%1833</Data>
<Data Name="RestrictedAdminMode">-</Data>
<Data Name="TargetOutboundUserName">-</Data>
<Data Name="TargetOutboundDomainName">-</Data>
<Data Name="VirtualAccount">%%1843</Data>
<Data Name="TargetLinkedLogonId">0x0000000000000000</Data>
<Data Name="ElevatedToken">%%1842</Data>
</EventData>
</Event>

<Event xmlns="http://schemas.microsoft.com/win/2004/08/events/event"><System><Provider Name="Microsoft-Windows-Security-Auditing" Guid="{54849625-5478-4994-a5ba-3e3b0328c30d}"></Provider>
<EventID Qualifiers="">4624</EventID>
<Version>2</Version>
<Level>0</Level>
<Task>12544</Task>
<Opcode>0</Opcode>
<Keywords>0x8020000000000000</Keywords>
<TimeCreated SystemTime="2018-09-10 12:19:28.185242"></TimeCreated>
<EventRecordID>231740</EventRecordID>
<Correlation ActivityID="" RelatedActivityID=""></Correlation>
<Execution ProcessID="664" ThreadID="720"></Execution>
<Channel>Security</Channel>
<Computer>WIN-KCON-EXCH16.EM.KRINGLECON.COM</Computer>
<Security UserID=""></Security>
</System>
<EventData><Data Name="SubjectUserSid">S-1-5-18</Data>
<Data Name="SubjectUserName">WIN-KCON-EXCH16$</Data>
<Data Name="SubjectDomainName">EM.KRINGLECON</Data>
<Data Name="SubjectLogonId">0x00000000000003e7</Data>
<Data Name="TargetUserSid">S-1-5-18</Data>
<Data Name="TargetUserName">SYSTEM</Data>
<Data Name="TargetDomainName">NT AUTHORITY</Data>
<Data Name="TargetLogonId">0x00000000000003e7</Data>
<Data Name="LogonType">5</Data>
<Data Name="LogonProcessName">Advapi  </Data>
<Data Name="AuthenticationPackageName">Negotiate</Data>
<Data Name="WorkstationName">-</Data>
<Data Name="LogonGuid">{00000000-0000-0000-0000-000000000000}</Data>
<Data Name="TransmittedServices">-</Data>
<Data Name="LmPackageName">-</Data>
<Data Name="KeyLength">0</Data>
<Data Name="ProcessId">0x0000000000000290</Data>
<Data Name="ProcessName">C:\Windows\System32\services.exe</Data>
<Data Name="IpAddress">-</Data>
<Data Name="IpPort">-</Data>
<Data Name="ImpersonationLevel">%%1833</Data>
<Data Name="RestrictedAdminMode">-</Data>
<Data Name="TargetOutboundUserName">-</Data>
<Data Name="TargetOutboundDomainName">-</Data>
<Data Name="VirtualAccount">%%1843</Data>
<Data Name="TargetLinkedLogonId">0x0000000000000000</Data>
<Data Name="ElevatedToken">%%1842</Data>
</EventData>
</Event>

<Event xmlns="http://schemas.microsoft.com/win/2004/08/events/event"><System><Provider Name="Microsoft-Windows-Security-Auditing" Guid="{54849625-5478-4994-a5ba-3e3b0328c30d}"></Provider>
<EventID Qualifiers="">5033</EventID>
<Version>0</Version>
<Level>0</Level>
<Task>12292</Task>
<Opcode>0</Opcode>
<Keywords>0x8020000000000000</Keywords>
<TimeCreated SystemTime="2018-09-10 12:19:41.590481"></TimeCreated>
<EventRecordID>231742</EventRecordID>
<Correlation ActivityID="" RelatedActivityID=""></Correlation>
<Execution ProcessID="4" ThreadID="292"></Execution>
<Channel>Security</Channel>
<Computer>WIN-KCON-EXCH16.EM.KRINGLECON.COM</Computer>
<Security UserID=""></Security>
</System>
<EventData></EventData>
</Event>

<Event xmlns="http://schemas.microsoft.com/win/2004/08/events/event"><System><Provider Name="Microsoft-Windows-Security-Auditing" Guid="{54849625-5478-4994-a5ba-3e3b0328c30d}"></Provider>
<EventID Qualifiers="">4624</EventID>
<Version>2</Version>
<Level>0</Level>
<Task>12544</Task>
<Opcode>0</Opcode>
<Keywords>0x8020000000000000</Keywords>
<TimeCreated SystemTime="2018-09-10 12:19:43.006239"></TimeCreated>
<EventRecordID>231743</EventRecordID>
<Correlation ActivityID="" RelatedActivityID=""></Correlation>
<Execution ProcessID="664" ThreadID="720"></Execution>
<Channel>Security</Channel>
<Computer>WIN-KCON-EXCH16.EM.KRINGLECON.COM</Computer>
<Security UserID=""></Security>
</System>
<EventData><Data Name="SubjectUserSid">S-1-5-18</Data>
<Data Name="SubjectUserName">WIN-KCON-EXCH16$</Data>
<Data Name="SubjectDomainName">EM.KRINGLECON</Data>
<Data Name="SubjectLogonId">0x00000000000003e7</Data>
<Data Name="TargetUserSid">S-1-5-18</Data>
<Data Name="TargetUserName">SYSTEM</Data>
<Data Name="TargetDomainName">NT AUTHORITY</Data>
<Data Name="TargetLogonId">0x00000000000003e7</Data>
<Data Name="LogonType">5</Data>
<Data Name="LogonProcessName">Advapi  </Data>
<Data Name="AuthenticationPackageName">Negotiate</Data>
<Data Name="WorkstationName">-</Data>
<Data Name="LogonGuid">{00000000-0000-0000-0000-000000000000}</Data>
<Data Name="TransmittedServices">-</Data>
<Data Name="LmPackageName">-</Data>
<Data Name="KeyLength">0</Data>
<Data Name="ProcessId">0x0000000000000290</Data>
<Data Name="ProcessName">C:\Windows\System32\services.exe</Data>
<Data Name="IpAddress">-</Data>
<Data Name="IpPort">-</Data>
<Data Name="ImpersonationLevel">%%1833</Data>
<Data Name="RestrictedAdminMode">-</Data>
<Data Name="TargetOutboundUserName">-</Data>
<Data Name="TargetOutboundDomainName">-</Data>
<Data Name="VirtualAccount">%%1843</Data>
<Data Name="TargetLinkedLogonId">0x0000000000000000</Data>
<Data Name="ElevatedToken">%%1842</Data>
</EventData>
</Event>

<Event xmlns="http://schemas.microsoft.com/win/2004/08/events/event"><System><Provider Name="Microsoft-Windows-Security-Auditing" Guid="{54849625-5478-4994-a5ba-3e3b0328c30d}"></Provider>
<EventID Qualifiers="">4799</EventID>
<Version>0</Version>
<Level>0</Level>
<Task>13826</Task>
<Opcode>0</Opcode>
<Keywords>0x8020000000000000</Keywords>
<TimeCreated SystemTime="2018-09-10 12:19:43.857695"></TimeCreated>
<EventRecordID>231745</EventRecordID>
<Correlation ActivityID="" RelatedActivityID=""></Correlation>
<Execution ProcessID="664" ThreadID="720"></Execution>
<Channel>Security</Channel>
<Computer>WIN-KCON-EXCH16.EM.KRINGLECON.COM</Computer>
<Security UserID=""></Security>
</System>
<EventData><Data Name="TargetUserName">Administrators</Data>
<Data Name="TargetDomainName">Builtin</Data>
<Data Name="TargetSid">S-1-5-32-544</Data>
<Data Name="SubjectUserSid">S-1-5-18</Data>
<Data Name="SubjectUserName">WIN-KCON-EXCH16$</Data>
<Data Name="SubjectDomainName">EM.KRINGLECON</Data>
<Data Name="SubjectLogonId">0x00000000000003e7</Data>
<Data Name="CallerProcessId">0x0000000000000298</Data>
<Data Name="CallerProcessName">C:\Windows\System32\lsass.exe</Data>
</EventData>
</Event>

<Event xmlns="http://schemas.microsoft.com/win/2004/08/events/event"><System><Provider Name="Microsoft-Windows-Security-Auditing" Guid="{54849625-5478-4994-a5ba-3e3b0328c30d}"></Provider>
<EventID Qualifiers="">4799</EventID>
<Version>0</Version>
<Level>0</Level>
<Task>13826</Task>
<Opcode>0</Opcode>
<Keywords>0x8020000000000000</Keywords>
<TimeCreated SystemTime="2018-09-10 12:19:43.911724"></TimeCreated>
<EventRecordID>231746</EventRecordID>
<Correlation ActivityID="" RelatedActivityID=""></Correlation>
<Execution ProcessID="664" ThreadID="720"></Execution>
<Channel>Security</Channel>
<Computer>WIN-KCON-EXCH16.EM.KRINGLECON.COM</Computer>
<Security UserID=""></Security>
</System>
<EventData><Data Name="TargetUserName">Backup Operators</Data>
<Data Name="TargetDomainName">Builtin</Data>
<Data Name="TargetSid">S-1-5-32-551</Data>
<Data Name="SubjectUserSid">S-1-5-18</Data>
<Data Name="SubjectUserName">WIN-KCON-EXCH16$</Data>
<Data Name="SubjectDomainName">EM.KRINGLECON</Data>
<Data Name="SubjectLogonId">0x00000000000003e7</Data>
<Data Name="CallerProcessId">0x0000000000000298</Data>
<Data Name="CallerProcessName">C:\Windows\System32\lsass.exe</Data>
</EventData>
</Event>

<Event xmlns="http://schemas.microsoft.com/win/2004/08/events/event"><System><Provider Name="Microsoft-Windows-Security-Auditing" Guid="{54849625-5478-4994-a5ba-3e3b0328c30d}"></Provider>
<EventID Qualifiers="">5024</EventID>
<Version>0</Version>
<Level>0</Level>
<Task>12292</Task>
<Opcode>0</Opcode>
<Keywords>0x8020000000000000</Keywords>
<TimeCreated SystemTime="2018-09-10 12:19:47.694918"></TimeCreated>
<EventRecordID>231747</EventRecordID>
<Correlation ActivityID="{71a9b66f-4900-0001-a8b6-a9710049d401}" RelatedActivityID=""></Correlation>
<Execution ProcessID="664" ThreadID="712"></Execution>
<Channel>Security</Channel>
<Computer>WIN-KCON-EXCH16.EM.KRINGLECON.COM</Computer>
<Security UserID=""></Security>
</System>
<EventData></EventData>
</Event>

<Event xmlns="http://schemas.microsoft.com/win/2004/08/events/event"><System><Provider Name="Microsoft-Windows-Security-Auditing" Guid="{54849625-5478-4994-a5ba-3e3b0328c30d}"></Provider>
<EventID Qualifiers="">4624</EventID>
<Version>2</Version>
<Level>0</Level>
<Task>12544</Task>
<Opcode>0</Opcode>
<Keywords>0x8020000000000000</Keywords>
<TimeCreated SystemTime="2018-09-10 12:19:47.959492"></TimeCreated>
<EventRecordID>231748</EventRecordID>
<Correlation ActivityID="" RelatedActivityID=""></Correlation>
<Execution ProcessID="664" ThreadID="712"></Execution>
<Channel>Security</Channel>
<Computer>WIN-KCON-EXCH16.EM.KRINGLECON.COM</Computer>
<Security UserID=""></Security>
</System>
<EventData><Data Name="SubjectUserSid">S-1-5-18</Data>
<Data Name="SubjectUserName">WIN-KCON-EXCH16$</Data>
<Data Name="SubjectDomainName">EM.KRINGLECON</Data>
<Data Name="SubjectLogonId">0x00000000000003e7</Data>
<Data Name="TargetUserSid">S-1-5-18</Data>
<Data Name="TargetUserName">SYSTEM</Data>
<Data Name="TargetDomainName">NT AUTHORITY</Data>
<Data Name="TargetLogonId">0x00000000000003e7</Data>
<Data Name="LogonType">5</Data>
<Data Name="LogonProcessName">Advapi  </Data>
<Data Name="AuthenticationPackageName">Negotiate</Data>
<Data Name="WorkstationName">-</Data>
<Data Name="LogonGuid">{00000000-0000-0000-0000-000000000000}</Data>
<Data Name="TransmittedServices">-</Data>
<Data Name="LmPackageName">-</Data>
<Data Name="KeyLength">0</Data>
<Data Name="ProcessId">0x0000000000000290</Data>
<Data Name="ProcessName">C:\Windows\System32\services.exe</Data>
<Data Name="IpAddress">-</Data>
<Data Name="IpPort">-</Data>
<Data Name="ImpersonationLevel">%%1833</Data>
<Data Name="RestrictedAdminMode">-</Data>
<Data Name="TargetOutboundUserName">-</Data>
<Data Name="TargetOutboundDomainName">-</Data>
<Data Name="VirtualAccount">%%1843</Data>
<Data Name="TargetLinkedLogonId">0x0000000000000000</Data>
<Data Name="ElevatedToken">%%1842</Data>
</EventData>
</Event>

<Event xmlns="http://schemas.microsoft.com/win/2004/08/events/event"><System><Provider Name="Microsoft-Windows-Security-Auditing" Guid="{54849625-5478-4994-a5ba-3e3b0328c30d}"></Provider>
<EventID Qualifiers="">4624</EventID>
<Version>2</Version>
<Level>0</Level>
<Task>12544</Task>
<Opcode>0</Opcode>
<Keywords>0x8020000000000000</Keywords>
<TimeCreated SystemTime="2018-09-10 12:19:48.140469"></TimeCreated>
<EventRecordID>231750</EventRecordID>
<Correlation ActivityID="" RelatedActivityID=""></Correlation>
<Execution ProcessID="664" ThreadID="712"></Execution>
<Channel>Security</Channel>
<Computer>WIN-KCON-EXCH16.EM.KRINGLECON.COM</Computer>
<Security UserID=""></Security>
</System>
<EventData><Data Name="SubjectUserSid">S-1-5-18</Data>
<Data Name="SubjectUserName">WIN-KCON-EXCH16$</Data>
<Data Name="SubjectDomainName">EM.KRINGLECON</Data>
<Data Name="SubjectLogonId">0x00000000000003e7</Data>
<Data Name="TargetUserSid">S-1-5-18</Data>
<Data Name="TargetUserName">SYSTEM</Data>
<Data Name="TargetDomainName">NT AUTHORITY</Data>
<Data Name="TargetLogonId">0x00000000000003e7</Data>
<Data Name="LogonType">5</Data>
<Data Name="LogonProcessName">Advapi  </Data>
<Data Name="AuthenticationPackageName">Negotiate</Data>
<Data Name="WorkstationName">-</Data>
<Data Name="LogonGuid">{00000000-0000-0000-0000-000000000000}</Data>
<Data Name="TransmittedServices">-</Data>
<Data Name="LmPackageName">-</Data>
<Data Name="KeyLength">0</Data>
<Data Name="ProcessId">0x0000000000000290</Data>
<Data Name="ProcessName">C:\Windows\System32\services.exe</Data>
<Data Name="IpAddress">-</Data>
<Data Name="IpPort">-</Data>
<Data Name="ImpersonationLevel">%%1833</Data>
<Data Name="RestrictedAdminMode">-</Data>
<Data Name="TargetOutboundUserName">-</Data>
<Data Name="TargetOutboundDomainName">-</Data>
<Data Name="VirtualAccount">%%1843</Data>
<Data Name="TargetLinkedLogonId">0x0000000000000000</Data>
<Data Name="ElevatedToken">%%1842</Data>
</EventData>
</Event>

<Event xmlns="http://schemas.microsoft.com/win/2004/08/events/event"><System><Provider Name="Microsoft-Windows-Security-Auditing" Guid="{54849625-5478-4994-a5ba-3e3b0328c30d}"></Provider>
<EventID Qualifiers="">4624</EventID>
<Version>2</Version>
<Level>0</Level>
<Task>12544</Task>
<Opcode>0</Opcode>
<Keywords>0x8020000000000000</Keywords>
<TimeCreated SystemTime="2018-09-10 12:19:48.140619"></TimeCreated>
<EventRecordID>231752</EventRecordID>
<Correlation ActivityID="" RelatedActivityID=""></Correlation>
<Execution ProcessID="664" ThreadID="720"></Execution>
<Channel>Security</Channel>
<Computer>WIN-KCON-EXCH16.EM.KRINGLECON.COM</Computer>
<Security UserID=""></Security>
</System>
<EventData><Data Name="SubjectUserSid">S-1-5-18</Data>
<Data Name="SubjectUserName">WIN-KCON-EXCH16$</Data>
<Data Name="SubjectDomainName">EM.KRINGLECON</Data>
<Data Name="SubjectLogonId">0x00000000000003e7</Data>
<Data Name="TargetUserSid">S-1-5-18</Data>
<Data Name="TargetUserName">SYSTEM</Data>
<Data Name="TargetDomainName">NT AUTHORITY</Data>
<Data Name="TargetLogonId">0x00000000000003e7</Data>
<Data Name="LogonType">5</Data>
<Data Name="LogonProcessName">Advapi  </Data>
<Data Name="AuthenticationPackageName">Negotiate</Data>
<Data Name="WorkstationName">-</Data>
<Data Name="LogonGuid">{00000000-0000-0000-0000-000000000000}</Data>
<Data Name="TransmittedServices">-</Data>
<Data Name="LmPackageName">-</Data>
<Data Name="KeyLength">0</Data>
<Data Name="ProcessId">0x0000000000000290</Data>
<Data Name="ProcessName">C:\Windows\System32\services.exe</Data>
<Data Name="IpAddress">-</Data>
<Data Name="IpPort">-</Data>
<Data Name="ImpersonationLevel">%%1833</Data>
<Data Name="RestrictedAdminMode">-</Data>
<Data Name="TargetOutboundUserName">-</Data>
<Data Name="TargetOutboundDomainName">-</Data>
<Data Name="VirtualAccount">%%1843</Data>
<Data Name="TargetLinkedLogonId">0x0000000000000000</Data>
<Data Name="ElevatedToken">%%1842</Data>
</EventData>
</Event>

<Event xmlns="http://schemas.microsoft.com/win/2004/08/events/event"><System><Provider Name="Microsoft-Windows-Security-Auditing" Guid="{54849625-5478-4994-a5ba-3e3b0328c30d}"></Provider>
<EventID Qualifiers="">4624</EventID>
<Version>2</Version>
<Level>0</Level>
<Task>12544</Task>
<Opcode>0</Opcode>
<Keywords>0x8020000000000000</Keywords>
<TimeCreated SystemTime="2018-09-10 12:19:48.140799"></TimeCreated>
<EventRecordID>231754</EventRecordID>
<Correlation ActivityID="" RelatedActivityID=""></Correlation>
<Execution ProcessID="664" ThreadID="848"></Execution>
<Channel>Security</Channel>
<Computer>WIN-KCON-EXCH16.EM.KRINGLECON.COM</Computer>
<Security UserID=""></Security>
</System>
<EventData><Data Name="SubjectUserSid">S-1-5-18</Data>
<Data Name="SubjectUserName">WIN-KCON-EXCH16$</Data>
<Data Name="SubjectDomainName">EM.KRINGLECON</Data>
<Data Name="SubjectLogonId">0x00000000000003e7</Data>
<Data Name="TargetUserSid">S-1-5-18</Data>
<Data Name="TargetUserName">SYSTEM</Data>
<Data Name="TargetDomainName">NT AUTHORITY</Data>
<Data Name="TargetLogonId">0x00000000000003e7</Data>
<Data Name="LogonType">5</Data>
<Data Name="LogonProcessName">Advapi  </Data>
<Data Name="AuthenticationPackageName">Negotiate</Data>
<Data Name="WorkstationName">-</Data>
<Data Name="LogonGuid">{00000000-0000-0000-0000-000000000000}</Data>
<Data Name="TransmittedServices">-</Data>
<Data Name="LmPackageName">-</Data>
<Data Name="KeyLength">0</Data>
<Data Name="ProcessId">0x0000000000000290</Data>
<Data Name="ProcessName">C:\Windows\System32\services.exe</Data>
<Data Name="IpAddress">-</Data>
<Data Name="IpPort">-</Data>
<Data Name="ImpersonationLevel">%%1833</Data>
<Data Name="RestrictedAdminMode">-</Data>
<Data Name="TargetOutboundUserName">-</Data>
<Data Name="TargetOutboundDomainName">-</Data>
<Data Name="VirtualAccount">%%1843</Data>
<Data Name="TargetLinkedLogonId">0x0000000000000000</Data>
<Data Name="ElevatedToken">%%1842</Data>
</EventData>
</Event>

<Event xmlns="http://schemas.microsoft.com/win/2004/08/events/event"><System><Provider Name="Microsoft-Windows-Security-Auditing" Guid="{54849625-5478-4994-a5ba-3e3b0328c30d}"></Provider>
<EventID Qualifiers="">4799</EventID>
<Version>0</Version>
<Level>0</Level>
<Task>13826</Task>
<Opcode>0</Opcode>
<Keywords>0x8020000000000000</Keywords>
<TimeCreated SystemTime="2018-09-10 12:19:48.622873"></TimeCreated>
<EventRecordID>231756</EventRecordID>
<Correlation ActivityID="" RelatedActivityID=""></Correlation>
<Execution ProcessID="664" ThreadID="848"></Execution>
<Channel>Security</Channel>
<Computer>WIN-KCON-EXCH16.EM.KRINGLECON.COM</Computer>
<Security UserID=""></Security>
</System>
<EventData><Data Name="TargetUserName">Administrators</Data>
<Data Name="TargetDomainName">Builtin</Data>
<Data Name="TargetSid">S-1-5-32-544</Data>
<Data Name="SubjectUserSid">S-1-5-20</Data>
<Data Name="SubjectUserName">WIN-KCON-EXCH16$</Data>
<Data Name="SubjectDomainName">EM.KRINGLECON</Data>
<Data Name="SubjectLogonId">0x00000000000003e4</Data>
<Data Name="CallerProcessId">0x00000000000004ec</Data>
<Data Name="CallerProcessName">C:\Windows\System32\svchost.exe</Data>
</EventData>
</Event>

