<Event xmlns="http://schemas.microsoft.com/win/2004/08/events/event"><System><Provider Name="Microsoft-Windows-Security-Auditing" Guid="{54849625-5478-4994-a5ba-3e3b0328c30d}"></Provider>
<EventID Qualifiers="">4624</EventID>
<Version>2</Version>
<Level>0</Level>
<Task>12544</Task>
<Opcode>0</Opcode>
<Keywords>0x8020000000000000</Keywords>
<TimeCreated SystemTime="2018-09-10 12:50:04.580259"></TimeCreated>
<EventRecordID>237220</EventRecordID>
<Correlation ActivityID="" RelatedActivityID=""></Correlation>
<Execution ProcessID="664" ThreadID="15648"></Execution>
<Channel>Security</Channel>
<Computer>WIN-KCON-EXCH16.EM.KRINGLECON.COM</Computer>
<Security UserID=""></Security>
</System>
<EventData><Data Name="SubjectUserSid">S-1-0-0</Data>
<Data Name="SubjectUserName">-</Data>
<Data Name="SubjectDomainName">-</Data>
<Data Name="SubjectLogonId">0x0000000000000000</Data>
<Data Name="TargetUserSid">S-1-5-21-25059752-1411454016-2901770228-1134</Data>
<Data Name="TargetUserName">HealthMailboxbe58608</Data>
<Data Name="TargetDomainName">EM.KRINGLECON</Data>
<Data Name="TargetLogonId">0x00000000009e4d84</Data>
<Data Name="LogonType">3</Data>
<Data Name="LogonProcessName">NtLmSsp </Data>
<Data Name="AuthenticationPackageName">NTLM</Data>
<Data Name="WorkstationName">WIN-KCON-EXCH16</Data>
<Data Name="LogonGuid">{00000000-0000-0000-0000-000000000000}</Data>
<Data Name="TransmittedServices">-</Data>
<Data Name="LmPackageName">NTLM V2</Data>
<Data Name="KeyLength">0</Data>
<Data Name="ProcessId">0x0000000000000000</Data>
<Data Name="ProcessName">-</Data>
<Data Name="IpAddress">fe80::3085:5155:bb47:8b3e</Data>
<Data Name="IpPort">10670</Data>
<Data Name="ImpersonationLevel">%%1833</Data>
<Data Name="RestrictedAdminMode">-</Data>
<Data Name="TargetOutboundUserName">-</Data>
<Data Name="TargetOutboundDomainName">-</Data>
<Data Name="VirtualAccount">%%1843</Data>
<Data Name="TargetLinkedLogonId">0x0000000000000000</Data>
<Data Name="ElevatedToken">%%1842</Data>
</EventData>
</Event>

<Event xmlns="http://schemas.microsoft.com/win/2004/08/events/event"><System><Provider Name="Microsoft-Windows-Security-Auditing" Guid="{54849625-5478-4994-a5ba-3e3b0328c30d}"></Provider>
<EventID Qualifiers="">4776</EventID>
<Version>0</Version>
<Level>0</Level>
<Task>14336</Task>
<Opcode>0</Opcode>
<Keywords>0x8020000000000000</Keywords>
<TimeCreated SystemTime="2018-09-10 12:50:04.630522"></TimeCreated>
<EventRecordID>237228</EventRecordID>
<Correlation ActivityID="" RelatedActivityID=""></Correlation>
<Execution ProcessID="664" ThreadID="15648"></Execution>
<Channel>Security</Channel>
<Computer>WIN-KCON-EXCH16.EM.KRINGLECON.COM</Computer>
<Security UserID=""></Security>
</System>
<EventData><Data Name="PackageName">MICROSOFT_AUTHENTICATION_PACKAGE_V1_0</Data>
<Data Name="TargetUserName">HealthMailboxbe58608d4925422d8e4ea458cfedc612@EM.KRINGLECON.COM</Data>
<Data Name="Workstation">WIN-KCON-EXCH16</Data>
<Data Name="Status">0x00000000</Data>
</EventData>
</Event>

<Event xmlns="http://schemas.microsoft.com/win/2004/08/events/event"><System><Provider Name="Microsoft-Windows-Security-Auditing" Guid="{54849625-5478-4994-a5ba-3e3b0328c30d}"></Provider>
<EventID Qualifiers="">4624</EventID>
<Version>2</Version>
<Level>0</Level>
<Task>12544</Task>
<Opcode>0</Opcode>
<Keywords>0x8020000000000000</Keywords>
<TimeCreated SystemTime="2018-09-10 12:50:04.630968"></TimeCreated>
<EventRecordID>237229</EventRecordID>
<Correlation ActivityID="" RelatedActivityID=""></Correlation>
<Execution ProcessID="664" ThreadID="15648"></Execution>
<Channel>Security</Channel>
<Computer>WIN-KCON-EXCH16.EM.KRINGLECON.COM</Computer>
<Security UserID=""></Security>
</System>
<EventData><Data Name="SubjectUserSid">S-1-0-0</Data>
<Data Name="SubjectUserName">-</Data>
<Data Name="SubjectDomainName">-</Data>
<Data Name="SubjectLogonId">0x0000000000000000</Data>
<Data Name="TargetUserSid">S-1-5-21-25059752-1411454016-2901770228-1134</Data>
<Data Name="TargetUserName">HealthMailboxbe58608</Data>
<Data Name="TargetDomainName">EM.KRINGLECON</Data>
<Data Name="TargetLogonId">0x00000000009e4e27</Data>
<Data Name="LogonType">3</Data>
<Data Name="LogonProcessName">NtLmSsp </Data>
<Data Name="AuthenticationPackageName">NTLM</Data>
<Data Name="WorkstationName">WIN-KCON-EXCH16</Data>
<Data Name="LogonGuid">{00000000-0000-0000-0000-000000000000}</Data>
<Data Name="TransmittedServices">-</Data>
<Data Name="LmPackageName">NTLM V2</Data>
<Data Name="KeyLength">0</Data>
<Data Name="ProcessId">0x0000000000000000</Data>
<Data Name="ProcessName">-</Data>
<Data Name="IpAddress">fe80::b0d8:bf3b:51aa:caba</Data>
<Data Name="IpPort">10673</Data>
<Data Name="ImpersonationLevel">%%1833</Data>
<Data Name="RestrictedAdminMode">-</Data>
<Data Name="TargetOutboundUserName">-</Data>
<Data Name="TargetOutboundDomainName">-</Data>
<Data Name="VirtualAccount">%%1843</Data>
<Data Name="TargetLinkedLogonId">0x0000000000000000</Data>
<Data Name="ElevatedToken">%%1842</Data>
</EventData>
</Event>

<Event xmlns="http://schemas.microsoft.com/win/2004/08/events/event"><System><Provider Name="Microsoft-Windows-Security-Auditing" Guid="{54849625-5478-4994-a5ba-3e3b0328c30d}"></Provider>
<EventID Qualifiers="">4776</EventID>
<Version>0</Version>
<Level>0</Level>
<Task>14336</Task>
<Opcode>0</Opcode>
<Keywords>0x8020000000000000</Keywords>
<TimeCreated SystemTime="2018-09-10 12:50:04.635046"></TimeCreated>
<EventRecordID>237231</EventRecordID>
<Correlation ActivityID="" RelatedActivityID=""></Correlation>
<Execution ProcessID="664" ThreadID="15648"></Execution>
<Channel>Security</Channel>
<Computer>WIN-KCON-EXCH16.EM.KRINGLECON.COM</Computer>
<Security UserID=""></Security>
</System>
<EventData><Data Name="PackageName">MICROSOFT_AUTHENTICATION_PACKAGE_V1_0</Data>
<Data Name="TargetUserName">HealthMailboxbe58608d4925422d8e4ea458cfedc612@EM.KRINGLECON.COM</Data>
<Data Name="Workstation">WIN-KCON-EXCH16</Data>
<Data Name="Status">0x00000000</Data>
</EventData>
</Event>

<Event xmlns="http://schemas.microsoft.com/win/2004/08/events/event"><System><Provider Name="Microsoft-Windows-Security-Auditing" Guid="{54849625-5478-4994-a5ba-3e3b0328c30d}"></Provider>
<EventID Qualifiers="">4624</EventID>
<Version>2</Version>
<Level>0</Level>
<Task>12544</Task>
<Opcode>0</Opcode>
<Keywords>0x8020000000000000</Keywords>
<TimeCreated SystemTime="2018-09-10 12:50:04.635496"></TimeCreated>
<EventRecordID>237232</EventRecordID>
<Correlation ActivityID="" RelatedActivityID=""></Correlation>
<Execution ProcessID="664" ThreadID="15648"></Execution>
<Channel>Security</Channel>
<Computer>WIN-KCON-EXCH16.EM.KRINGLECON.COM</Computer>
<Security UserID=""></Security>
</System>
<EventData><Data Name="SubjectUserSid">S-1-0-0</Data>
<Data Name="SubjectUserName">-</Data>
<Data Name="SubjectDomainName">-</Data>
<Data Name="SubjectLogonId">0x0000000000000000</Data>
<Data Name="TargetUserSid">S-1-5-21-25059752-1411454016-2901770228-1134</Data>
<Data Name="TargetUserName">HealthMailboxbe58608</Data>
<Data Name="TargetDomainName">EM.KRINGLECON</Data>
<Data Name="TargetLogonId">0x00000000009e4e48</Data>
<Data Name="LogonType">3</Data>
<Data Name="LogonProcessName">NtLmSsp </Data>
<Data Name="AuthenticationPackageName">NTLM</Data>
<Data Name="WorkstationName">WIN-KCON-EXCH16</Data>
<Data Name="LogonGuid">{00000000-0000-0000-0000-000000000000}</Data>
<Data Name="TransmittedServices">-</Data>
<Data Name="LmPackageName">NTLM V2</Data>
<Data Name="KeyLength">0</Data>
<Data Name="ProcessId">0x0000000000000000</Data>
<Data Name="ProcessName">-</Data>
<Data Name="IpAddress">fe80::b0d8:bf3b:51aa:caba</Data>
<Data Name="IpPort">10674</Data>
<Data Name="ImpersonationLevel">%%1833</Data>
<Data Name="RestrictedAdminMode">-</Data>
<Data Name="TargetOutboundUserName">-</Data>
<Data Name="TargetOutboundDomainName">-</Data>
<Data Name="VirtualAccount">%%1843</Data>
<Data Name="TargetLinkedLogonId">0x0000000000000000</Data>
<Data Name="ElevatedToken">%%1842</Data>
</EventData>
</Event>

<Event xmlns="http://schemas.microsoft.com/win/2004/08/events/event"><System><Provider Name="Microsoft-Windows-Security-Auditing" Guid="{54849625-5478-4994-a5ba-3e3b0328c30d}"></Provider>
<EventID Qualifiers="">4624</EventID>
<Version>2</Version>
<Level>0</Level>
<Task>12544</Task>
<Opcode>0</Opcode>
<Keywords>0x8020000000000000</Keywords>
<TimeCreated SystemTime="2018-09-10 12:50:05.671890"></TimeCreated>
<EventRecordID>237251</EventRecordID>
<Correlation ActivityID="{71a9b66f-4900-0001-a8b6-a9710049d401}" RelatedActivityID=""></Correlation>
<Execution ProcessID="664" ThreadID="15648"></Execution>
<Channel>Security</Channel>
<Computer>WIN-KCON-EXCH16.EM.KRINGLECON.COM</Computer>
<Security UserID=""></Security>
</System>
<EventData><Data Name="SubjectUserSid">S-1-0-0</Data>
<Data Name="SubjectUserName">-</Data>
<Data Name="SubjectDomainName">-</Data>
<Data Name="SubjectLogonId">0x0000000000000000</Data>
<Data Name="TargetUserSid">S-1-5-21-25059752-1411454016-2901770228-1134</Data>
<Data Name="TargetUserName">HealthMailboxbe58608</Data>
<Data Name="TargetDomainName">EM.KRINGLECON.COM</Data>
<Data Name="TargetLogonId">0x00000000009e5118</Data>
<Data Name="LogonType">3</Data>
<Data Name="LogonProcessName">Kerberos</Data>
<Data Name="AuthenticationPackageName">Kerberos</Data>
<Data Name="WorkstationName">-</Data>
<Data Name="LogonGuid">{66b54d86-4302-a414-4b44-b4078e2c002e}</Data>
<Data Name="TransmittedServices">-</Data>
<Data Name="LmPackageName">-</Data>
<Data Name="KeyLength">0</Data>
<Data Name="ProcessId">0x0000000000000000</Data>
<Data Name="ProcessName">-</Data>
<Data Name="IpAddress">fe80::b0d8:bf3b:51aa:caba</Data>
<Data Name="IpPort">10681</Data>
<Data Name="ImpersonationLevel">%%1840</Data>
<Data Name="RestrictedAdminMode">-</Data>
<Data Name="TargetOutboundUserName">-</Data>
<Data Name="TargetOutboundDomainName">-</Data>
<Data Name="VirtualAccount">%%1843</Data>
<Data Name="TargetLinkedLogonId">0x0000000000000000</Data>
<Data Name="ElevatedToken">%%1842</Data>
</EventData>
</Event>

<Event xmlns="http://schemas.microsoft.com/win/2004/08/events/event"><System><Provider Name="Microsoft-Windows-Security-Auditing" Guid="{54849625-5478-4994-a5ba-3e3b0328c30d}"></Provider>
<EventID Qualifiers="">4624</EventID>
<Version>2</Version>
<Level>0</Level>
<Task>12544</Task>
<Opcode>0</Opcode>
<Keywords>0x8020000000000000</Keywords>
<TimeCreated SystemTime="2018-09-10 12:50:05.696386"></TimeCreated>
<EventRecordID>237256</EventRecordID>
<Correlation ActivityID="{71a9b66f-4900-0001-a8b6-a9710049d401}" RelatedActivityID=""></Correlation>
<Execution ProcessID="664" ThreadID="15648"></Execution>
<Channel>Security</Channel>
<Computer>WIN-KCON-EXCH16.EM.KRINGLECON.COM</Computer>
<Security UserID=""></Security>
</System>
<EventData><Data Name="SubjectUserSid">S-1-0-0</Data>
<Data Name="SubjectUserName">-</Data>
<Data Name="SubjectDomainName">-</Data>
<Data Name="SubjectLogonId">0x0000000000000000</Data>
<Data Name="TargetUserSid">S-1-5-21-25059752-1411454016-2901770228-1134</Data>
<Data Name="TargetUserName">HealthMailboxbe58608</Data>
<Data Name="TargetDomainName">EM.KRINGLECON.COM</Data>
<Data Name="TargetLogonId">0x00000000009e519d</Data>
<Data Name="LogonType">3</Data>
<Data Name="LogonProcessName">Kerberos</Data>
<Data Name="AuthenticationPackageName">Kerberos</Data>
<Data Name="WorkstationName">-</Data>
<Data Name="LogonGuid">{66b54d86-4302-a414-4b44-b4078e2c002e}</Data>
<Data Name="TransmittedServices">-</Data>
<Data Name="LmPackageName">-</Data>
<Data Name="KeyLength">0</Data>
<Data Name="ProcessId">0x0000000000000000</Data>
<Data Name="ProcessName">-</Data>
<Data Name="IpAddress">fe80::3085:5155:bb47:8b3e</Data>
<Data Name="IpPort">10683</Data>
<Data Name="ImpersonationLevel">%%1840</Data>
<Data Name="RestrictedAdminMode">-</Data>
<Data Name="TargetOutboundUserName">-</Data>
<Data Name="TargetOutboundDomainName">-</Data>
<Data Name="VirtualAccount">%%1843</Data>
<Data Name="TargetLinkedLogonId">0x0000000000000000</Data>
<Data Name="ElevatedToken">%%1842</Data>
</EventData>
</Event>

<Event xmlns="http://schemas.microsoft.com/win/2004/08/events/event"><System><Provider Name="Microsoft-Windows-Security-Auditing" Guid="{54849625-5478-4994-a5ba-3e3b0328c30d}"></Provider>
<EventID Qualifiers="">4624</EventID>
<Version>2</Version>
<Level>0</Level>
<Task>12544</Task>
<Opcode>0</Opcode>
<Keywords>0x8020000000000000</Keywords>
<TimeCreated SystemTime="2018-09-10 12:50:05.711376"></TimeCreated>
<EventRecordID>237261</EventRecordID>
<Correlation ActivityID="{71a9b66f-4900-0001-a8b6-a9710049d401}" RelatedActivityID=""></Correlation>
<Execution ProcessID="664" ThreadID="852"></Execution>
<Channel>Security</Channel>
<Computer>WIN-KCON-EXCH16.EM.KRINGLECON.COM</Computer>
<Security UserID=""></Security>
</System>
<EventData><Data Name="SubjectUserSid">S-1-0-0</Data>
<Data Name="SubjectUserName">-</Data>
<Data Name="SubjectDomainName">-</Data>
<Data Name="SubjectLogonId">0x0000000000000000</Data>
<Data Name="TargetUserSid">S-1-5-21-25059752-1411454016-2901770228-1134</Data>
<Data Name="TargetUserName">HealthMailboxbe58608</Data>
<Data Name="TargetDomainName">EM.KRINGLECON.COM</Data>
<Data Name="TargetLogonId">0x00000000009e5201</Data>
<Data Name="LogonType">3</Data>
<Data Name="LogonProcessName">Kerberos</Data>
<Data Name="AuthenticationPackageName">Kerberos</Data>
<Data Name="WorkstationName">-</Data>
<Data Name="LogonGuid">{66b54d86-4302-a414-4b44-b4078e2c002e}</Data>
<Data Name="TransmittedServices">-</Data>
<Data Name="LmPackageName">-</Data>
<Data Name="KeyLength">0</Data>
<Data Name="ProcessId">0x0000000000000000</Data>
<Data Name="ProcessName">-</Data>
<Data Name="IpAddress">fe80::5efe:169.254.202.186</Data>
<Data Name="IpPort">10684</Data>
<Data Name="ImpersonationLevel">%%1840</Data>
<Data Name="RestrictedAdminMode">-</Data>
<Data Name="TargetOutboundUserName">-</Data>
<Data Name="TargetOutboundDomainName">-</Data>
<Data Name="VirtualAccount">%%1843</Data>
<Data Name="TargetLinkedLogonId">0x0000000000000000</Data>
<Data Name="ElevatedToken">%%1842</Data>
</EventData>
</Event>

<Event xmlns="http://schemas.microsoft.com/win/2004/08/events/event"><System><Provider Name="Microsoft-Windows-Security-Auditing" Guid="{54849625-5478-4994-a5ba-3e3b0328c30d}"></Provider>
<EventID Qualifiers="">4624</EventID>
<Version>2</Version>
<Level>0</Level>
<Task>12544</Task>
<Opcode>0</Opcode>
<Keywords>0x8020000000000000</Keywords>
<TimeCreated SystemTime="2018-09-10 12:50:12.105331"></TimeCreated>
<EventRecordID>237266</EventRecordID>
<Correlation ActivityID="" RelatedActivityID=""></Correlation>
<Execution ProcessID="664" ThreadID="15576"></Execution>
<Channel>Security</Channel>
<Computer>WIN-KCON-EXCH16.EM.KRINGLECON.COM</Computer>
<Security UserID=""></Security>
</System>
<EventData><Data Name="SubjectUserSid">S-1-5-18</Data>
<Data Name="SubjectUserName">WIN-KCON-EXCH16$</Data>
<Data Name="SubjectDomainName">EM.KRINGLECON</Data>
<Data Name="SubjectLogonId">0x00000000000003e7</Data>
<Data Name="TargetUserSid">S-1-5-21-25059752-1411454016-2901770228-1133</Data>
<Data Name="TargetUserName">HealthMailboxbab78a6</Data>
<Data Name="TargetDomainName">EM.KRINGLECON</Data>
<Data Name="TargetLogonId">0x00000000009e99dc</Data>
<Data Name="LogonType">3</Data>
<Data Name="LogonProcessName">C</Data>
<Data Name="AuthenticationPackageName">Kerberos</Data>
<Data Name="WorkstationName">WIN-KCON-EXCH16</Data>
<Data Name="LogonGuid">{960d0cac-3ead-7563-f119-2f40d27d1a37}</Data>
<Data Name="TransmittedServices">-</Data>
<Data Name="LmPackageName">-</Data>
<Data Name="KeyLength">0</Data>
<Data Name="ProcessId">0x0000000000002494</Data>
<Data Name="ProcessName">C:\Program Files\Microsoft\Exchange Server\V15\Bin\MSExchangeHMWorker.exe</Data>
<Data Name="IpAddress">-</Data>
<Data Name="IpPort">-</Data>
<Data Name="ImpersonationLevel">%%1833</Data>
<Data Name="RestrictedAdminMode">-</Data>
<Data Name="TargetOutboundUserName">-</Data>
<Data Name="TargetOutboundDomainName">-</Data>
<Data Name="VirtualAccount">%%1843</Data>
<Data Name="TargetLinkedLogonId">0x0000000000000000</Data>
<Data Name="ElevatedToken">%%1842</Data>
</EventData>
</Event>

<Event xmlns="http://schemas.microsoft.com/win/2004/08/events/event"><System><Provider Name="Microsoft-Windows-Security-Auditing" Guid="{54849625-5478-4994-a5ba-3e3b0328c30d}"></Provider>
<EventID Qualifiers="">4624</EventID>
<Version>2</Version>
<Level>0</Level>
<Task>12544</Task>
<Opcode>0</Opcode>
<Keywords>0x8020000000000000</Keywords>
<TimeCreated SystemTime="2018-09-10 12:50:26.031252"></TimeCreated>
<EventRecordID>237281</EventRecordID>
<Correlation ActivityID="{71a9b66f-4900-0001-a8b6-a9710049d401}" RelatedActivityID=""></Correlation>
<Execution ProcessID="664" ThreadID="15576"></Execution>
<Channel>Security</Channel>
<Computer>WIN-KCON-EXCH16.EM.KRINGLECON.COM</Computer>
<Security UserID=""></Security>
</System>
<EventData><Data Name="SubjectUserSid">S-1-0-0</Data>
<Data Name="SubjectUserName">-</Data>
<Data Name="SubjectDomainName">-</Data>
<Data Name="SubjectLogonId">0x0000000000000000</Data>
<Data Name="TargetUserSid">S-1-5-21-25059752-1411454016-2901770228-1134</Data>
<Data Name="TargetUserName">HealthMailboxbe58608</Data>
<Data Name="TargetDomainName">EM.KRINGLECON.COM</Data>
<Data Name="TargetLogonId">0x00000000009edb16</Data>
<Data Name="LogonType">3</Data>
<Data Name="LogonProcessName">Kerberos</Data>
<Data Name="AuthenticationPackageName">Kerberos</Data>
<Data Name="WorkstationName">-</Data>
<Data Name="LogonGuid">{66b54d86-4302-a414-4b44-b4078e2c002e}</Data>
<Data Name="TransmittedServices">-</Data>
<Data Name="LmPackageName">-</Data>
<Data Name="KeyLength">0</Data>
<Data Name="ProcessId">0x0000000000000000</Data>
<Data Name="ProcessName">-</Data>
<Data Name="IpAddress">::1</Data>
<Data Name="IpPort">10717</Data>
<Data Name="ImpersonationLevel">%%1840</Data>
<Data Name="RestrictedAdminMode">-</Data>
<Data Name="TargetOutboundUserName">-</Data>
<Data Name="TargetOutboundDomainName">-</Data>
<Data Name="VirtualAccount">%%1843</Data>
<Data Name="TargetLinkedLogonId">0x0000000000000000</Data>
<Data Name="ElevatedToken">%%1842</Data>
</EventData>
</Event>

<Event xmlns="http://schemas.microsoft.com/win/2004/08/events/event"><System><Provider Name="Microsoft-Windows-Security-Auditing" Guid="{54849625-5478-4994-a5ba-3e3b0328c30d}"></Provider>
<EventID Qualifiers="">4624</EventID>
<Version>2</Version>
<Level>0</Level>
<Task>12544</Task>
<Opcode>0</Opcode>
<Keywords>0x8020000000000000</Keywords>
<TimeCreated SystemTime="2018-09-10 12:50:29.340866"></TimeCreated>
<EventRecordID>237290</EventRecordID>
<Correlation ActivityID="{71a9b66f-4900-0001-a8b6-a9710049d401}" RelatedActivityID=""></Correlation>
<Execution ProcessID="664" ThreadID="852"></Execution>
<Channel>Security</Channel>
<Computer>WIN-KCON-EXCH16.EM.KRINGLECON.COM</Computer>
<Security UserID=""></Security>
</System>
<EventData><Data Name="SubjectUserSid">S-1-0-0</Data>
<Data Name="SubjectUserName">-</Data>
<Data Name="SubjectDomainName">-</Data>
<Data Name="SubjectLogonId">0x0000000000000000</Data>
<Data Name="TargetUserSid">S-1-5-21-25059752-1411454016-2901770228-1134</Data>
<Data Name="TargetUserName">HealthMailboxbe58608</Data>
<Data Name="TargetDomainName">EM.KRINGLECON.COM</Data>
<Data Name="TargetLogonId">0x00000000009f0165</Data>
<Data Name="LogonType">3</Data>
<Data Name="LogonProcessName">Kerberos</Data>
<Data Name="AuthenticationPackageName">Kerberos</Data>
<Data Name="WorkstationName">-</Data>
<Data Name="LogonGuid">{66b54d86-4302-a414-4b44-b4078e2c002e}</Data>
<Data Name="TransmittedServices">-</Data>
<Data Name="LmPackageName">-</Data>
<Data Name="KeyLength">0</Data>
<Data Name="ProcessId">0x0000000000000000</Data>
<Data Name="ProcessName">-</Data>
<Data Name="IpAddress">127.0.0.1</Data>
<Data Name="IpPort">10725</Data>
<Data Name="ImpersonationLevel">%%1840</Data>
<Data Name="RestrictedAdminMode">-</Data>
<Data Name="TargetOutboundUserName">-</Data>
<Data Name="TargetOutboundDomainName">-</Data>
<Data Name="VirtualAccount">%%1843</Data>
<Data Name="TargetLinkedLogonId">0x0000000000000000</Data>
<Data Name="ElevatedToken">%%1842</Data>
</EventData>
</Event>

<Event xmlns="http://schemas.microsoft.com/win/2004/08/events/event"><System><Provider Name="Microsoft-Windows-Security-Auditing" Guid="{54849625-5478-4994-a5ba-3e3b0328c30d}"></Provider>
<EventID Qualifiers="">4768</EventID>
<Version>0</Version>
<Level>0</Level>
<Task>14339</Task>
<Opcode>0</Opcode>
<Keywords>0x8020000000000000</Keywords>
<TimeCreated SystemTime="2018-09-10 12:50:37.221764"></TimeCreated>
<EventRecordID>237304</EventRecordID>
<Correlation ActivityID="" RelatedActivityID=""></Correlation>
<Execution ProcessID="664" ThreadID="15648"></Execution>
<Channel>Security</Channel>
<Computer>WIN-KCON-EXCH16.EM.KRINGLECON.COM</Computer>
<Security UserID=""></Security>
</System>
<EventData><Data Name="TargetUserName">HealthMailboxbab78a6</Data>
<Data Name="TargetDomainName">EM.KRINGLECON.COM</Data>
<Data Name="TargetSid">S-1-5-21-25059752-1411454016-2901770228-1133</Data>
<Data Name="ServiceName">krbtgt</Data>
<Data Name="ServiceSid">S-1-5-21-25059752-1411454016-2901770228-502</Data>
<Data Name="TicketOptions">0x40810010</Data>
<Data Name="Status">0x00000000</Data>
<Data Name="TicketEncryptionType">0x00000012</Data>
<Data Name="PreAuthType">2</Data>
<Data Name="IpAddress">::1</Data>
<Data Name="IpPort">0</Data>
<Data Name="CertIssuerName"></Data>
<Data Name="CertSerialNumber"></Data>
<Data Name="CertThumbprint"></Data>
</EventData>
</Event>

<Event xmlns="http://schemas.microsoft.com/win/2004/08/events/event"><System><Provider Name="Microsoft-Windows-Security-Auditing" Guid="{54849625-5478-4994-a5ba-3e3b0328c30d}"></Provider>
<EventID Qualifiers="">4769</EventID>
<Version>0</Version>
<Level>0</Level>
<Task>14337</Task>
<Opcode>0</Opcode>
<Keywords>0x8020000000000000</Keywords>
<TimeCreated SystemTime="2018-09-10 12:50:37.223124"></TimeCreated>
<EventRecordID>237305</EventRecordID>
<Correlation ActivityID="" RelatedActivityID=""></Correlation>
<Execution ProcessID="664" ThreadID="15648"></Execution>
<Channel>Security</Channel>
<Computer>WIN-KCON-EXCH16.EM.KRINGLECON.COM</Computer>
<Security UserID=""></Security>
</System>
<EventData><Data Name="TargetUserName">HealthMailboxbab78a6@EM.KRINGLECON.COM</Data>
<Data Name="TargetDomainName">EM.KRINGLECON.COM</Data>
<Data Name="ServiceName">WIN-KCON-EXCH16$</Data>
<Data Name="ServiceSid">S-1-5-21-25059752-1411454016-2901770228-1000</Data>
<Data Name="TicketOptions">0x40810000</Data>
<Data Name="TicketEncryptionType">0x00000012</Data>
<Data Name="IpAddress">::1</Data>
<Data Name="IpPort">0</Data>
<Data Name="Status">0x00000000</Data>
<Data Name="LogonGuid">{28726a8c-b428-9923-fd0e-00bfab8928b1}</Data>
<Data Name="TransmittedServices">-</Data>
</EventData>
</Event>

<Event xmlns="http://schemas.microsoft.com/win/2004/08/events/event"><System><Provider Name="Microsoft-Windows-Security-Auditing" Guid="{54849625-5478-4994-a5ba-3e3b0328c30d}"></Provider>
<EventID Qualifiers="">4624</EventID>
<Version>2</Version>
<Level>0</Level>
<Task>12544</Task>
<Opcode>0</Opcode>
<Keywords>0x8020000000000000</Keywords>
<TimeCreated SystemTime="2018-09-10 12:50:37.238909"></TimeCreated>
<EventRecordID>237307</EventRecordID>
<Correlation ActivityID="{71a9b66f-4900-0001-a8b6-a9710049d401}" RelatedActivityID=""></Correlation>
<Execution ProcessID="664" ThreadID="15648"></Execution>
<Channel>Security</Channel>
<Computer>WIN-KCON-EXCH16.EM.KRINGLECON.COM</Computer>
<Security UserID=""></Security>
</System>
<EventData><Data Name="SubjectUserSid">S-1-5-18</Data>
<Data Name="SubjectUserName">WIN-KCON-EXCH16$</Data>
<Data Name="SubjectDomainName">EM.KRINGLECON</Data>
<Data Name="SubjectLogonId">0x00000000000003e7</Data>
<Data Name="TargetUserSid">S-1-5-21-25059752-1411454016-2901770228-1133</Data>
<Data Name="TargetUserName">HealthMailboxbab78a6</Data>
<Data Name="TargetDomainName">EM.KRINGLECON</Data>
<Data Name="TargetLogonId">0x00000000009f2c14</Data>
<Data Name="LogonType">8</Data>
<Data Name="LogonProcessName">Advapi  </Data>
<Data Name="AuthenticationPackageName">Negotiate</Data>
<Data Name="WorkstationName">WIN-KCON-EXCH16</Data>
<Data Name="LogonGuid">{28726a8c-b428-9923-fd0e-00bfab8928b1}</Data>
<Data Name="TransmittedServices">-</Data>
<Data Name="LmPackageName">-</Data>
<Data Name="KeyLength">0</Data>
<Data Name="ProcessId">0x0000000000002494</Data>
<Data Name="ProcessName">C:\Program Files\Microsoft\Exchange Server\V15\Bin\MSExchangeHMWorker.exe</Data>
<Data Name="IpAddress">-</Data>
<Data Name="IpPort">-</Data>
<Data Name="ImpersonationLevel">%%1833</Data>
<Data Name="RestrictedAdminMode">-</Data>
<Data Name="TargetOutboundUserName">-</Data>
<Data Name="TargetOutboundDomainName">-</Data>
<Data Name="VirtualAccount">%%1843</Data>
<Data Name="TargetLinkedLogonId">0x0000000000000000</Data>
<Data Name="ElevatedToken">%%1842</Data>
</EventData>
</Event>

<Event xmlns="http://schemas.microsoft.com/win/2004/08/events/event"><System><Provider Name="Microsoft-Windows-Security-Auditing" Guid="{54849625-5478-4994-a5ba-3e3b0328c30d}"></Provider>
<EventID Qualifiers="">4624</EventID>
<Version>2</Version>
<Level>0</Level>
<Task>12544</Task>
<Opcode>0</Opcode>
<Keywords>0x8020000000000000</Keywords>
<TimeCreated SystemTime="2018-09-10 12:50:40.224274"></TimeCreated>
<EventRecordID>237322</EventRecordID>
<Correlation ActivityID="{71a9b66f-4900-0001-a8b6-a9710049d401}" RelatedActivityID=""></Correlation>
<Execution ProcessID="664" ThreadID="15648"></Execution>
<Channel>Security</Channel>
<Computer>WIN-KCON-EXCH16.EM.KRINGLECON.COM</Computer>
<Security UserID=""></Security>
</System>
<EventData><Data Name="SubjectUserSid">S-1-0-0</Data>
<Data Name="SubjectUserName">-</Data>
<Data Name="SubjectDomainName">-</Data>
<Data Name="SubjectLogonId">0x0000000000000000</Data>
<Data Name="TargetUserSid">S-1-5-21-25059752-1411454016-2901770228-1134</Data>
<Data Name="TargetUserName">HealthMailboxbe58608</Data>
<Data Name="TargetDomainName">EM.KRINGLECON.COM</Data>
<Data Name="TargetLogonId">0x00000000009f3803</Data>
<Data Name="LogonType">3</Data>
<Data Name="LogonProcessName">Kerberos</Data>
<Data Name="AuthenticationPackageName">Kerberos</Data>
<Data Name="WorkstationName">-</Data>
<Data Name="LogonGuid">{66b54d86-4302-a414-4b44-b4078e2c002e}</Data>
<Data Name="TransmittedServices">-</Data>
<Data Name="LmPackageName">-</Data>
<Data Name="KeyLength">0</Data>
<Data Name="ProcessId">0x0000000000000000</Data>
<Data Name="ProcessName">-</Data>
<Data Name="IpAddress">::1</Data>
<Data Name="IpPort">10754</Data>
<Data Name="ImpersonationLevel">%%1840</Data>
<Data Name="RestrictedAdminMode">-</Data>
<Data Name="TargetOutboundUserName">-</Data>
<Data Name="TargetOutboundDomainName">-</Data>
<Data Name="VirtualAccount">%%1843</Data>
<Data Name="TargetLinkedLogonId">0x0000000000000000</Data>
<Data Name="ElevatedToken">%%1842</Data>
</EventData>
</Event>

<Event xmlns="http://schemas.microsoft.com/win/2004/08/events/event"><System><Provider Name="Microsoft-Windows-Security-Auditing" Guid="{54849625-5478-4994-a5ba-3e3b0328c30d}"></Provider>
<EventID Qualifiers="">4624</EventID>
<Version>2</Version>
<Level>0</Level>
<Task>12544</Task>
<Opcode>0</Opcode>
<Keywords>0x8020000000000000</Keywords>
<TimeCreated SystemTime="2018-09-10 12:50:46.858849"></TimeCreated>
<EventRecordID>237330</EventRecordID>
<Correlation ActivityID="{71a9b66f-4900-0001-a8b6-a9710049d401}" RelatedActivityID=""></Correlation>
<Execution ProcessID="664" ThreadID="12152"></Execution>
<Channel>Security</Channel>
<Computer>WIN-KCON-EXCH16.EM.KRINGLECON.COM</Computer>
<Security UserID=""></Security>
</System>
<EventData><Data Name="SubjectUserSid">S-1-0-0</Data>
<Data Name="SubjectUserName">-</Data>
<Data Name="SubjectDomainName">-</Data>
<Data Name="SubjectLogonId">0x0000000000000000</Data>
<Data Name="TargetUserSid">S-1-5-21-25059752-1411454016-2901770228-1134</Data>
<Data Name="TargetUserName">HealthMailboxbe58608</Data>
<Data Name="TargetDomainName">EM.KRINGLECON.COM</Data>
<Data Name="TargetLogonId">0x00000000009f5a82</Data>
<Data Name="LogonType">3</Data>
<Data Name="LogonProcessName">Kerberos</Data>
<Data Name="AuthenticationPackageName">Kerberos</Data>
<Data Name="WorkstationName">-</Data>
<Data Name="LogonGuid">{66b54d86-4302-a414-4b44-b4078e2c002e}</Data>
<Data Name="TransmittedServices">-</Data>
<Data Name="LmPackageName">-</Data>
<Data Name="KeyLength">0</Data>
<Data Name="ProcessId">0x0000000000000000</Data>
<Data Name="ProcessName">-</Data>
<Data Name="IpAddress">127.0.0.1</Data>
<Data Name="IpPort">10766</Data>
<Data Name="ImpersonationLevel">%%1840</Data>
<Data Name="RestrictedAdminMode">-</Data>
<Data Name="TargetOutboundUserName">-</Data>
<Data Name="TargetOutboundDomainName">-</Data>
<Data Name="VirtualAccount">%%1843</Data>
<Data Name="TargetLinkedLogonId">0x0000000000000000</Data>
<Data Name="ElevatedToken">%%1842</Data>
</EventData>
</Event>

<Event xmlns="http://schemas.microsoft.com/win/2004/08/events/event"><System><Provider Name="Microsoft-Windows-Security-Auditing" Guid="{54849625-5478-4994-a5ba-3e3b0328c30d}"></Provider>
<EventID Qualifiers="">4624</EventID>
<Version>2</Version>
<Level>0</Level>
<Task>12544</Task>
<Opcode>0</Opcode>
<Keywords>0x8020000000000000</Keywords>
<TimeCreated SystemTime="2018-09-10 12:50:46.960224"></TimeCreated>
<EventRecordID>237335</EventRecordID>
<Correlation ActivityID="{71a9b66f-4900-0001-a8b6-a9710049d401}" RelatedActivityID=""></Correlation>
<Execution ProcessID="664" ThreadID="15576"></Execution>
<Channel>Security</Channel>
<Computer>WIN-KCON-EXCH16.EM.KRINGLECON.COM</Computer>
<Security UserID=""></Security>
</System>
<EventData><Data Name="SubjectUserSid">S-1-0-0</Data>
<Data Name="SubjectUserName">-</Data>
<Data Name="SubjectDomainName">-</Data>
<Data Name="SubjectLogonId">0x0000000000000000</Data>
<Data Name="TargetUserSid">S-1-5-21-25059752-1411454016-2901770228-1134</Data>
<Data Name="TargetUserName">HealthMailboxbe58608</Data>
<Data Name="TargetDomainName">EM.KRINGLECON.COM</Data>
<Data Name="TargetLogonId">0x00000000009f5c18</Data>
<Data Name="LogonType">3</Data>
<Data Name="LogonProcessName">Kerberos</Data>
<Data Name="AuthenticationPackageName">Kerberos</Data>
<Data Name="WorkstationName">-</Data>
<Data Name="LogonGuid">{07b73b89-15b3-b7c4-e678-b6ee566f408f}</Data>
<Data Name="TransmittedServices">-</Data>
<Data Name="LmPackageName">-</Data>
<Data Name="KeyLength">0</Data>
<Data Name="ProcessId">0x0000000000000000</Data>
<Data Name="ProcessName">-</Data>
<Data Name="IpAddress">-</Data>
<Data Name="IpPort">-</Data>
<Data Name="ImpersonationLevel">%%1840</Data>
<Data Name="RestrictedAdminMode">-</Data>
<Data Name="TargetOutboundUserName">-</Data>
<Data Name="TargetOutboundDomainName">-</Data>
<Data Name="VirtualAccount">%%1843</Data>
<Data Name="TargetLinkedLogonId">0x0000000000000000</Data>
<Data Name="ElevatedToken">%%1842</Data>
</EventData>
</Event>

<Event xmlns="http://schemas.microsoft.com/win/2004/08/events/event"><System><Provider Name="Microsoft-Windows-Security-Auditing" Guid="{54849625-5478-4994-a5ba-3e3b0328c30d}"></Provider>
<EventID Qualifiers="">4624</EventID>
<Version>2</Version>
<Level>0</Level>
<Task>12544</Task>
<Opcode>0</Opcode>
<Keywords>0x8020000000000000</Keywords>
<TimeCreated SystemTime="2018-09-10 12:50:59.799078"></TimeCreated>
<EventRecordID>237363</EventRecordID>
<Correlation ActivityID="{71a9b66f-4900-0001-a8b6-a9710049d401}" RelatedActivityID=""></Correlation>
<Execution ProcessID="664" ThreadID="15648"></Execution>
<Channel>Security</Channel>
<Computer>WIN-KCON-EXCH16.EM.KRINGLECON.COM</Computer>
<Security UserID=""></Security>
</System>
<EventData><Data Name="SubjectUserSid">S-1-0-0</Data>
<Data Name="SubjectUserName">-</Data>
<Data Name="SubjectDomainName">-</Data>
<Data Name="SubjectLogonId">0x0000000000000000</Data>
<Data Name="TargetUserSid">S-1-5-21-25059752-1411454016-2901770228-1134</Data>
<Data Name="TargetUserName">HealthMailboxbe58608</Data>
<Data Name="TargetDomainName">EM.KRINGLECON.COM</Data>
<Data Name="TargetLogonId">0x00000000009f93b8</Data>
<Data Name="LogonType">3</Data>
<Data Name="LogonProcessName">Kerberos</Data>
<Data Name="AuthenticationPackageName">Kerberos</Data>
<Data Name="WorkstationName">-</Data>
<Data Name="LogonGuid">{66b54d86-4302-a414-4b44-b4078e2c002e}</Data>
<Data Name="TransmittedServices">-</Data>
<Data Name="LmPackageName">-</Data>
<Data Name="KeyLength">0</Data>
<Data Name="ProcessId">0x0000000000000000</Data>
<Data Name="ProcessName">-</Data>
<Data Name="IpAddress">fe80::5efe:192.168.85.149</Data>
<Data Name="IpPort">10796</Data>
<Data Name="ImpersonationLevel">%%1840</Data>
<Data Name="RestrictedAdminMode">-</Data>
<Data Name="TargetOutboundUserName">-</Data>
<Data Name="TargetOutboundDomainName">-</Data>
<Data Name="VirtualAccount">%%1843</Data>
<Data Name="TargetLinkedLogonId">0x0000000000000000</Data>
<Data Name="ElevatedToken">%%1842</Data>
</EventData>
</Event>

<Event xmlns="http://schemas.microsoft.com/win/2004/08/events/event"><System><Provider Name="Microsoft-Windows-Security-Auditing" Guid="{54849625-5478-4994-a5ba-3e3b0328c30d}"></Provider>
<EventID Qualifiers="">4624</EventID>
<Version>2</Version>
<Level>0</Level>
<Task>12544</Task>
<Opcode>0</Opcode>
<Keywords>0x8020000000000000</Keywords>
<TimeCreated SystemTime="2018-09-10 12:50:59.830839"></TimeCreated>
<EventRecordID>237369</EventRecordID>
<Correlation ActivityID="{71a9b66f-4900-0001-a8b6-a9710049d401}" RelatedActivityID=""></Correlation>
<Execution ProcessID="664" ThreadID="852"></Execution>
<Channel>Security</Channel>
<Computer>WIN-KCON-EXCH16.EM.KRINGLECON.COM</Computer>
<Security UserID=""></Security>
</System>
<EventData><Data Name="SubjectUserSid">S-1-0-0</Data>
<Data Name="SubjectUserName">-</Data>
<Data Name="SubjectDomainName">-</Data>
<Data Name="SubjectLogonId">0x0000000000000000</Data>
<Data Name="TargetUserSid">S-1-5-21-25059752-1411454016-2901770228-1134</Data>
<Data Name="TargetUserName">HealthMailboxbe58608</Data>
<Data Name="TargetDomainName">EM.KRINGLECON.COM</Data>
<Data Name="TargetLogonId">0x00000000009f9426</Data>
<Data Name="LogonType">3</Data>
<Data Name="LogonProcessName">Kerberos</Data>
<Data Name="AuthenticationPackageName">Kerberos</Data>
<Data Name="WorkstationName">-</Data>
<Data Name="LogonGuid">{66b54d86-4302-a414-4b44-b4078e2c002e}</Data>
<Data Name="TransmittedServices">-</Data>
<Data Name="LmPackageName">-</Data>
<Data Name="KeyLength">0</Data>
<Data Name="ProcessId">0x0000000000000000</Data>
<Data Name="ProcessName">-</Data>
<Data Name="IpAddress">fe80::34a2:32ea:3f57:aa6a</Data>
<Data Name="IpPort">10797</Data>
<Data Name="ImpersonationLevel">%%1840</Data>
<Data Name="RestrictedAdminMode">-</Data>
<Data Name="TargetOutboundUserName">-</Data>
<Data Name="TargetOutboundDomainName">-</Data>
<Data Name="VirtualAccount">%%1843</Data>
<Data Name="TargetLinkedLogonId">0x0000000000000000</Data>
<Data Name="ElevatedToken">%%1842</Data>
</EventData>
</Event>

<Event xmlns="http://schemas.microsoft.com/win/2004/08/events/event"><System><Provider Name="Microsoft-Windows-Security-Auditing" Guid="{54849625-5478-4994-a5ba-3e3b0328c30d}"></Provider>
<EventID Qualifiers="">4624</EventID>
<Version>2</Version>
<Level>0</Level>
<Task>12544</Task>
<Opcode>0</Opcode>
<Keywords>0x8020000000000000</Keywords>
<TimeCreated SystemTime="2018-09-10 12:50:59.857119"></TimeCreated>
<EventRecordID>237374</EventRecordID>
<Correlation ActivityID="{71a9b66f-4900-0001-a8b6-a9710049d401}" RelatedActivityID=""></Correlation>
<Execution ProcessID="664" ThreadID="852"></Execution>
<Channel>Security</Channel>
<Computer>WIN-KCON-EXCH16.EM.KRINGLECON.COM</Computer>
<Security UserID=""></Security>
</System>
<EventData><Data Name="SubjectUserSid">S-1-0-0</Data>
<Data Name="SubjectUserName">-</Data>
<Data Name="SubjectDomainName">-</Data>
<Data Name="SubjectLogonId">0x0000000000000000</Data>
<Data Name="TargetUserSid">S-1-5-21-25059752-1411454016-2901770228-1134</Data>
<Data Name="TargetUserName">HealthMailboxbe58608</Data>
<Data Name="TargetDomainName">EM.KRINGLECON.COM</Data>
<Data Name="TargetLogonId">0x00000000009f94a8</Data>
<Data Name="LogonType">3</Data>
<Data Name="LogonProcessName">Kerberos</Data>
<Data Name="AuthenticationPackageName">Kerberos</Data>
<Data Name="WorkstationName">-</Data>
<Data Name="LogonGuid">{66b54d86-4302-a414-4b44-b4078e2c002e}</Data>
<Data Name="TransmittedServices">-</Data>
<Data Name="LmPackageName">-</Data>
<Data Name="KeyLength">0</Data>
<Data Name="ProcessId">0x0000000000000000</Data>
<Data Name="ProcessName">-</Data>
<Data Name="IpAddress">169.254.202.186</Data>
<Data Name="IpPort">10798</Data>
<Data Name="ImpersonationLevel">%%1840</Data>
<Data Name="RestrictedAdminMode">-</Data>
<Data Name="TargetOutboundUserName">-</Data>
<Data Name="TargetOutboundDomainName">-</Data>
<Data Name="VirtualAccount">%%1843</Data>
<Data Name="TargetLinkedLogonId">0x0000000000000000</Data>
<Data Name="ElevatedToken">%%1842</Data>
</EventData>
</Event>

<Event xmlns="http://schemas.microsoft.com/win/2004/08/events/event"><System><Provider Name="Microsoft-Windows-Security-Auditing" Guid="{54849625-5478-4994-a5ba-3e3b0328c30d}"></Provider>
<EventID Qualifiers="">4624</EventID>
<Version>2</Version>
<Level>0</Level>
<Task>12544</Task>
<Opcode>0</Opcode>
<Keywords>0x8020000000000000</Keywords>
<TimeCreated SystemTime="2018-09-10 12:51:00.343142"></TimeCreated>
<EventRecordID>237379</EventRecordID>
<Correlation ActivityID="{71a9b66f-4900-0001-a8b6-a9710049d401}" RelatedActivityID=""></Correlation>
<Execution ProcessID="664" ThreadID="852"></Execution>
<Channel>Security</Channel>
<Computer>WIN-KCON-EXCH16.EM.KRINGLECON.COM</Computer>
<Security UserID=""></Security>
</System>
<EventData><Data Name="SubjectUserSid">S-1-0-0</Data>
<Data Name="SubjectUserName">-</Data>
<Data Name="SubjectDomainName">-</Data>
<Data Name="SubjectLogonId">0x0000000000000000</Data>
<Data Name="TargetUserSid">S-1-5-21-25059752-1411454016-2901770228-1134</Data>
<Data Name="TargetUserName">HealthMailboxbe58608</Data>
<Data Name="TargetDomainName">EM.KRINGLECON.COM</Data>
<Data Name="TargetLogonId">0x00000000009f956e</Data>
<Data Name="LogonType">3</Data>
<Data Name="LogonProcessName">Kerberos</Data>
<Data Name="AuthenticationPackageName">Kerberos</Data>
<Data Name="WorkstationName">-</Data>
<Data Name="LogonGuid">{66b54d86-4302-a414-4b44-b4078e2c002e}</Data>
<Data Name="TransmittedServices">-</Data>
<Data Name="LmPackageName">-</Data>
<Data Name="KeyLength">0</Data>
<Data Name="ProcessId">0x0000000000000000</Data>
<Data Name="ProcessName">-</Data>
<Data Name="IpAddress">127.0.0.1</Data>
<Data Name="IpPort">10799</Data>
<Data Name="ImpersonationLevel">%%1840</Data>
<Data Name="RestrictedAdminMode">-</Data>
<Data Name="TargetOutboundUserName">-</Data>
<Data Name="TargetOutboundDomainName">-</Data>
<Data Name="VirtualAccount">%%1843</Data>
<Data Name="TargetLinkedLogonId">0x0000000000000000</Data>
<Data Name="ElevatedToken">%%1842</Data>
</EventData>
</Event>

<Event xmlns="http://schemas.microsoft.com/win/2004/08/events/event"><System><Provider Name="Microsoft-Windows-Security-Auditing" Guid="{54849625-5478-4994-a5ba-3e3b0328c30d}"></Provider>
<EventID Qualifiers="">4624</EventID>
<Version>2</Version>
<Level>0</Level>
<Task>12544</Task>
<Opcode>0</Opcode>
<Keywords>0x8020000000000000</Keywords>
<TimeCreated SystemTime="2018-09-10 12:51:26.028164"></TimeCreated>
<EventRecordID>237393</EventRecordID>
<Correlation ActivityID="{71a9b66f-4900-0001-a8b6-a9710049d401}" RelatedActivityID=""></Correlation>
<Execution ProcessID="664" ThreadID="852"></Execution>
<Channel>Security</Channel>
<Computer>WIN-KCON-EXCH16.EM.KRINGLECON.COM</Computer>
<Security UserID=""></Security>
</System>
<EventData><Data Name="SubjectUserSid">S-1-0-0</Data>
<Data Name="SubjectUserName">-</Data>
<Data Name="SubjectDomainName">-</Data>
<Data Name="SubjectLogonId">0x0000000000000000</Data>
<Data Name="TargetUserSid">S-1-5-21-25059752-1411454016-2901770228-1134</Data>
<Data Name="TargetUserName">HealthMailboxbe58608</Data>
<Data Name="TargetDomainName">EM.KRINGLECON.COM</Data>
<Data Name="TargetLogonId">0x00000000009fd805</Data>
<Data Name="LogonType">3</Data>
<Data Name="LogonProcessName">Kerberos</Data>
<Data Name="AuthenticationPackageName">Kerberos</Data>
<Data Name="WorkstationName">-</Data>
<Data Name="LogonGuid">{66b54d86-4302-a414-4b44-b4078e2c002e}</Data>
<Data Name="TransmittedServices">-</Data>
<Data Name="LmPackageName">-</Data>
<Data Name="KeyLength">0</Data>
<Data Name="ProcessId">0x0000000000000000</Data>
<Data Name="ProcessName">-</Data>
<Data Name="IpAddress">::1</Data>
<Data Name="IpPort">10833</Data>
<Data Name="ImpersonationLevel">%%1840</Data>
<Data Name="RestrictedAdminMode">-</Data>
<Data Name="TargetOutboundUserName">-</Data>
<Data Name="TargetOutboundDomainName">-</Data>
<Data Name="VirtualAccount">%%1843</Data>
<Data Name="TargetLinkedLogonId">0x0000000000000000</Data>
<Data Name="ElevatedToken">%%1842</Data>
</EventData>
</Event>

<Event xmlns="http://schemas.microsoft.com/win/2004/08/events/event"><System><Provider Name="Microsoft-Windows-Security-Auditing" Guid="{54849625-5478-4994-a5ba-3e3b0328c30d}"></Provider>
<EventID Qualifiers="">4624</EventID>
<Version>2</Version>
<Level>0</Level>
<Task>12544</Task>
<Opcode>0</Opcode>
<Keywords>0x8020000000000000</Keywords>
<TimeCreated SystemTime="2018-09-10 12:51:29.408150"></TimeCreated>
<EventRecordID>237398</EventRecordID>
<Correlation ActivityID="{71a9b66f-4900-0001-a8b6-a9710049d401}" RelatedActivityID=""></Correlation>
<Execution ProcessID="664" ThreadID="15648"></Execution>
<Channel>Security</Channel>
<Computer>WIN-KCON-EXCH16.EM.KRINGLECON.COM</Computer>
<Security UserID=""></Security>
</System>
<EventData><Data Name="SubjectUserSid">S-1-0-0</Data>
<Data Name="SubjectUserName">-</Data>
<Data Name="SubjectDomainName">-</Data>
<Data Name="SubjectLogonId">0x0000000000000000</Data>
<Data Name="TargetUserSid">S-1-5-21-25059752-1411454016-2901770228-1134</Data>
<Data Name="TargetUserName">HealthMailboxbe58608</Data>
<Data Name="TargetDomainName">EM.KRINGLECON.COM</Data>
<Data Name="TargetLogonId">0x00000000009fda3f</Data>
<Data Name="LogonType">3</Data>
<Data Name="LogonProcessName">Kerberos</Data>
<Data Name="AuthenticationPackageName">Kerberos</Data>
<Data Name="WorkstationName">-</Data>
<Data Name="LogonGuid">{66b54d86-4302-a414-4b44-b4078e2c002e}</Data>
<Data Name="TransmittedServices">-</Data>
<Data Name="LmPackageName">-</Data>
<Data Name="KeyLength">0</Data>
<Data Name="ProcessId">0x0000000000000000</Data>
<Data Name="ProcessName">-</Data>
<Data Name="IpAddress">::1</Data>
<Data Name="IpPort">10839</Data>
<Data Name="ImpersonationLevel">%%1840</Data>
<Data Name="RestrictedAdminMode">-</Data>
<Data Name="TargetOutboundUserName">-</Data>
<Data Name="TargetOutboundDomainName">-</Data>
<Data Name="VirtualAccount">%%1843</Data>
<Data Name="TargetLinkedLogonId">0x0000000000000000</Data>
<Data Name="ElevatedToken">%%1842</Data>
</EventData>
</Event>

<Event xmlns="http://schemas.microsoft.com/win/2004/08/events/event"><System><Provider Name="Microsoft-Windows-Security-Auditing" Guid="{54849625-5478-4994-a5ba-3e3b0328c30d}"></Provider>
<EventID Qualifiers="">4624</EventID>
<Version>2</Version>
<Level>0</Level>
<Task>12544</Task>
<Opcode>0</Opcode>
<Keywords>0x8020000000000000</Keywords>
<TimeCreated SystemTime="2018-09-10 12:51:40.261299"></TimeCreated>
<EventRecordID>237419</EventRecordID>
<Correlation ActivityID="{71a9b66f-4900-0001-a8b6-a9710049d401}" RelatedActivityID=""></Correlation>
<Execution ProcessID="664" ThreadID="12152"></Execution>
<Channel>Security</Channel>
<Computer>WIN-KCON-EXCH16.EM.KRINGLECON.COM</Computer>
<Security UserID=""></Security>
</System>
<EventData><Data Name="SubjectUserSid">S-1-0-0</Data>
<Data Name="SubjectUserName">-</Data>
<Data Name="SubjectDomainName">-</Data>
<Data Name="SubjectLogonId">0x0000000000000000</Data>
<Data Name="TargetUserSid">S-1-5-21-25059752-1411454016-2901770228-1134</Data>
<Data Name="TargetUserName">HealthMailboxbe58608</Data>
<Data Name="TargetDomainName">EM.KRINGLECON.COM</Data>
<Data Name="TargetLogonId">0x0000000000a03d21</Data>
<Data Name="LogonType">3</Data>
<Data Name="LogonProcessName">Kerberos</Data>
<Data Name="AuthenticationPackageName">Kerberos</Data>
<Data Name="WorkstationName">-</Data>
<Data Name="LogonGuid">{07b73b89-15b3-b7c4-e678-b6ee566f408f}</Data>
<Data Name="TransmittedServices">-</Data>
<Data Name="LmPackageName">-</Data>
<Data Name="KeyLength">0</Data>
<Data Name="ProcessId">0x0000000000000000</Data>
<Data Name="ProcessName">-</Data>
<Data Name="IpAddress">127.0.0.1</Data>
<Data Name="IpPort">10854</Data>
<Data Name="ImpersonationLevel">%%1840</Data>
<Data Name="RestrictedAdminMode">-</Data>
<Data Name="TargetOutboundUserName">-</Data>
<Data Name="TargetOutboundDomainName">-</Data>
<Data Name="VirtualAccount">%%1843</Data>
<Data Name="TargetLinkedLogonId">0x0000000000000000</Data>
<Data Name="ElevatedToken">%%1842</Data>
</EventData>
</Event>

<Event xmlns="http://schemas.microsoft.com/win/2004/08/events/event"><System><Provider Name="Microsoft-Windows-Security-Auditing" Guid="{54849625-5478-4994-a5ba-3e3b0328c30d}"></Provider>
<EventID Qualifiers="">4776</EventID>
<Version>0</Version>
<Level>0</Level>
<Task>14336</Task>
<Opcode>0</Opcode>
<Keywords>0x8020000000000000</Keywords>
<TimeCreated SystemTime="2018-09-10 12:51:44.637115"></TimeCreated>
<EventRecordID>237422</EventRecordID>
<Correlation ActivityID="" RelatedActivityID=""></Correlation>
<Execution ProcessID="664" ThreadID="848"></Execution>
<Channel>Security</Channel>
<Computer>WIN-KCON-EXCH16.EM.KRINGLECON.COM</Computer>
<Security UserID=""></Security>
</System>
<EventData><Data Name="PackageName">MICROSOFT_AUTHENTICATION_PACKAGE_V1_0</Data>
<Data Name="TargetUserName">HealthMailboxbe58608d4925422d8e4ea458cfedc612@EM.KRINGLECON.COM</Data>
<Data Name="Workstation">WIN-KCON-EXCH16</Data>
<Data Name="Status">0x00000000</Data>
</EventData>
</Event>

<Event xmlns="http://schemas.microsoft.com/win/2004/08/events/event"><System><Provider Name="Microsoft-Windows-Security-Auditing" Guid="{54849625-5478-4994-a5ba-3e3b0328c30d}"></Provider>
<EventID Qualifiers="">4624</EventID>
<Version>2</Version>
<Level>0</Level>
<Task>12544</Task>
<Opcode>0</Opcode>
<Keywords>0x8020000000000000</Keywords>
<TimeCreated SystemTime="2018-09-10 12:51:44.637432"></TimeCreated>
<EventRecordID>237423</EventRecordID>
<Correlation ActivityID="" RelatedActivityID=""></Correlation>
<Execution ProcessID="664" ThreadID="848"></Execution>
<Channel>Security</Channel>
<Computer>WIN-KCON-EXCH16.EM.KRINGLECON.COM</Computer>
<Security UserID=""></Security>
</System>
<EventData><Data Name="SubjectUserSid">S-1-0-0</Data>
<Data Name="SubjectUserName">-</Data>
<Data Name="SubjectDomainName">-</Data>
<Data Name="SubjectLogonId">0x0000000000000000</Data>
<Data Name="TargetUserSid">S-1-5-21-25059752-1411454016-2901770228-1134</Data>
<Data Name="TargetUserName">HealthMailboxbe58608</Data>
<Data Name="TargetDomainName">EM.KRINGLECON</Data>
<Data Name="TargetLogonId">0x0000000000a0428a</Data>
<Data Name="LogonType">3</Data>
<Data Name="LogonProcessName">NtLmSsp </Data>
<Data Name="AuthenticationPackageName">NTLM</Data>
<Data Name="WorkstationName">WIN-KCON-EXCH16</Data>
<Data Name="LogonGuid">{00000000-0000-0000-0000-000000000000}</Data>
<Data Name="TransmittedServices">-</Data>
<Data Name="LmPackageName">NTLM V2</Data>
<Data Name="KeyLength">0</Data>
<Data Name="ProcessId">0x0000000000000000</Data>
<Data Name="ProcessName">-</Data>
<Data Name="IpAddress">fe80::b0d8:bf3b:51aa:caba</Data>
<Data Name="IpPort">10857</Data>
<Data Name="ImpersonationLevel">%%1833</Data>
<Data Name="RestrictedAdminMode">-</Data>
<Data Name="TargetOutboundUserName">-</Data>
<Data Name="TargetOutboundDomainName">-</Data>
<Data Name="VirtualAccount">%%1843</Data>
<Data Name="TargetLinkedLogonId">0x0000000000000000</Data>
<Data Name="ElevatedToken">%%1842</Data>
</EventData>
</Event>

<Event xmlns="http://schemas.microsoft.com/win/2004/08/events/event"><System><Provider Name="Microsoft-Windows-Security-Auditing" Guid="{54849625-5478-4994-a5ba-3e3b0328c30d}"></Provider>
<EventID Qualifiers="">4624</EventID>
<Version>2</Version>
<Level>0</Level>
<Task>12544</Task>
<Opcode>0</Opcode>
<Keywords>0x8020000000000000</Keywords>
<TimeCreated SystemTime="2018-09-10 12:51:47.009684"></TimeCreated>
<EventRecordID>237431</EventRecordID>
<Correlation ActivityID="{71a9b66f-4900-0001-a8b6-a9710049d401}" RelatedActivityID=""></Correlation>
<Execution ProcessID="664" ThreadID="12152"></Execution>
<Channel>Security</Channel>
<Computer>WIN-KCON-EXCH16.EM.KRINGLECON.COM</Computer>
<Security UserID=""></Security>
</System>
<EventData><Data Name="SubjectUserSid">S-1-0-0</Data>
<Data Name="SubjectUserName">-</Data>
<Data Name="SubjectDomainName">-</Data>
<Data Name="SubjectLogonId">0x0000000000000000</Data>
<Data Name="TargetUserSid">S-1-5-21-25059752-1411454016-2901770228-1134</Data>
<Data Name="TargetUserName">HealthMailboxbe58608</Data>
<Data Name="TargetDomainName">EM.KRINGLECON.COM</Data>
<Data Name="TargetLogonId">0x0000000000a0458c</Data>
<Data Name="LogonType">3</Data>
<Data Name="LogonProcessName">Kerberos</Data>
<Data Name="AuthenticationPackageName">Kerberos</Data>
<Data Name="WorkstationName">-</Data>
<Data Name="LogonGuid">{07b73b89-15b3-b7c4-e678-b6ee566f408f}</Data>
<Data Name="TransmittedServices">-</Data>
<Data Name="LmPackageName">-</Data>
<Data Name="KeyLength">0</Data>
<Data Name="ProcessId">0x0000000000000000</Data>
<Data Name="ProcessName">-</Data>
<Data Name="IpAddress">127.0.0.1</Data>
<Data Name="IpPort">10863</Data>
<Data Name="ImpersonationLevel">%%1840</Data>
<Data Name="RestrictedAdminMode">-</Data>
<Data Name="TargetOutboundUserName">-</Data>
<Data Name="TargetOutboundDomainName">-</Data>
<Data Name="VirtualAccount">%%1843</Data>
<Data Name="TargetLinkedLogonId">0x0000000000000000</Data>
<Data Name="ElevatedToken">%%1842</Data>
</EventData>
</Event>

