<Event xmlns="http://schemas.microsoft.com/win/2004/08/events/event"><System><Provider Name="Microsoft-Windows-Security-Auditing" Guid="{54849625-5478-4994-a5ba-3e3b0328c30d}"></Provider>
<EventID Qualifiers="">4624</EventID>
<Version>2</Version>
<Level>0</Level>
<Task>12544</Task>
<Opcode>0</Opcode>
<Keywords>0x8020000000000000</Keywords>
<TimeCreated SystemTime="2018-09-10 12:42:50.793324"></TimeCreated>
<EventRecordID>235401</EventRecordID>
<Correlation ActivityID="{71a9b66f-4900-0001-a8b6-a9710049d401}" RelatedActivityID=""></Correlation>
<Execution ProcessID="664" ThreadID="15648"></Execution>
<Channel>Security</Channel>
<Computer>WIN-KCON-EXCH16.EM.KRINGLECON.COM</Computer>
<Security UserID=""></Security>
</System>
<EventData><Data Name="SubjectUserSid">S-1-5-18</Data>
<Data Name="SubjectUserName">WIN-KCON-EXCH16$</Data>
<Data Name="SubjectDomainName">EM.KRINGLECON</Data>
<Data Name="SubjectLogonId">0x00000000000003e7</Data>
<Data Name="TargetUserSid">S-1-5-21-25059752-1411454016-2901770228-1133</Data>
<Data Name="TargetUserName">HealthMailboxbab78a6</Data>
<Data Name="TargetDomainName">EM.KRINGLECON</Data>
<Data Name="TargetLogonId">0x0000000000857032</Data>
<Data Name="LogonType">3</Data>
<Data Name="LogonProcessName">C</Data>
<Data Name="AuthenticationPackageName">Kerberos</Data>
<Data Name="WorkstationName">WIN-KCON-EXCH16</Data>
<Data Name="LogonGuid">{0ea3f09e-2f9b-5b70-2b34-709db60081c6}</Data>
<Data Name="TransmittedServices">-</Data>
<Data Name="LmPackageName">-</Data>
<Data Name="KeyLength">0</Data>
<Data Name="ProcessId">0x0000000000002494</Data>
<Data Name="ProcessName">C:\Program Files\Microsoft\Exchange Server\V15\Bin\MSExchangeHMWorker.exe</Data>
<Data Name="IpAddress">-</Data>
<Data Name="IpPort">-</Data>
<Data Name="ImpersonationLevel">%%1833</Data>
<Data Name="RestrictedAdminMode">-</Data>
<Data Name="TargetOutboundUserName">-</Data>
<Data Name="TargetOutboundDomainName">-</Data>
<Data Name="VirtualAccount">%%1843</Data>
<Data Name="TargetLinkedLogonId">0x0000000000000000</Data>
<Data Name="ElevatedToken">%%1842</Data>
</EventData>
</Event>

<Event xmlns="http://schemas.microsoft.com/win/2004/08/events/event"><System><Provider Name="Microsoft-Windows-Security-Auditing" Guid="{54849625-5478-4994-a5ba-3e3b0328c30d}"></Provider>
<EventID Qualifiers="">4624</EventID>
<Version>2</Version>
<Level>0</Level>
<Task>12544</Task>
<Opcode>0</Opcode>
<Keywords>0x8020000000000000</Keywords>
<TimeCreated SystemTime="2018-09-10 12:42:59.830605"></TimeCreated>
<EventRecordID>235428</EventRecordID>
<Correlation ActivityID="{71a9b66f-4900-0001-a8b6-a9710049d401}" RelatedActivityID=""></Correlation>
<Execution ProcessID="664" ThreadID="12152"></Execution>
<Channel>Security</Channel>
<Computer>WIN-KCON-EXCH16.EM.KRINGLECON.COM</Computer>
<Security UserID=""></Security>
</System>
<EventData><Data Name="SubjectUserSid">S-1-0-0</Data>
<Data Name="SubjectUserName">-</Data>
<Data Name="SubjectDomainName">-</Data>
<Data Name="SubjectLogonId">0x0000000000000000</Data>
<Data Name="TargetUserSid">S-1-5-21-25059752-1411454016-2901770228-1134</Data>
<Data Name="TargetUserName">HealthMailboxbe58608</Data>
<Data Name="TargetDomainName">EM.KRINGLECON.COM</Data>
<Data Name="TargetLogonId">0x0000000000857f76</Data>
<Data Name="LogonType">3</Data>
<Data Name="LogonProcessName">Kerberos</Data>
<Data Name="AuthenticationPackageName">Kerberos</Data>
<Data Name="WorkstationName">-</Data>
<Data Name="LogonGuid">{07b73b89-15b3-b7c4-e678-b6ee566f408f}</Data>
<Data Name="TransmittedServices">-</Data>
<Data Name="LmPackageName">-</Data>
<Data Name="KeyLength">0</Data>
<Data Name="ProcessId">0x0000000000000000</Data>
<Data Name="ProcessName">-</Data>
<Data Name="IpAddress">::1</Data>
<Data Name="IpPort">9816</Data>
<Data Name="ImpersonationLevel">%%1840</Data>
<Data Name="RestrictedAdminMode">-</Data>
<Data Name="TargetOutboundUserName">-</Data>
<Data Name="TargetOutboundDomainName">-</Data>
<Data Name="VirtualAccount">%%1843</Data>
<Data Name="TargetLinkedLogonId">0x0000000000000000</Data>
<Data Name="ElevatedToken">%%1842</Data>
</EventData>
</Event>

<Event xmlns="http://schemas.microsoft.com/win/2004/08/events/event"><System><Provider Name="Microsoft-Windows-Security-Auditing" Guid="{54849625-5478-4994-a5ba-3e3b0328c30d}"></Provider>
<EventID Qualifiers="">4769</EventID>
<Version>0</Version>
<Level>0</Level>
<Task>14337</Task>
<Opcode>0</Opcode>
<Keywords>0x8020000000000000</Keywords>
<TimeCreated SystemTime="2018-09-10 12:43:14.432348"></TimeCreated>
<EventRecordID>235432</EventRecordID>
<Correlation ActivityID="" RelatedActivityID=""></Correlation>
<Execution ProcessID="664" ThreadID="2468"></Execution>
<Channel>Security</Channel>
<Computer>WIN-KCON-EXCH16.EM.KRINGLECON.COM</Computer>
<Security UserID=""></Security>
</System>
<EventData><Data Name="TargetUserName">WIN-KCON-EXCH16$@EM.KRINGLECON.COM</Data>
<Data Name="TargetDomainName">EM.KRINGLECON.COM</Data>
<Data Name="ServiceName">WIN-KCON-EXCH16$</Data>
<Data Name="ServiceSid">S-1-5-21-25059752-1411454016-2901770228-1000</Data>
<Data Name="TicketOptions">0x40810000</Data>
<Data Name="TicketEncryptionType">0x00000012</Data>
<Data Name="IpAddress">::ffff:169.254.202.186</Data>
<Data Name="IpPort">9829</Data>
<Data Name="Status">0x00000000</Data>
<Data Name="LogonGuid">{0c4a6fea-a93d-7c26-d8f3-2381be2be66a}</Data>
<Data Name="TransmittedServices">-</Data>
</EventData>
</Event>

<Event xmlns="http://schemas.microsoft.com/win/2004/08/events/event"><System><Provider Name="Microsoft-Windows-Security-Auditing" Guid="{54849625-5478-4994-a5ba-3e3b0328c30d}"></Provider>
<EventID Qualifiers="">4624</EventID>
<Version>2</Version>
<Level>0</Level>
<Task>12544</Task>
<Opcode>0</Opcode>
<Keywords>0x8020000000000000</Keywords>
<TimeCreated SystemTime="2018-09-10 12:43:14.432890"></TimeCreated>
<EventRecordID>235434</EventRecordID>
<Correlation ActivityID="{71a9b66f-4900-0001-a8b6-a9710049d401}" RelatedActivityID=""></Correlation>
<Execution ProcessID="664" ThreadID="15648"></Execution>
<Channel>Security</Channel>
<Computer>WIN-KCON-EXCH16.EM.KRINGLECON.COM</Computer>
<Security UserID=""></Security>
</System>
<EventData><Data Name="SubjectUserSid">S-1-5-18</Data>
<Data Name="SubjectUserName">WIN-KCON-EXCH16$</Data>
<Data Name="SubjectDomainName">EM.KRINGLECON</Data>
<Data Name="SubjectLogonId">0x00000000000003e7</Data>
<Data Name="TargetUserSid">S-1-5-21-25059752-1411454016-2901770228-1133</Data>
<Data Name="TargetUserName">HealthMailboxbab78a6</Data>
<Data Name="TargetDomainName">EM.KRINGLECON</Data>
<Data Name="TargetLogonId">0x000000000085d93d</Data>
<Data Name="LogonType">3</Data>
<Data Name="LogonProcessName">C</Data>
<Data Name="AuthenticationPackageName">Kerberos</Data>
<Data Name="WorkstationName">WIN-KCON-EXCH16</Data>
<Data Name="LogonGuid">{960d0cac-3ead-7563-f119-2f40d27d1a37}</Data>
<Data Name="TransmittedServices">-</Data>
<Data Name="LmPackageName">-</Data>
<Data Name="KeyLength">0</Data>
<Data Name="ProcessId">0x0000000000002494</Data>
<Data Name="ProcessName">C:\Program Files\Microsoft\Exchange Server\V15\Bin\MSExchangeHMWorker.exe</Data>
<Data Name="IpAddress">-</Data>
<Data Name="IpPort">-</Data>
<Data Name="ImpersonationLevel">%%1833</Data>
<Data Name="RestrictedAdminMode">-</Data>
<Data Name="TargetOutboundUserName">-</Data>
<Data Name="TargetOutboundDomainName">-</Data>
<Data Name="VirtualAccount">%%1843</Data>
<Data Name="TargetLinkedLogonId">0x0000000000000000</Data>
<Data Name="ElevatedToken">%%1842</Data>
</EventData>
</Event>

<Event xmlns="http://schemas.microsoft.com/win/2004/08/events/event"><System><Provider Name="Microsoft-Windows-Security-Auditing" Guid="{54849625-5478-4994-a5ba-3e3b0328c30d}"></Provider>
<EventID Qualifiers="">4624</EventID>
<Version>2</Version>
<Level>0</Level>
<Task>12544</Task>
<Opcode>0</Opcode>
<Keywords>0x8020000000000000</Keywords>
<TimeCreated SystemTime="2018-09-10 12:43:25.525738"></TimeCreated>
<EventRecordID>235475</EventRecordID>
<Correlation ActivityID="{71a9b66f-4900-0001-a8b6-a9710049d401}" RelatedActivityID=""></Correlation>
<Execution ProcessID="664" ThreadID="12152"></Execution>
<Channel>Security</Channel>
<Computer>WIN-KCON-EXCH16.EM.KRINGLECON.COM</Computer>
<Security UserID=""></Security>
</System>
<EventData><Data Name="SubjectUserSid">S-1-0-0</Data>
<Data Name="SubjectUserName">-</Data>
<Data Name="SubjectDomainName">-</Data>
<Data Name="SubjectLogonId">0x0000000000000000</Data>
<Data Name="TargetUserSid">S-1-5-21-25059752-1411454016-2901770228-1134</Data>
<Data Name="TargetUserName">HealthMailboxbe58608</Data>
<Data Name="TargetDomainName">EM.KRINGLECON.COM</Data>
<Data Name="TargetLogonId">0x0000000000860da1</Data>
<Data Name="LogonType">3</Data>
<Data Name="LogonProcessName">Kerberos</Data>
<Data Name="AuthenticationPackageName">Kerberos</Data>
<Data Name="WorkstationName">-</Data>
<Data Name="LogonGuid">{66b54d86-4302-a414-4b44-b4078e2c002e}</Data>
<Data Name="TransmittedServices">-</Data>
<Data Name="LmPackageName">-</Data>
<Data Name="KeyLength">0</Data>
<Data Name="ProcessId">0x0000000000000000</Data>
<Data Name="ProcessName">-</Data>
<Data Name="IpAddress">127.0.0.1</Data>
<Data Name="IpPort">9844</Data>
<Data Name="ImpersonationLevel">%%1840</Data>
<Data Name="RestrictedAdminMode">-</Data>
<Data Name="TargetOutboundUserName">-</Data>
<Data Name="TargetOutboundDomainName">-</Data>
<Data Name="VirtualAccount">%%1843</Data>
<Data Name="TargetLinkedLogonId">0x0000000000000000</Data>
<Data Name="ElevatedToken">%%1842</Data>
</EventData>
</Event>

<Event xmlns="http://schemas.microsoft.com/win/2004/08/events/event"><System><Provider Name="Microsoft-Windows-Security-Auditing" Guid="{54849625-5478-4994-a5ba-3e3b0328c30d}"></Provider>
<EventID Qualifiers="">4624</EventID>
<Version>2</Version>
<Level>0</Level>
<Task>12544</Task>
<Opcode>0</Opcode>
<Keywords>0x8020000000000000</Keywords>
<TimeCreated SystemTime="2018-09-10 12:43:28.798515"></TimeCreated>
<EventRecordID>235511</EventRecordID>
<Correlation ActivityID="{71a9b66f-4900-0001-a8b6-a9710049d401}" RelatedActivityID=""></Correlation>
<Execution ProcessID="664" ThreadID="12152"></Execution>
<Channel>Security</Channel>
<Computer>WIN-KCON-EXCH16.EM.KRINGLECON.COM</Computer>
<Security UserID=""></Security>
</System>
<EventData><Data Name="SubjectUserSid">S-1-0-0</Data>
<Data Name="SubjectUserName">-</Data>
<Data Name="SubjectDomainName">-</Data>
<Data Name="SubjectLogonId">0x0000000000000000</Data>
<Data Name="TargetUserSid">S-1-5-21-25059752-1411454016-2901770228-1134</Data>
<Data Name="TargetUserName">HealthMailboxbe58608</Data>
<Data Name="TargetDomainName">EM.KRINGLECON.COM</Data>
<Data Name="TargetLogonId">0x0000000000861684</Data>
<Data Name="LogonType">3</Data>
<Data Name="LogonProcessName">Kerberos</Data>
<Data Name="AuthenticationPackageName">Kerberos</Data>
<Data Name="WorkstationName">-</Data>
<Data Name="LogonGuid">{66b54d86-4302-a414-4b44-b4078e2c002e}</Data>
<Data Name="TransmittedServices">-</Data>
<Data Name="LmPackageName">-</Data>
<Data Name="KeyLength">0</Data>
<Data Name="ProcessId">0x0000000000000000</Data>
<Data Name="ProcessName">-</Data>
<Data Name="IpAddress">127.0.0.1</Data>
<Data Name="IpPort">9860</Data>
<Data Name="ImpersonationLevel">%%1840</Data>
<Data Name="RestrictedAdminMode">-</Data>
<Data Name="TargetOutboundUserName">-</Data>
<Data Name="TargetOutboundDomainName">-</Data>
<Data Name="VirtualAccount">%%1843</Data>
<Data Name="TargetLinkedLogonId">0x0000000000000000</Data>
<Data Name="ElevatedToken">%%1842</Data>
</EventData>
</Event>

<Event xmlns="http://schemas.microsoft.com/win/2004/08/events/event"><System><Provider Name="Microsoft-Windows-Security-Auditing" Guid="{54849625-5478-4994-a5ba-3e3b0328c30d}"></Provider>
<EventID Qualifiers="">4624</EventID>
<Version>2</Version>
<Level>0</Level>
<Task>12544</Task>
<Opcode>0</Opcode>
<Keywords>0x8020000000000000</Keywords>
<TimeCreated SystemTime="2018-09-10 12:43:39.760046"></TimeCreated>
<EventRecordID>235527</EventRecordID>
<Correlation ActivityID="{71a9b66f-4900-0001-a8b6-a9710049d401}" RelatedActivityID=""></Correlation>
<Execution ProcessID="664" ThreadID="720"></Execution>
<Channel>Security</Channel>
<Computer>WIN-KCON-EXCH16.EM.KRINGLECON.COM</Computer>
<Security UserID=""></Security>
</System>
<EventData><Data Name="SubjectUserSid">S-1-0-0</Data>
<Data Name="SubjectUserName">-</Data>
<Data Name="SubjectDomainName">-</Data>
<Data Name="SubjectLogonId">0x0000000000000000</Data>
<Data Name="TargetUserSid">S-1-5-21-25059752-1411454016-2901770228-1134</Data>
<Data Name="TargetUserName">HealthMailboxbe58608</Data>
<Data Name="TargetDomainName">EM.KRINGLECON.COM</Data>
<Data Name="TargetLogonId">0x000000000086580e</Data>
<Data Name="LogonType">3</Data>
<Data Name="LogonProcessName">Kerberos</Data>
<Data Name="AuthenticationPackageName">Kerberos</Data>
<Data Name="WorkstationName">-</Data>
<Data Name="LogonGuid">{66b54d86-4302-a414-4b44-b4078e2c002e}</Data>
<Data Name="TransmittedServices">-</Data>
<Data Name="LmPackageName">-</Data>
<Data Name="KeyLength">0</Data>
<Data Name="ProcessId">0x0000000000000000</Data>
<Data Name="ProcessName">-</Data>
<Data Name="IpAddress">::1</Data>
<Data Name="IpPort">9879</Data>
<Data Name="ImpersonationLevel">%%1840</Data>
<Data Name="RestrictedAdminMode">-</Data>
<Data Name="TargetOutboundUserName">-</Data>
<Data Name="TargetOutboundDomainName">-</Data>
<Data Name="VirtualAccount">%%1843</Data>
<Data Name="TargetLinkedLogonId">0x0000000000000000</Data>
<Data Name="ElevatedToken">%%1842</Data>
</EventData>
</Event>

<Event xmlns="http://schemas.microsoft.com/win/2004/08/events/event"><System><Provider Name="Microsoft-Windows-Security-Auditing" Guid="{54849625-5478-4994-a5ba-3e3b0328c30d}"></Provider>
<EventID Qualifiers="">4624</EventID>
<Version>2</Version>
<Level>0</Level>
<Task>12544</Task>
<Opcode>0</Opcode>
<Keywords>0x8020000000000000</Keywords>
<TimeCreated SystemTime="2018-09-10 12:43:46.008600"></TimeCreated>
<EventRecordID>235537</EventRecordID>
<Correlation ActivityID="{71a9b66f-4900-0001-a8b6-a9710049d401}" RelatedActivityID=""></Correlation>
<Execution ProcessID="664" ThreadID="12152"></Execution>
<Channel>Security</Channel>
<Computer>WIN-KCON-EXCH16.EM.KRINGLECON.COM</Computer>
<Security UserID=""></Security>
</System>
<EventData><Data Name="SubjectUserSid">S-1-0-0</Data>
<Data Name="SubjectUserName">-</Data>
<Data Name="SubjectDomainName">-</Data>
<Data Name="SubjectLogonId">0x0000000000000000</Data>
<Data Name="TargetUserSid">S-1-5-21-25059752-1411454016-2901770228-1134</Data>
<Data Name="TargetUserName">HealthMailboxbe58608</Data>
<Data Name="TargetDomainName">EM.KRINGLECON.COM</Data>
<Data Name="TargetLogonId">0x0000000000866765</Data>
<Data Name="LogonType">3</Data>
<Data Name="LogonProcessName">Kerberos</Data>
<Data Name="AuthenticationPackageName">Kerberos</Data>
<Data Name="WorkstationName">-</Data>
<Data Name="LogonGuid">{07b73b89-15b3-b7c4-e678-b6ee566f408f}</Data>
<Data Name="TransmittedServices">-</Data>
<Data Name="LmPackageName">-</Data>
<Data Name="KeyLength">0</Data>
<Data Name="ProcessId">0x0000000000000000</Data>
<Data Name="ProcessName">-</Data>
<Data Name="IpAddress">127.0.0.1</Data>
<Data Name="IpPort">9887</Data>
<Data Name="ImpersonationLevel">%%1840</Data>
<Data Name="RestrictedAdminMode">-</Data>
<Data Name="TargetOutboundUserName">-</Data>
<Data Name="TargetOutboundDomainName">-</Data>
<Data Name="VirtualAccount">%%1843</Data>
<Data Name="TargetLinkedLogonId">0x0000000000000000</Data>
<Data Name="ElevatedToken">%%1842</Data>
</EventData>
</Event>

<Event xmlns="http://schemas.microsoft.com/win/2004/08/events/event"><System><Provider Name="Microsoft-Windows-Security-Auditing" Guid="{54849625-5478-4994-a5ba-3e3b0328c30d}"></Provider>
<EventID Qualifiers="">4624</EventID>
<Version>2</Version>
<Level>0</Level>
<Task>12544</Task>
<Opcode>0</Opcode>
<Keywords>0x8020000000000000</Keywords>
<TimeCreated SystemTime="2018-09-10 12:43:46.574137"></TimeCreated>
<EventRecordID>235540</EventRecordID>
<Correlation ActivityID="{71a9b66f-4900-0001-a8b6-a9710049d401}" RelatedActivityID=""></Correlation>
<Execution ProcessID="664" ThreadID="15576"></Execution>
<Channel>Security</Channel>
<Computer>WIN-KCON-EXCH16.EM.KRINGLECON.COM</Computer>
<Security UserID=""></Security>
</System>
<EventData><Data Name="SubjectUserSid">S-1-0-0</Data>
<Data Name="SubjectUserName">-</Data>
<Data Name="SubjectDomainName">-</Data>
<Data Name="SubjectLogonId">0x0000000000000000</Data>
<Data Name="TargetUserSid">S-1-5-21-25059752-1411454016-2901770228-1134</Data>
<Data Name="TargetUserName">HealthMailboxbe58608</Data>
<Data Name="TargetDomainName">EM.KRINGLECON.COM</Data>
<Data Name="TargetLogonId">0x000000000086a349</Data>
<Data Name="LogonType">3</Data>
<Data Name="LogonProcessName">Kerberos</Data>
<Data Name="AuthenticationPackageName">Kerberos</Data>
<Data Name="WorkstationName">-</Data>
<Data Name="LogonGuid">{66b54d86-4302-a414-4b44-b4078e2c002e}</Data>
<Data Name="TransmittedServices">-</Data>
<Data Name="LmPackageName">-</Data>
<Data Name="KeyLength">0</Data>
<Data Name="ProcessId">0x0000000000000000</Data>
<Data Name="ProcessName">-</Data>
<Data Name="IpAddress">-</Data>
<Data Name="IpPort">-</Data>
<Data Name="ImpersonationLevel">%%1840</Data>
<Data Name="RestrictedAdminMode">-</Data>
<Data Name="TargetOutboundUserName">-</Data>
<Data Name="TargetOutboundDomainName">-</Data>
<Data Name="VirtualAccount">%%1843</Data>
<Data Name="TargetLinkedLogonId">0x0000000000000000</Data>
<Data Name="ElevatedToken">%%1842</Data>
</EventData>
</Event>

<Event xmlns="http://schemas.microsoft.com/win/2004/08/events/event"><System><Provider Name="Microsoft-Windows-Security-Auditing" Guid="{54849625-5478-4994-a5ba-3e3b0328c30d}"></Provider>
<EventID Qualifiers="">4624</EventID>
<Version>2</Version>
<Level>0</Level>
<Task>12544</Task>
<Opcode>0</Opcode>
<Keywords>0x8020000000000000</Keywords>
<TimeCreated SystemTime="2018-09-10 12:43:59.846180"></TimeCreated>
<EventRecordID>235576</EventRecordID>
<Correlation ActivityID="{71a9b66f-4900-0001-a8b6-a9710049d401}" RelatedActivityID=""></Correlation>
<Execution ProcessID="664" ThreadID="15576"></Execution>
<Channel>Security</Channel>
<Computer>WIN-KCON-EXCH16.EM.KRINGLECON.COM</Computer>
<Security UserID=""></Security>
</System>
<EventData><Data Name="SubjectUserSid">S-1-0-0</Data>
<Data Name="SubjectUserName">-</Data>
<Data Name="SubjectDomainName">-</Data>
<Data Name="SubjectLogonId">0x0000000000000000</Data>
<Data Name="TargetUserSid">S-1-5-21-25059752-1411454016-2901770228-1134</Data>
<Data Name="TargetUserName">HealthMailboxbe58608</Data>
<Data Name="TargetDomainName">EM.KRINGLECON.COM</Data>
<Data Name="TargetLogonId">0x000000000086dab3</Data>
<Data Name="LogonType">3</Data>
<Data Name="LogonProcessName">Kerberos</Data>
<Data Name="AuthenticationPackageName">Kerberos</Data>
<Data Name="WorkstationName">-</Data>
<Data Name="LogonGuid">{66b54d86-4302-a414-4b44-b4078e2c002e}</Data>
<Data Name="TransmittedServices">-</Data>
<Data Name="LmPackageName">-</Data>
<Data Name="KeyLength">0</Data>
<Data Name="ProcessId">0x0000000000000000</Data>
<Data Name="ProcessName">-</Data>
<Data Name="IpAddress">127.0.0.1</Data>
<Data Name="IpPort">9923</Data>
<Data Name="ImpersonationLevel">%%1840</Data>
<Data Name="RestrictedAdminMode">-</Data>
<Data Name="TargetOutboundUserName">-</Data>
<Data Name="TargetOutboundDomainName">-</Data>
<Data Name="VirtualAccount">%%1843</Data>
<Data Name="TargetLinkedLogonId">0x0000000000000000</Data>
<Data Name="ElevatedToken">%%1842</Data>
</EventData>
</Event>

<Event xmlns="http://schemas.microsoft.com/win/2004/08/events/event"><System><Provider Name="Microsoft-Windows-Security-Auditing" Guid="{54849625-5478-4994-a5ba-3e3b0328c30d}"></Provider>
<EventID Qualifiers="">4776</EventID>
<Version>0</Version>
<Level>0</Level>
<Task>14336</Task>
<Opcode>0</Opcode>
<Keywords>0x8020000000000000</Keywords>
<TimeCreated SystemTime="2018-09-10 12:44:04.488951"></TimeCreated>
<EventRecordID>235582</EventRecordID>
<Correlation ActivityID="" RelatedActivityID=""></Correlation>
<Execution ProcessID="664" ThreadID="720"></Execution>
<Channel>Security</Channel>
<Computer>WIN-KCON-EXCH16.EM.KRINGLECON.COM</Computer>
<Security UserID=""></Security>
</System>
<EventData><Data Name="PackageName">MICROSOFT_AUTHENTICATION_PACKAGE_V1_0</Data>
<Data Name="TargetUserName">HealthMailboxbe58608d4925422d8e4ea458cfedc612@EM.KRINGLECON.COM</Data>
<Data Name="Workstation">WIN-KCON-EXCH16</Data>
<Data Name="Status">0x00000000</Data>
</EventData>
</Event>

<Event xmlns="http://schemas.microsoft.com/win/2004/08/events/event"><System><Provider Name="Microsoft-Windows-Security-Auditing" Guid="{54849625-5478-4994-a5ba-3e3b0328c30d}"></Provider>
<EventID Qualifiers="">4624</EventID>
<Version>2</Version>
<Level>0</Level>
<Task>12544</Task>
<Opcode>0</Opcode>
<Keywords>0x8020000000000000</Keywords>
<TimeCreated SystemTime="2018-09-10 12:44:04.490175"></TimeCreated>
<EventRecordID>235583</EventRecordID>
<Correlation ActivityID="" RelatedActivityID=""></Correlation>
<Execution ProcessID="664" ThreadID="720"></Execution>
<Channel>Security</Channel>
<Computer>WIN-KCON-EXCH16.EM.KRINGLECON.COM</Computer>
<Security UserID=""></Security>
</System>
<EventData><Data Name="SubjectUserSid">S-1-0-0</Data>
<Data Name="SubjectUserName">-</Data>
<Data Name="SubjectDomainName">-</Data>
<Data Name="SubjectLogonId">0x0000000000000000</Data>
<Data Name="TargetUserSid">S-1-5-21-25059752-1411454016-2901770228-1134</Data>
<Data Name="TargetUserName">HealthMailboxbe58608</Data>
<Data Name="TargetDomainName">EM.KRINGLECON</Data>
<Data Name="TargetLogonId">0x000000000086e521</Data>
<Data Name="LogonType">3</Data>
<Data Name="LogonProcessName">NtLmSsp </Data>
<Data Name="AuthenticationPackageName">NTLM</Data>
<Data Name="WorkstationName">WIN-KCON-EXCH16</Data>
<Data Name="LogonGuid">{00000000-0000-0000-0000-000000000000}</Data>
<Data Name="TransmittedServices">-</Data>
<Data Name="LmPackageName">NTLM V2</Data>
<Data Name="KeyLength">0</Data>
<Data Name="ProcessId">0x0000000000000000</Data>
<Data Name="ProcessName">-</Data>
<Data Name="IpAddress">fe80::b0d8:bf3b:51aa:caba</Data>
<Data Name="IpPort">9928</Data>
<Data Name="ImpersonationLevel">%%1833</Data>
<Data Name="RestrictedAdminMode">-</Data>
<Data Name="TargetOutboundUserName">-</Data>
<Data Name="TargetOutboundDomainName">-</Data>
<Data Name="VirtualAccount">%%1843</Data>
<Data Name="TargetLinkedLogonId">0x0000000000000000</Data>
<Data Name="ElevatedToken">%%1842</Data>
</EventData>
</Event>

<Event xmlns="http://schemas.microsoft.com/win/2004/08/events/event"><System><Provider Name="Microsoft-Windows-Security-Auditing" Guid="{54849625-5478-4994-a5ba-3e3b0328c30d}"></Provider>
<EventID Qualifiers="">4776</EventID>
<Version>0</Version>
<Level>0</Level>
<Task>14336</Task>
<Opcode>0</Opcode>
<Keywords>0x8020000000000000</Keywords>
<TimeCreated SystemTime="2018-09-10 12:44:04.525129"></TimeCreated>
<EventRecordID>235591</EventRecordID>
<Correlation ActivityID="" RelatedActivityID=""></Correlation>
<Execution ProcessID="664" ThreadID="12152"></Execution>
<Channel>Security</Channel>
<Computer>WIN-KCON-EXCH16.EM.KRINGLECON.COM</Computer>
<Security UserID=""></Security>
</System>
<EventData><Data Name="PackageName">MICROSOFT_AUTHENTICATION_PACKAGE_V1_0</Data>
<Data Name="TargetUserName">HealthMailboxbe58608d4925422d8e4ea458cfedc612@EM.KRINGLECON.COM</Data>
<Data Name="Workstation">WIN-KCON-EXCH16</Data>
<Data Name="Status">0x00000000</Data>
</EventData>
</Event>

<Event xmlns="http://schemas.microsoft.com/win/2004/08/events/event"><System><Provider Name="Microsoft-Windows-Security-Auditing" Guid="{54849625-5478-4994-a5ba-3e3b0328c30d}"></Provider>
<EventID Qualifiers="">4624</EventID>
<Version>2</Version>
<Level>0</Level>
<Task>12544</Task>
<Opcode>0</Opcode>
<Keywords>0x8020000000000000</Keywords>
<TimeCreated SystemTime="2018-09-10 12:44:04.525459"></TimeCreated>
<EventRecordID>235592</EventRecordID>
<Correlation ActivityID="" RelatedActivityID=""></Correlation>
<Execution ProcessID="664" ThreadID="12152"></Execution>
<Channel>Security</Channel>
<Computer>WIN-KCON-EXCH16.EM.KRINGLECON.COM</Computer>
<Security UserID=""></Security>
</System>
<EventData><Data Name="SubjectUserSid">S-1-0-0</Data>
<Data Name="SubjectUserName">-</Data>
<Data Name="SubjectDomainName">-</Data>
<Data Name="SubjectLogonId">0x0000000000000000</Data>
<Data Name="TargetUserSid">S-1-5-21-25059752-1411454016-2901770228-1134</Data>
<Data Name="TargetUserName">HealthMailboxbe58608</Data>
<Data Name="TargetDomainName">EM.KRINGLECON</Data>
<Data Name="TargetLogonId">0x000000000086e5c3</Data>
<Data Name="LogonType">3</Data>
<Data Name="LogonProcessName">NtLmSsp </Data>
<Data Name="AuthenticationPackageName">NTLM</Data>
<Data Name="WorkstationName">WIN-KCON-EXCH16</Data>
<Data Name="LogonGuid">{00000000-0000-0000-0000-000000000000}</Data>
<Data Name="TransmittedServices">-</Data>
<Data Name="LmPackageName">NTLM V2</Data>
<Data Name="KeyLength">0</Data>
<Data Name="ProcessId">0x0000000000000000</Data>
<Data Name="ProcessName">-</Data>
<Data Name="IpAddress">fe80::b0d8:bf3b:51aa:caba</Data>
<Data Name="IpPort">9931</Data>
<Data Name="ImpersonationLevel">%%1833</Data>
<Data Name="RestrictedAdminMode">-</Data>
<Data Name="TargetOutboundUserName">-</Data>
<Data Name="TargetOutboundDomainName">-</Data>
<Data Name="VirtualAccount">%%1843</Data>
<Data Name="TargetLinkedLogonId">0x0000000000000000</Data>
<Data Name="ElevatedToken">%%1842</Data>
</EventData>
</Event>

<Event xmlns="http://schemas.microsoft.com/win/2004/08/events/event"><System><Provider Name="Microsoft-Windows-Security-Auditing" Guid="{54849625-5478-4994-a5ba-3e3b0328c30d}"></Provider>
<EventID Qualifiers="">4776</EventID>
<Version>0</Version>
<Level>0</Level>
<Task>14336</Task>
<Opcode>0</Opcode>
<Keywords>0x8020000000000000</Keywords>
<TimeCreated SystemTime="2018-09-10 12:44:04.528278"></TimeCreated>
<EventRecordID>235594</EventRecordID>
<Correlation ActivityID="" RelatedActivityID=""></Correlation>
<Execution ProcessID="664" ThreadID="15576"></Execution>
<Channel>Security</Channel>
<Computer>WIN-KCON-EXCH16.EM.KRINGLECON.COM</Computer>
<Security UserID=""></Security>
</System>
<EventData><Data Name="PackageName">MICROSOFT_AUTHENTICATION_PACKAGE_V1_0</Data>
<Data Name="TargetUserName">HealthMailboxbe58608d4925422d8e4ea458cfedc612@EM.KRINGLECON.COM</Data>
<Data Name="Workstation">WIN-KCON-EXCH16</Data>
<Data Name="Status">0x00000000</Data>
</EventData>
</Event>

<Event xmlns="http://schemas.microsoft.com/win/2004/08/events/event"><System><Provider Name="Microsoft-Windows-Security-Auditing" Guid="{54849625-5478-4994-a5ba-3e3b0328c30d}"></Provider>
<EventID Qualifiers="">4624</EventID>
<Version>2</Version>
<Level>0</Level>
<Task>12544</Task>
<Opcode>0</Opcode>
<Keywords>0x8020000000000000</Keywords>
<TimeCreated SystemTime="2018-09-10 12:44:04.528627"></TimeCreated>
<EventRecordID>235595</EventRecordID>
<Correlation ActivityID="" RelatedActivityID=""></Correlation>
<Execution ProcessID="664" ThreadID="15576"></Execution>
<Channel>Security</Channel>
<Computer>WIN-KCON-EXCH16.EM.KRINGLECON.COM</Computer>
<Security UserID=""></Security>
</System>
<EventData><Data Name="SubjectUserSid">S-1-0-0</Data>
<Data Name="SubjectUserName">-</Data>
<Data Name="SubjectDomainName">-</Data>
<Data Name="SubjectLogonId">0x0000000000000000</Data>
<Data Name="TargetUserSid">S-1-5-21-25059752-1411454016-2901770228-1134</Data>
<Data Name="TargetUserName">HealthMailboxbe58608</Data>
<Data Name="TargetDomainName">EM.KRINGLECON</Data>
<Data Name="TargetLogonId">0x000000000086e5e2</Data>
<Data Name="LogonType">3</Data>
<Data Name="LogonProcessName">NtLmSsp </Data>
<Data Name="AuthenticationPackageName">NTLM</Data>
<Data Name="WorkstationName">WIN-KCON-EXCH16</Data>
<Data Name="LogonGuid">{00000000-0000-0000-0000-000000000000}</Data>
<Data Name="TransmittedServices">-</Data>
<Data Name="LmPackageName">NTLM V2</Data>
<Data Name="KeyLength">0</Data>
<Data Name="ProcessId">0x0000000000000000</Data>
<Data Name="ProcessName">-</Data>
<Data Name="IpAddress">fe80::b0d8:bf3b:51aa:caba</Data>
<Data Name="IpPort">9932</Data>
<Data Name="ImpersonationLevel">%%1833</Data>
<Data Name="RestrictedAdminMode">-</Data>
<Data Name="TargetOutboundUserName">-</Data>
<Data Name="TargetOutboundDomainName">-</Data>
<Data Name="VirtualAccount">%%1843</Data>
<Data Name="TargetLinkedLogonId">0x0000000000000000</Data>
<Data Name="ElevatedToken">%%1842</Data>
</EventData>
</Event>

<Event xmlns="http://schemas.microsoft.com/win/2004/08/events/event"><System><Provider Name="Microsoft-Windows-Security-Auditing" Guid="{54849625-5478-4994-a5ba-3e3b0328c30d}"></Provider>
<EventID Qualifiers="">4624</EventID>
<Version>2</Version>
<Level>0</Level>
<Task>12544</Task>
<Opcode>0</Opcode>
<Keywords>0x8020000000000000</Keywords>
<TimeCreated SystemTime="2018-09-10 12:44:05.425837"></TimeCreated>
<EventRecordID>235614</EventRecordID>
<Correlation ActivityID="{71a9b66f-4900-0001-a8b6-a9710049d401}" RelatedActivityID=""></Correlation>
<Execution ProcessID="664" ThreadID="720"></Execution>
<Channel>Security</Channel>
<Computer>WIN-KCON-EXCH16.EM.KRINGLECON.COM</Computer>
<Security UserID=""></Security>
</System>
<EventData><Data Name="SubjectUserSid">S-1-0-0</Data>
<Data Name="SubjectUserName">-</Data>
<Data Name="SubjectDomainName">-</Data>
<Data Name="SubjectLogonId">0x0000000000000000</Data>
<Data Name="TargetUserSid">S-1-5-21-25059752-1411454016-2901770228-1134</Data>
<Data Name="TargetUserName">HealthMailboxbe58608</Data>
<Data Name="TargetDomainName">EM.KRINGLECON.COM</Data>
<Data Name="TargetLogonId">0x000000000086e89f</Data>
<Data Name="LogonType">3</Data>
<Data Name="LogonProcessName">Kerberos</Data>
<Data Name="AuthenticationPackageName">Kerberos</Data>
<Data Name="WorkstationName">-</Data>
<Data Name="LogonGuid">{66b54d86-4302-a414-4b44-b4078e2c002e}</Data>
<Data Name="TransmittedServices">-</Data>
<Data Name="LmPackageName">-</Data>
<Data Name="KeyLength">0</Data>
<Data Name="ProcessId">0x0000000000000000</Data>
<Data Name="ProcessName">-</Data>
<Data Name="IpAddress">fe80::b0d8:bf3b:51aa:caba</Data>
<Data Name="IpPort">9940</Data>
<Data Name="ImpersonationLevel">%%1840</Data>
<Data Name="RestrictedAdminMode">-</Data>
<Data Name="TargetOutboundUserName">-</Data>
<Data Name="TargetOutboundDomainName">-</Data>
<Data Name="VirtualAccount">%%1843</Data>
<Data Name="TargetLinkedLogonId">0x0000000000000000</Data>
<Data Name="ElevatedToken">%%1842</Data>
</EventData>
</Event>

<Event xmlns="http://schemas.microsoft.com/win/2004/08/events/event"><System><Provider Name="Microsoft-Windows-Security-Auditing" Guid="{54849625-5478-4994-a5ba-3e3b0328c30d}"></Provider>
<EventID Qualifiers="">4624</EventID>
<Version>2</Version>
<Level>0</Level>
<Task>12544</Task>
<Opcode>0</Opcode>
<Keywords>0x8020000000000000</Keywords>
<TimeCreated SystemTime="2018-09-10 12:44:05.520020"></TimeCreated>
<EventRecordID>235619</EventRecordID>
<Correlation ActivityID="{71a9b66f-4900-0001-a8b6-a9710049d401}" RelatedActivityID=""></Correlation>
<Execution ProcessID="664" ThreadID="720"></Execution>
<Channel>Security</Channel>
<Computer>WIN-KCON-EXCH16.EM.KRINGLECON.COM</Computer>
<Security UserID=""></Security>
</System>
<EventData><Data Name="SubjectUserSid">S-1-0-0</Data>
<Data Name="SubjectUserName">-</Data>
<Data Name="SubjectDomainName">-</Data>
<Data Name="SubjectLogonId">0x0000000000000000</Data>
<Data Name="TargetUserSid">S-1-5-21-25059752-1411454016-2901770228-1134</Data>
<Data Name="TargetUserName">HealthMailboxbe58608</Data>
<Data Name="TargetDomainName">EM.KRINGLECON.COM</Data>
<Data Name="TargetLogonId">0x000000000086e92b</Data>
<Data Name="LogonType">3</Data>
<Data Name="LogonProcessName">Kerberos</Data>
<Data Name="AuthenticationPackageName">Kerberos</Data>
<Data Name="WorkstationName">-</Data>
<Data Name="LogonGuid">{66b54d86-4302-a414-4b44-b4078e2c002e}</Data>
<Data Name="TransmittedServices">-</Data>
<Data Name="LmPackageName">-</Data>
<Data Name="KeyLength">0</Data>
<Data Name="ProcessId">0x0000000000000000</Data>
<Data Name="ProcessName">-</Data>
<Data Name="IpAddress">fe80::3085:5155:bb47:8b3e</Data>
<Data Name="IpPort">9942</Data>
<Data Name="ImpersonationLevel">%%1840</Data>
<Data Name="RestrictedAdminMode">-</Data>
<Data Name="TargetOutboundUserName">-</Data>
<Data Name="TargetOutboundDomainName">-</Data>
<Data Name="VirtualAccount">%%1843</Data>
<Data Name="TargetLinkedLogonId">0x0000000000000000</Data>
<Data Name="ElevatedToken">%%1842</Data>
</EventData>
</Event>

<Event xmlns="http://schemas.microsoft.com/win/2004/08/events/event"><System><Provider Name="Microsoft-Windows-Security-Auditing" Guid="{54849625-5478-4994-a5ba-3e3b0328c30d}"></Provider>
<EventID Qualifiers="">4624</EventID>
<Version>2</Version>
<Level>0</Level>
<Task>12544</Task>
<Opcode>0</Opcode>
<Keywords>0x8020000000000000</Keywords>
<TimeCreated SystemTime="2018-09-10 12:44:05.558743"></TimeCreated>
<EventRecordID>235625</EventRecordID>
<Correlation ActivityID="{71a9b66f-4900-0001-a8b6-a9710049d401}" RelatedActivityID=""></Correlation>
<Execution ProcessID="664" ThreadID="15648"></Execution>
<Channel>Security</Channel>
<Computer>WIN-KCON-EXCH16.EM.KRINGLECON.COM</Computer>
<Security UserID=""></Security>
</System>
<EventData><Data Name="SubjectUserSid">S-1-0-0</Data>
<Data Name="SubjectUserName">-</Data>
<Data Name="SubjectDomainName">-</Data>
<Data Name="SubjectLogonId">0x0000000000000000</Data>
<Data Name="TargetUserSid">S-1-5-21-25059752-1411454016-2901770228-1134</Data>
<Data Name="TargetUserName">HealthMailboxbe58608</Data>
<Data Name="TargetDomainName">EM.KRINGLECON.COM</Data>
<Data Name="TargetLogonId">0x000000000086e98f</Data>
<Data Name="LogonType">3</Data>
<Data Name="LogonProcessName">Kerberos</Data>
<Data Name="AuthenticationPackageName">Kerberos</Data>
<Data Name="WorkstationName">-</Data>
<Data Name="LogonGuid">{66b54d86-4302-a414-4b44-b4078e2c002e}</Data>
<Data Name="TransmittedServices">-</Data>
<Data Name="LmPackageName">-</Data>
<Data Name="KeyLength">0</Data>
<Data Name="ProcessId">0x0000000000000000</Data>
<Data Name="ProcessName">-</Data>
<Data Name="IpAddress">fe80::5efe:169.254.202.186</Data>
<Data Name="IpPort">9943</Data>
<Data Name="ImpersonationLevel">%%1840</Data>
<Data Name="RestrictedAdminMode">-</Data>
<Data Name="TargetOutboundUserName">-</Data>
<Data Name="TargetOutboundDomainName">-</Data>
<Data Name="VirtualAccount">%%1843</Data>
<Data Name="TargetLinkedLogonId">0x0000000000000000</Data>
<Data Name="ElevatedToken">%%1842</Data>
</EventData>
</Event>

<Event xmlns="http://schemas.microsoft.com/win/2004/08/events/event"><System><Provider Name="Microsoft-Windows-Security-Auditing" Guid="{54849625-5478-4994-a5ba-3e3b0328c30d}"></Provider>
<EventID Qualifiers="">4624</EventID>
<Version>2</Version>
<Level>0</Level>
<Task>12544</Task>
<Opcode>0</Opcode>
<Keywords>0x8020000000000000</Keywords>
<TimeCreated SystemTime="2018-09-10 12:44:21.201303"></TimeCreated>
<EventRecordID>235649</EventRecordID>
<Correlation ActivityID="{71a9b66f-4900-0001-a8b6-a9710049d401}" RelatedActivityID=""></Correlation>
<Execution ProcessID="664" ThreadID="12152"></Execution>
<Channel>Security</Channel>
<Computer>WIN-KCON-EXCH16.EM.KRINGLECON.COM</Computer>
<Security UserID=""></Security>
</System>
<EventData><Data Name="SubjectUserSid">S-1-5-18</Data>
<Data Name="SubjectUserName">WIN-KCON-EXCH16$</Data>
<Data Name="SubjectDomainName">EM.KRINGLECON</Data>
<Data Name="SubjectLogonId">0x00000000000003e7</Data>
<Data Name="TargetUserSid">S-1-5-21-25059752-1411454016-2901770228-1133</Data>
<Data Name="TargetUserName">HealthMailboxbab78a6</Data>
<Data Name="TargetDomainName">EM.KRINGLECON</Data>
<Data Name="TargetLogonId">0x0000000000873afe</Data>
<Data Name="LogonType">3</Data>
<Data Name="LogonProcessName">C</Data>
<Data Name="AuthenticationPackageName">Kerberos</Data>
<Data Name="WorkstationName">WIN-KCON-EXCH16</Data>
<Data Name="LogonGuid">{960d0cac-3ead-7563-f119-2f40d27d1a37}</Data>
<Data Name="TransmittedServices">-</Data>
<Data Name="LmPackageName">-</Data>
<Data Name="KeyLength">0</Data>
<Data Name="ProcessId">0x0000000000002494</Data>
<Data Name="ProcessName">C:\Program Files\Microsoft\Exchange Server\V15\Bin\MSExchangeHMWorker.exe</Data>
<Data Name="IpAddress">-</Data>
<Data Name="IpPort">-</Data>
<Data Name="ImpersonationLevel">%%1833</Data>
<Data Name="RestrictedAdminMode">-</Data>
<Data Name="TargetOutboundUserName">-</Data>
<Data Name="TargetOutboundDomainName">-</Data>
<Data Name="VirtualAccount">%%1843</Data>
<Data Name="TargetLinkedLogonId">0x0000000000000000</Data>
<Data Name="ElevatedToken">%%1842</Data>
</EventData>
</Event>

<Event xmlns="http://schemas.microsoft.com/win/2004/08/events/event"><System><Provider Name="Microsoft-Windows-Security-Auditing" Guid="{54849625-5478-4994-a5ba-3e3b0328c30d}"></Provider>
<EventID Qualifiers="">4624</EventID>
<Version>2</Version>
<Level>0</Level>
<Task>12544</Task>
<Opcode>0</Opcode>
<Keywords>0x8020000000000000</Keywords>
<TimeCreated SystemTime="2018-09-10 12:44:25.627857"></TimeCreated>
<EventRecordID>235671</EventRecordID>
<Correlation ActivityID="{71a9b66f-4900-0001-a8b6-a9710049d401}" RelatedActivityID=""></Correlation>
<Execution ProcessID="664" ThreadID="12152"></Execution>
<Channel>Security</Channel>
<Computer>WIN-KCON-EXCH16.EM.KRINGLECON.COM</Computer>
<Security UserID=""></Security>
</System>
<EventData><Data Name="SubjectUserSid">S-1-0-0</Data>
<Data Name="SubjectUserName">-</Data>
<Data Name="SubjectDomainName">-</Data>
<Data Name="SubjectLogonId">0x0000000000000000</Data>
<Data Name="TargetUserSid">S-1-5-21-25059752-1411454016-2901770228-1134</Data>
<Data Name="TargetUserName">HealthMailboxbe58608</Data>
<Data Name="TargetDomainName">EM.KRINGLECON.COM</Data>
<Data Name="TargetLogonId">0x000000000087441a</Data>
<Data Name="LogonType">3</Data>
<Data Name="LogonProcessName">Kerberos</Data>
<Data Name="AuthenticationPackageName">Kerberos</Data>
<Data Name="WorkstationName">-</Data>
<Data Name="LogonGuid">{07b73b89-15b3-b7c4-e678-b6ee566f408f}</Data>
<Data Name="TransmittedServices">-</Data>
<Data Name="LmPackageName">-</Data>
<Data Name="KeyLength">0</Data>
<Data Name="ProcessId">0x0000000000000000</Data>
<Data Name="ProcessName">-</Data>
<Data Name="IpAddress">::1</Data>
<Data Name="IpPort">9983</Data>
<Data Name="ImpersonationLevel">%%1840</Data>
<Data Name="RestrictedAdminMode">-</Data>
<Data Name="TargetOutboundUserName">-</Data>
<Data Name="TargetOutboundDomainName">-</Data>
<Data Name="VirtualAccount">%%1843</Data>
<Data Name="TargetLinkedLogonId">0x0000000000000000</Data>
<Data Name="ElevatedToken">%%1842</Data>
</EventData>
</Event>

<Event xmlns="http://schemas.microsoft.com/win/2004/08/events/event"><System><Provider Name="Microsoft-Windows-Security-Auditing" Guid="{54849625-5478-4994-a5ba-3e3b0328c30d}"></Provider>
<EventID Qualifiers="">4624</EventID>
<Version>2</Version>
<Level>0</Level>
<Task>12544</Task>
<Opcode>0</Opcode>
<Keywords>0x8020000000000000</Keywords>
<TimeCreated SystemTime="2018-09-10 12:44:28.881229"></TimeCreated>
<EventRecordID>235676</EventRecordID>
<Correlation ActivityID="{71a9b66f-4900-0001-a8b6-a9710049d401}" RelatedActivityID=""></Correlation>
<Execution ProcessID="664" ThreadID="12152"></Execution>
<Channel>Security</Channel>
<Computer>WIN-KCON-EXCH16.EM.KRINGLECON.COM</Computer>
<Security UserID=""></Security>
</System>
<EventData><Data Name="SubjectUserSid">S-1-0-0</Data>
<Data Name="SubjectUserName">-</Data>
<Data Name="SubjectDomainName">-</Data>
<Data Name="SubjectLogonId">0x0000000000000000</Data>
<Data Name="TargetUserSid">S-1-5-21-25059752-1411454016-2901770228-1134</Data>
<Data Name="TargetUserName">HealthMailboxbe58608</Data>
<Data Name="TargetDomainName">EM.KRINGLECON.COM</Data>
<Data Name="TargetLogonId">0x000000000087460a</Data>
<Data Name="LogonType">3</Data>
<Data Name="LogonProcessName">Kerberos</Data>
<Data Name="AuthenticationPackageName">Kerberos</Data>
<Data Name="WorkstationName">-</Data>
<Data Name="LogonGuid">{07b73b89-15b3-b7c4-e678-b6ee566f408f}</Data>
<Data Name="TransmittedServices">-</Data>
<Data Name="LmPackageName">-</Data>
<Data Name="KeyLength">0</Data>
<Data Name="ProcessId">0x0000000000000000</Data>
<Data Name="ProcessName">-</Data>
<Data Name="IpAddress">127.0.0.1</Data>
<Data Name="IpPort">9987</Data>
<Data Name="ImpersonationLevel">%%1840</Data>
<Data Name="RestrictedAdminMode">-</Data>
<Data Name="TargetOutboundUserName">-</Data>
<Data Name="TargetOutboundDomainName">-</Data>
<Data Name="VirtualAccount">%%1843</Data>
<Data Name="TargetLinkedLogonId">0x0000000000000000</Data>
<Data Name="ElevatedToken">%%1842</Data>
</EventData>
</Event>

<Event xmlns="http://schemas.microsoft.com/win/2004/08/events/event"><System><Provider Name="Microsoft-Windows-Security-Auditing" Guid="{54849625-5478-4994-a5ba-3e3b0328c30d}"></Provider>
<EventID Qualifiers="">4624</EventID>
<Version>2</Version>
<Level>0</Level>
<Task>12544</Task>
<Opcode>0</Opcode>
<Keywords>0x8020000000000000</Keywords>
<TimeCreated SystemTime="2018-09-10 12:44:39.882143"></TimeCreated>
<EventRecordID>235703</EventRecordID>
<Correlation ActivityID="{71a9b66f-4900-0001-a8b6-a9710049d401}" RelatedActivityID=""></Correlation>
<Execution ProcessID="664" ThreadID="852"></Execution>
<Channel>Security</Channel>
<Computer>WIN-KCON-EXCH16.EM.KRINGLECON.COM</Computer>
<Security UserID=""></Security>
</System>
<EventData><Data Name="SubjectUserSid">S-1-0-0</Data>
<Data Name="SubjectUserName">-</Data>
<Data Name="SubjectDomainName">-</Data>
<Data Name="SubjectLogonId">0x0000000000000000</Data>
<Data Name="TargetUserSid">S-1-5-21-25059752-1411454016-2901770228-1134</Data>
<Data Name="TargetUserName">HealthMailboxbe58608</Data>
<Data Name="TargetDomainName">EM.KRINGLECON.COM</Data>
<Data Name="TargetLogonId">0x000000000087a150</Data>
<Data Name="LogonType">3</Data>
<Data Name="LogonProcessName">Kerberos</Data>
<Data Name="AuthenticationPackageName">Kerberos</Data>
<Data Name="WorkstationName">-</Data>
<Data Name="LogonGuid">{66b54d86-4302-a414-4b44-b4078e2c002e}</Data>
<Data Name="TransmittedServices">-</Data>
<Data Name="LmPackageName">-</Data>
<Data Name="KeyLength">0</Data>
<Data Name="ProcessId">0x0000000000000000</Data>
<Data Name="ProcessName">-</Data>
<Data Name="IpAddress">::1</Data>
<Data Name="IpPort">10006</Data>
<Data Name="ImpersonationLevel">%%1840</Data>
<Data Name="RestrictedAdminMode">-</Data>
<Data Name="TargetOutboundUserName">-</Data>
<Data Name="TargetOutboundDomainName">-</Data>
<Data Name="VirtualAccount">%%1843</Data>
<Data Name="TargetLinkedLogonId">0x0000000000000000</Data>
<Data Name="ElevatedToken">%%1842</Data>
</EventData>
</Event>

<Event xmlns="http://schemas.microsoft.com/win/2004/08/events/event"><System><Provider Name="Microsoft-Windows-Security-Auditing" Guid="{54849625-5478-4994-a5ba-3e3b0328c30d}"></Provider>
<EventID Qualifiers="">4624</EventID>
<Version>2</Version>
<Level>0</Level>
<Task>12544</Task>
<Opcode>0</Opcode>
<Keywords>0x8020000000000000</Keywords>
<TimeCreated SystemTime="2018-09-10 12:44:46.099104"></TimeCreated>
<EventRecordID>235717</EventRecordID>
<Correlation ActivityID="{71a9b66f-4900-0001-a8b6-a9710049d401}" RelatedActivityID=""></Correlation>
<Execution ProcessID="664" ThreadID="15648"></Execution>
<Channel>Security</Channel>
<Computer>WIN-KCON-EXCH16.EM.KRINGLECON.COM</Computer>
<Security UserID=""></Security>
</System>
<EventData><Data Name="SubjectUserSid">S-1-0-0</Data>
<Data Name="SubjectUserName">-</Data>
<Data Name="SubjectDomainName">-</Data>
<Data Name="SubjectLogonId">0x0000000000000000</Data>
<Data Name="TargetUserSid">S-1-5-21-25059752-1411454016-2901770228-1134</Data>
<Data Name="TargetUserName">HealthMailboxbe58608</Data>
<Data Name="TargetDomainName">EM.KRINGLECON.COM</Data>
<Data Name="TargetLogonId">0x000000000087a8d3</Data>
<Data Name="LogonType">3</Data>
<Data Name="LogonProcessName">Kerberos</Data>
<Data Name="AuthenticationPackageName">Kerberos</Data>
<Data Name="WorkstationName">-</Data>
<Data Name="LogonGuid">{07b73b89-15b3-b7c4-e678-b6ee566f408f}</Data>
<Data Name="TransmittedServices">-</Data>
<Data Name="LmPackageName">-</Data>
<Data Name="KeyLength">0</Data>
<Data Name="ProcessId">0x0000000000000000</Data>
<Data Name="ProcessName">-</Data>
<Data Name="IpAddress">127.0.0.1</Data>
<Data Name="IpPort">10016</Data>
<Data Name="ImpersonationLevel">%%1840</Data>
<Data Name="RestrictedAdminMode">-</Data>
<Data Name="TargetOutboundUserName">-</Data>
<Data Name="TargetOutboundDomainName">-</Data>
<Data Name="VirtualAccount">%%1843</Data>
<Data Name="TargetLinkedLogonId">0x0000000000000000</Data>
<Data Name="ElevatedToken">%%1842</Data>
</EventData>
</Event>

<Event xmlns="http://schemas.microsoft.com/win/2004/08/events/event"><System><Provider Name="Microsoft-Windows-Security-Auditing" Guid="{54849625-5478-4994-a5ba-3e3b0328c30d}"></Provider>
<EventID Qualifiers="">4624</EventID>
<Version>2</Version>
<Level>0</Level>
<Task>12544</Task>
<Opcode>0</Opcode>
<Keywords>0x8020000000000000</Keywords>
<TimeCreated SystemTime="2018-09-10 12:44:46.665813"></TimeCreated>
<EventRecordID>235722</EventRecordID>
<Correlation ActivityID="{71a9b66f-4900-0001-a8b6-a9710049d401}" RelatedActivityID=""></Correlation>
<Execution ProcessID="664" ThreadID="12152"></Execution>
<Channel>Security</Channel>
<Computer>WIN-KCON-EXCH16.EM.KRINGLECON.COM</Computer>
<Security UserID=""></Security>
</System>
<EventData><Data Name="SubjectUserSid">S-1-0-0</Data>
<Data Name="SubjectUserName">-</Data>
<Data Name="SubjectDomainName">-</Data>
<Data Name="SubjectLogonId">0x0000000000000000</Data>
<Data Name="TargetUserSid">S-1-5-21-25059752-1411454016-2901770228-1134</Data>
<Data Name="TargetUserName">HealthMailboxbe58608</Data>
<Data Name="TargetDomainName">EM.KRINGLECON.COM</Data>
<Data Name="TargetLogonId">0x000000000087ab6d</Data>
<Data Name="LogonType">3</Data>
<Data Name="LogonProcessName">Kerberos</Data>
<Data Name="AuthenticationPackageName">Kerberos</Data>
<Data Name="WorkstationName">-</Data>
<Data Name="LogonGuid">{66b54d86-4302-a414-4b44-b4078e2c002e}</Data>
<Data Name="TransmittedServices">-</Data>
<Data Name="LmPackageName">-</Data>
<Data Name="KeyLength">0</Data>
<Data Name="ProcessId">0x0000000000000000</Data>
<Data Name="ProcessName">-</Data>
<Data Name="IpAddress">-</Data>
<Data Name="IpPort">-</Data>
<Data Name="ImpersonationLevel">%%1840</Data>
<Data Name="RestrictedAdminMode">-</Data>
<Data Name="TargetOutboundUserName">-</Data>
<Data Name="TargetOutboundDomainName">-</Data>
<Data Name="VirtualAccount">%%1843</Data>
<Data Name="TargetLinkedLogonId">0x0000000000000000</Data>
<Data Name="ElevatedToken">%%1842</Data>
</EventData>
</Event>

<Event xmlns="http://schemas.microsoft.com/win/2004/08/events/event"><System><Provider Name="Microsoft-Windows-Security-Auditing" Guid="{54849625-5478-4994-a5ba-3e3b0328c30d}"></Provider>
<EventID Qualifiers="">4624</EventID>
<Version>2</Version>
<Level>0</Level>
<Task>12544</Task>
<Opcode>0</Opcode>
<Keywords>0x8020000000000000</Keywords>
<TimeCreated SystemTime="2018-09-10 12:44:59.610600"></TimeCreated>
<EventRecordID>235758</EventRecordID>
<Correlation ActivityID="{71a9b66f-4900-0001-a8b6-a9710049d401}" RelatedActivityID=""></Correlation>
<Execution ProcessID="664" ThreadID="852"></Execution>
<Channel>Security</Channel>
<Computer>WIN-KCON-EXCH16.EM.KRINGLECON.COM</Computer>
<Security UserID=""></Security>
</System>
<EventData><Data Name="SubjectUserSid">S-1-0-0</Data>
<Data Name="SubjectUserName">-</Data>
<Data Name="SubjectDomainName">-</Data>
<Data Name="SubjectLogonId">0x0000000000000000</Data>
<Data Name="TargetUserSid">S-1-5-21-25059752-1411454016-2901770228-1134</Data>
<Data Name="TargetUserName">HealthMailboxbe58608</Data>
<Data Name="TargetDomainName">EM.KRINGLECON.COM</Data>
<Data Name="TargetLogonId">0x000000000087e938</Data>
<Data Name="LogonType">3</Data>
<Data Name="LogonProcessName">Kerberos</Data>
<Data Name="AuthenticationPackageName">Kerberos</Data>
<Data Name="WorkstationName">-</Data>
<Data Name="LogonGuid">{66b54d86-4302-a414-4b44-b4078e2c002e}</Data>
<Data Name="TransmittedServices">-</Data>
<Data Name="LmPackageName">-</Data>
<Data Name="KeyLength">0</Data>
<Data Name="ProcessId">0x0000000000000000</Data>
<Data Name="ProcessName">-</Data>
<Data Name="IpAddress">fe80::5efe:192.168.85.149</Data>
<Data Name="IpPort">10052</Data>
<Data Name="ImpersonationLevel">%%1840</Data>
<Data Name="RestrictedAdminMode">-</Data>
<Data Name="TargetOutboundUserName">-</Data>
<Data Name="TargetOutboundDomainName">-</Data>
<Data Name="VirtualAccount">%%1843</Data>
<Data Name="TargetLinkedLogonId">0x0000000000000000</Data>
<Data Name="ElevatedToken">%%1842</Data>
</EventData>
</Event>

