<Event xmlns="http://schemas.microsoft.com/win/2004/08/events/event"><System><Provider Name="Microsoft-Windows-Security-Auditing" Guid="{54849625-5478-4994-a5ba-3e3b0328c30d}"></Provider>
<EventID Qualifiers="">4799</EventID>
<Version>0</Version>
<Level>0</Level>
<Task>13826</Task>
<Opcode>0</Opcode>
<Keywords>0x8020000000000000</Keywords>
<TimeCreated SystemTime="2018-09-10 12:19:48.627207"></TimeCreated>
<EventRecordID>231757</EventRecordID>
<Correlation ActivityID="" RelatedActivityID=""></Correlation>
<Execution ProcessID="664" ThreadID="720"></Execution>
<Channel>Security</Channel>
<Computer>WIN-KCON-EXCH16.EM.KRINGLECON.COM</Computer>
<Security UserID=""></Security>
</System>
<EventData><Data Name="TargetUserName">Backup Operators</Data>
<Data Name="TargetDomainName">Builtin</Data>
<Data Name="TargetSid">S-1-5-32-551</Data>
<Data Name="SubjectUserSid">S-1-5-20</Data>
<Data Name="SubjectUserName">WIN-KCON-EXCH16$</Data>
<Data Name="SubjectDomainName">EM.KRINGLECON</Data>
<Data Name="SubjectLogonId">0x00000000000003e4</Data>
<Data Name="CallerProcessId">0x00000000000004ec</Data>
<Data Name="CallerProcessName">C:\Windows\System32\svchost.exe</Data>
</EventData>
</Event>

<Event xmlns="http://schemas.microsoft.com/win/2004/08/events/event"><System><Provider Name="Microsoft-Windows-Security-Auditing" Guid="{54849625-5478-4994-a5ba-3e3b0328c30d}"></Provider>
<EventID Qualifiers="">4624</EventID>
<Version>2</Version>
<Level>0</Level>
<Task>12544</Task>
<Opcode>0</Opcode>
<Keywords>0x8020000000000000</Keywords>
<TimeCreated SystemTime="2018-09-10 12:19:48.937790"></TimeCreated>
<EventRecordID>231758</EventRecordID>
<Correlation ActivityID="" RelatedActivityID=""></Correlation>
<Execution ProcessID="664" ThreadID="712"></Execution>
<Channel>Security</Channel>
<Computer>WIN-KCON-EXCH16.EM.KRINGLECON.COM</Computer>
<Security UserID=""></Security>
</System>
<EventData><Data Name="SubjectUserSid">S-1-5-18</Data>
<Data Name="SubjectUserName">WIN-KCON-EXCH16$</Data>
<Data Name="SubjectDomainName">EM.KRINGLECON</Data>
<Data Name="SubjectLogonId">0x00000000000003e7</Data>
<Data Name="TargetUserSid">S-1-5-18</Data>
<Data Name="TargetUserName">SYSTEM</Data>
<Data Name="TargetDomainName">NT AUTHORITY</Data>
<Data Name="TargetLogonId">0x00000000000003e7</Data>
<Data Name="LogonType">5</Data>
<Data Name="LogonProcessName">Advapi  </Data>
<Data Name="AuthenticationPackageName">Negotiate</Data>
<Data Name="WorkstationName">-</Data>
<Data Name="LogonGuid">{00000000-0000-0000-0000-000000000000}</Data>
<Data Name="TransmittedServices">-</Data>
<Data Name="LmPackageName">-</Data>
<Data Name="KeyLength">0</Data>
<Data Name="ProcessId">0x0000000000000290</Data>
<Data Name="ProcessName">C:\Windows\System32\services.exe</Data>
<Data Name="IpAddress">-</Data>
<Data Name="IpPort">-</Data>
<Data Name="ImpersonationLevel">%%1833</Data>
<Data Name="RestrictedAdminMode">-</Data>
<Data Name="TargetOutboundUserName">-</Data>
<Data Name="TargetOutboundDomainName">-</Data>
<Data Name="VirtualAccount">%%1843</Data>
<Data Name="TargetLinkedLogonId">0x0000000000000000</Data>
<Data Name="ElevatedToken">%%1842</Data>
</EventData>
</Event>

<Event xmlns="http://schemas.microsoft.com/win/2004/08/events/event"><System><Provider Name="Microsoft-Windows-Security-Auditing" Guid="{54849625-5478-4994-a5ba-3e3b0328c30d}"></Provider>
<EventID Qualifiers="">4624</EventID>
<Version>2</Version>
<Level>0</Level>
<Task>12544</Task>
<Opcode>0</Opcode>
<Keywords>0x8020000000000000</Keywords>
<TimeCreated SystemTime="2018-09-10 12:19:48.938408"></TimeCreated>
<EventRecordID>231760</EventRecordID>
<Correlation ActivityID="" RelatedActivityID=""></Correlation>
<Execution ProcessID="664" ThreadID="848"></Execution>
<Channel>Security</Channel>
<Computer>WIN-KCON-EXCH16.EM.KRINGLECON.COM</Computer>
<Security UserID=""></Security>
</System>
<EventData><Data Name="SubjectUserSid">S-1-5-18</Data>
<Data Name="SubjectUserName">WIN-KCON-EXCH16$</Data>
<Data Name="SubjectDomainName">EM.KRINGLECON</Data>
<Data Name="SubjectLogonId">0x00000000000003e7</Data>
<Data Name="TargetUserSid">S-1-5-18</Data>
<Data Name="TargetUserName">SYSTEM</Data>
<Data Name="TargetDomainName">NT AUTHORITY</Data>
<Data Name="TargetLogonId">0x00000000000003e7</Data>
<Data Name="LogonType">5</Data>
<Data Name="LogonProcessName">Advapi  </Data>
<Data Name="AuthenticationPackageName">Negotiate</Data>
<Data Name="WorkstationName">-</Data>
<Data Name="LogonGuid">{00000000-0000-0000-0000-000000000000}</Data>
<Data Name="TransmittedServices">-</Data>
<Data Name="LmPackageName">-</Data>
<Data Name="KeyLength">0</Data>
<Data Name="ProcessId">0x0000000000000290</Data>
<Data Name="ProcessName">C:\Windows\System32\services.exe</Data>
<Data Name="IpAddress">-</Data>
<Data Name="IpPort">-</Data>
<Data Name="ImpersonationLevel">%%1833</Data>
<Data Name="RestrictedAdminMode">-</Data>
<Data Name="TargetOutboundUserName">-</Data>
<Data Name="TargetOutboundDomainName">-</Data>
<Data Name="VirtualAccount">%%1843</Data>
<Data Name="TargetLinkedLogonId">0x0000000000000000</Data>
<Data Name="ElevatedToken">%%1842</Data>
</EventData>
</Event>

<Event xmlns="http://schemas.microsoft.com/win/2004/08/events/event"><System><Provider Name="Microsoft-Windows-Security-Auditing" Guid="{54849625-5478-4994-a5ba-3e3b0328c30d}"></Provider>
<EventID Qualifiers="">4624</EventID>
<Version>2</Version>
<Level>0</Level>
<Task>12544</Task>
<Opcode>0</Opcode>
<Keywords>0x8020000000000000</Keywords>
<TimeCreated SystemTime="2018-09-10 12:19:48.940908"></TimeCreated>
<EventRecordID>231762</EventRecordID>
<Correlation ActivityID="" RelatedActivityID=""></Correlation>
<Execution ProcessID="664" ThreadID="720"></Execution>
<Channel>Security</Channel>
<Computer>WIN-KCON-EXCH16.EM.KRINGLECON.COM</Computer>
<Security UserID=""></Security>
</System>
<EventData><Data Name="SubjectUserSid">S-1-5-18</Data>
<Data Name="SubjectUserName">WIN-KCON-EXCH16$</Data>
<Data Name="SubjectDomainName">EM.KRINGLECON</Data>
<Data Name="SubjectLogonId">0x00000000000003e7</Data>
<Data Name="TargetUserSid">S-1-5-18</Data>
<Data Name="TargetUserName">SYSTEM</Data>
<Data Name="TargetDomainName">NT AUTHORITY</Data>
<Data Name="TargetLogonId">0x00000000000003e7</Data>
<Data Name="LogonType">5</Data>
<Data Name="LogonProcessName">Advapi  </Data>
<Data Name="AuthenticationPackageName">Negotiate</Data>
<Data Name="WorkstationName">-</Data>
<Data Name="LogonGuid">{00000000-0000-0000-0000-000000000000}</Data>
<Data Name="TransmittedServices">-</Data>
<Data Name="LmPackageName">-</Data>
<Data Name="KeyLength">0</Data>
<Data Name="ProcessId">0x0000000000000290</Data>
<Data Name="ProcessName">C:\Windows\System32\services.exe</Data>
<Data Name="IpAddress">-</Data>
<Data Name="IpPort">-</Data>
<Data Name="ImpersonationLevel">%%1833</Data>
<Data Name="RestrictedAdminMode">-</Data>
<Data Name="TargetOutboundUserName">-</Data>
<Data Name="TargetOutboundDomainName">-</Data>
<Data Name="VirtualAccount">%%1843</Data>
<Data Name="TargetLinkedLogonId">0x0000000000000000</Data>
<Data Name="ElevatedToken">%%1842</Data>
</EventData>
</Event>

<Event xmlns="http://schemas.microsoft.com/win/2004/08/events/event"><System><Provider Name="Microsoft-Windows-Security-Auditing" Guid="{54849625-5478-4994-a5ba-3e3b0328c30d}"></Provider>
<EventID Qualifiers="">4624</EventID>
<Version>2</Version>
<Level>0</Level>
<Task>12544</Task>
<Opcode>0</Opcode>
<Keywords>0x8020000000000000</Keywords>
<TimeCreated SystemTime="2018-09-10 12:19:49.620766"></TimeCreated>
<EventRecordID>231764</EventRecordID>
<Correlation ActivityID="" RelatedActivityID=""></Correlation>
<Execution ProcessID="664" ThreadID="720"></Execution>
<Channel>Security</Channel>
<Computer>WIN-KCON-EXCH16.EM.KRINGLECON.COM</Computer>
<Security UserID=""></Security>
</System>
<EventData><Data Name="SubjectUserSid">S-1-5-18</Data>
<Data Name="SubjectUserName">WIN-KCON-EXCH16$</Data>
<Data Name="SubjectDomainName">EM.KRINGLECON</Data>
<Data Name="SubjectLogonId">0x00000000000003e7</Data>
<Data Name="TargetUserSid">S-1-5-18</Data>
<Data Name="TargetUserName">SYSTEM</Data>
<Data Name="TargetDomainName">NT AUTHORITY</Data>
<Data Name="TargetLogonId">0x00000000000003e7</Data>
<Data Name="LogonType">5</Data>
<Data Name="LogonProcessName">Advapi  </Data>
<Data Name="AuthenticationPackageName">Negotiate</Data>
<Data Name="WorkstationName">-</Data>
<Data Name="LogonGuid">{00000000-0000-0000-0000-000000000000}</Data>
<Data Name="TransmittedServices">-</Data>
<Data Name="LmPackageName">-</Data>
<Data Name="KeyLength">0</Data>
<Data Name="ProcessId">0x0000000000000290</Data>
<Data Name="ProcessName">C:\Windows\System32\services.exe</Data>
<Data Name="IpAddress">-</Data>
<Data Name="IpPort">-</Data>
<Data Name="ImpersonationLevel">%%1833</Data>
<Data Name="RestrictedAdminMode">-</Data>
<Data Name="TargetOutboundUserName">-</Data>
<Data Name="TargetOutboundDomainName">-</Data>
<Data Name="VirtualAccount">%%1843</Data>
<Data Name="TargetLinkedLogonId">0x0000000000000000</Data>
<Data Name="ElevatedToken">%%1842</Data>
</EventData>
</Event>

<Event xmlns="http://schemas.microsoft.com/win/2004/08/events/event"><System><Provider Name="Microsoft-Windows-Security-Auditing" Guid="{54849625-5478-4994-a5ba-3e3b0328c30d}"></Provider>
<EventID Qualifiers="">4624</EventID>
<Version>2</Version>
<Level>0</Level>
<Task>12544</Task>
<Opcode>0</Opcode>
<Keywords>0x8020000000000000</Keywords>
<TimeCreated SystemTime="2018-09-10 12:19:50.332727"></TimeCreated>
<EventRecordID>231766</EventRecordID>
<Correlation ActivityID="" RelatedActivityID=""></Correlation>
<Execution ProcessID="664" ThreadID="712"></Execution>
<Channel>Security</Channel>
<Computer>WIN-KCON-EXCH16.EM.KRINGLECON.COM</Computer>
<Security UserID=""></Security>
</System>
<EventData><Data Name="SubjectUserSid">S-1-5-18</Data>
<Data Name="SubjectUserName">WIN-KCON-EXCH16$</Data>
<Data Name="SubjectDomainName">EM.KRINGLECON</Data>
<Data Name="SubjectLogonId">0x00000000000003e7</Data>
<Data Name="TargetUserSid">S-1-5-18</Data>
<Data Name="TargetUserName">SYSTEM</Data>
<Data Name="TargetDomainName">NT AUTHORITY</Data>
<Data Name="TargetLogonId">0x00000000000003e7</Data>
<Data Name="LogonType">5</Data>
<Data Name="LogonProcessName">Advapi  </Data>
<Data Name="AuthenticationPackageName">Negotiate</Data>
<Data Name="WorkstationName">-</Data>
<Data Name="LogonGuid">{00000000-0000-0000-0000-000000000000}</Data>
<Data Name="TransmittedServices">-</Data>
<Data Name="LmPackageName">-</Data>
<Data Name="KeyLength">0</Data>
<Data Name="ProcessId">0x0000000000000290</Data>
<Data Name="ProcessName">C:\Windows\System32\services.exe</Data>
<Data Name="IpAddress">-</Data>
<Data Name="IpPort">-</Data>
<Data Name="ImpersonationLevel">%%1833</Data>
<Data Name="RestrictedAdminMode">-</Data>
<Data Name="TargetOutboundUserName">-</Data>
<Data Name="TargetOutboundDomainName">-</Data>
<Data Name="VirtualAccount">%%1843</Data>
<Data Name="TargetLinkedLogonId">0x0000000000000000</Data>
<Data Name="ElevatedToken">%%1842</Data>
</EventData>
</Event>

<Event xmlns="http://schemas.microsoft.com/win/2004/08/events/event"><System><Provider Name="Microsoft-Windows-Security-Auditing" Guid="{54849625-5478-4994-a5ba-3e3b0328c30d}"></Provider>
<EventID Qualifiers="">4624</EventID>
<Version>2</Version>
<Level>0</Level>
<Task>12544</Task>
<Opcode>0</Opcode>
<Keywords>0x8020000000000000</Keywords>
<TimeCreated SystemTime="2018-09-10 12:19:50.333344"></TimeCreated>
<EventRecordID>231768</EventRecordID>
<Correlation ActivityID="" RelatedActivityID=""></Correlation>
<Execution ProcessID="664" ThreadID="720"></Execution>
<Channel>Security</Channel>
<Computer>WIN-KCON-EXCH16.EM.KRINGLECON.COM</Computer>
<Security UserID=""></Security>
</System>
<EventData><Data Name="SubjectUserSid">S-1-5-18</Data>
<Data Name="SubjectUserName">WIN-KCON-EXCH16$</Data>
<Data Name="SubjectDomainName">EM.KRINGLECON</Data>
<Data Name="SubjectLogonId">0x00000000000003e7</Data>
<Data Name="TargetUserSid">S-1-5-18</Data>
<Data Name="TargetUserName">SYSTEM</Data>
<Data Name="TargetDomainName">NT AUTHORITY</Data>
<Data Name="TargetLogonId">0x00000000000003e7</Data>
<Data Name="LogonType">5</Data>
<Data Name="LogonProcessName">Advapi  </Data>
<Data Name="AuthenticationPackageName">Negotiate</Data>
<Data Name="WorkstationName">-</Data>
<Data Name="LogonGuid">{00000000-0000-0000-0000-000000000000}</Data>
<Data Name="TransmittedServices">-</Data>
<Data Name="LmPackageName">-</Data>
<Data Name="KeyLength">0</Data>
<Data Name="ProcessId">0x0000000000000290</Data>
<Data Name="ProcessName">C:\Windows\System32\services.exe</Data>
<Data Name="IpAddress">-</Data>
<Data Name="IpPort">-</Data>
<Data Name="ImpersonationLevel">%%1833</Data>
<Data Name="RestrictedAdminMode">-</Data>
<Data Name="TargetOutboundUserName">-</Data>
<Data Name="TargetOutboundDomainName">-</Data>
<Data Name="VirtualAccount">%%1843</Data>
<Data Name="TargetLinkedLogonId">0x0000000000000000</Data>
<Data Name="ElevatedToken">%%1842</Data>
</EventData>
</Event>

<Event xmlns="http://schemas.microsoft.com/win/2004/08/events/event"><System><Provider Name="Microsoft-Windows-Security-Auditing" Guid="{54849625-5478-4994-a5ba-3e3b0328c30d}"></Provider>
<EventID Qualifiers="">4799</EventID>
<Version>0</Version>
<Level>0</Level>
<Task>13826</Task>
<Opcode>0</Opcode>
<Keywords>0x8020000000000000</Keywords>
<TimeCreated SystemTime="2018-09-10 12:19:50.977997"></TimeCreated>
<EventRecordID>231770</EventRecordID>
<Correlation ActivityID="" RelatedActivityID=""></Correlation>
<Execution ProcessID="664" ThreadID="712"></Execution>
<Channel>Security</Channel>
<Computer>WIN-KCON-EXCH16.EM.KRINGLECON.COM</Computer>
<Security UserID=""></Security>
</System>
<EventData><Data Name="TargetUserName">Administrators</Data>
<Data Name="TargetDomainName">Builtin</Data>
<Data Name="TargetSid">S-1-5-32-544</Data>
<Data Name="SubjectUserSid">S-1-5-18</Data>
<Data Name="SubjectUserName">WIN-KCON-EXCH16$</Data>
<Data Name="SubjectDomainName">EM.KRINGLECON</Data>
<Data Name="SubjectLogonId">0x00000000000003e7</Data>
<Data Name="CallerProcessId">0x00000000000008f4</Data>
<Data Name="CallerProcessName">C:\Windows\System32\svchost.exe</Data>
</EventData>
</Event>

<Event xmlns="http://schemas.microsoft.com/win/2004/08/events/event"><System><Provider Name="Microsoft-Windows-Security-Auditing" Guid="{54849625-5478-4994-a5ba-3e3b0328c30d}"></Provider>
<EventID Qualifiers="">4799</EventID>
<Version>0</Version>
<Level>0</Level>
<Task>13826</Task>
<Opcode>0</Opcode>
<Keywords>0x8020000000000000</Keywords>
<TimeCreated SystemTime="2018-09-10 12:19:50.979923"></TimeCreated>
<EventRecordID>231771</EventRecordID>
<Correlation ActivityID="" RelatedActivityID=""></Correlation>
<Execution ProcessID="664" ThreadID="712"></Execution>
<Channel>Security</Channel>
<Computer>WIN-KCON-EXCH16.EM.KRINGLECON.COM</Computer>
<Security UserID=""></Security>
</System>
<EventData><Data Name="TargetUserName">Backup Operators</Data>
<Data Name="TargetDomainName">Builtin</Data>
<Data Name="TargetSid">S-1-5-32-551</Data>
<Data Name="SubjectUserSid">S-1-5-18</Data>
<Data Name="SubjectUserName">WIN-KCON-EXCH16$</Data>
<Data Name="SubjectDomainName">EM.KRINGLECON</Data>
<Data Name="SubjectLogonId">0x00000000000003e7</Data>
<Data Name="CallerProcessId">0x00000000000008f4</Data>
<Data Name="CallerProcessName">C:\Windows\System32\svchost.exe</Data>
</EventData>
</Event>

<Event xmlns="http://schemas.microsoft.com/win/2004/08/events/event"><System><Provider Name="Microsoft-Windows-Security-Auditing" Guid="{54849625-5478-4994-a5ba-3e3b0328c30d}"></Provider>
<EventID Qualifiers="">4624</EventID>
<Version>2</Version>
<Level>0</Level>
<Task>12544</Task>
<Opcode>0</Opcode>
<Keywords>0x8020000000000000</Keywords>
<TimeCreated SystemTime="2018-09-10 12:19:51.731953"></TimeCreated>
<EventRecordID>231772</EventRecordID>
<Correlation ActivityID="" RelatedActivityID=""></Correlation>
<Execution ProcessID="664" ThreadID="848"></Execution>
<Channel>Security</Channel>
<Computer>WIN-KCON-EXCH16.EM.KRINGLECON.COM</Computer>
<Security UserID=""></Security>
</System>
<EventData><Data Name="SubjectUserSid">S-1-5-18</Data>
<Data Name="SubjectUserName">WIN-KCON-EXCH16$</Data>
<Data Name="SubjectDomainName">EM.KRINGLECON</Data>
<Data Name="SubjectLogonId">0x00000000000003e7</Data>
<Data Name="TargetUserSid">S-1-5-17</Data>
<Data Name="TargetUserName">IUSR</Data>
<Data Name="TargetDomainName">NT AUTHORITY</Data>
<Data Name="TargetLogonId">0x00000000000003e3</Data>
<Data Name="LogonType">5</Data>
<Data Name="LogonProcessName">Advapi  </Data>
<Data Name="AuthenticationPackageName">Negotiate</Data>
<Data Name="WorkstationName">-</Data>
<Data Name="LogonGuid">{00000000-0000-0000-0000-000000000000}</Data>
<Data Name="TransmittedServices">-</Data>
<Data Name="LmPackageName">-</Data>
<Data Name="KeyLength">0</Data>
<Data Name="ProcessId">0x0000000000000900</Data>
<Data Name="ProcessName">C:\Windows\System32\svchost.exe</Data>
<Data Name="IpAddress">-</Data>
<Data Name="IpPort">-</Data>
<Data Name="ImpersonationLevel">%%1833</Data>
<Data Name="RestrictedAdminMode">-</Data>
<Data Name="TargetOutboundUserName">-</Data>
<Data Name="TargetOutboundDomainName">-</Data>
<Data Name="VirtualAccount">%%1843</Data>
<Data Name="TargetLinkedLogonId">0x0000000000000000</Data>
<Data Name="ElevatedToken">%%1842</Data>
</EventData>
</Event>

<Event xmlns="http://schemas.microsoft.com/win/2004/08/events/event"><System><Provider Name="Microsoft-Windows-Security-Auditing" Guid="{54849625-5478-4994-a5ba-3e3b0328c30d}"></Provider>
<EventID Qualifiers="">4904</EventID>
<Version>0</Version>
<Level>0</Level>
<Task>13568</Task>
<Opcode>0</Opcode>
<Keywords>0x8020000000000000</Keywords>
<TimeCreated SystemTime="2018-09-10 12:19:53.469116"></TimeCreated>
<EventRecordID>231774</EventRecordID>
<Correlation ActivityID="{71a9b66f-4900-0001-a8b6-a9710049d401}" RelatedActivityID=""></Correlation>
<Execution ProcessID="664" ThreadID="848"></Execution>
<Channel>Security</Channel>
<Computer>WIN-KCON-EXCH16.EM.KRINGLECON.COM</Computer>
<Security UserID=""></Security>
</System>
<EventData><Data Name="SubjectUserSid">S-1-5-18</Data>
<Data Name="SubjectUserName">WIN-KCON-EXCH16$</Data>
<Data Name="SubjectDomainName">EM.KRINGLECON</Data>
<Data Name="SubjectLogonId">0x00000000000003e7</Data>
<Data Name="AuditSourceName">IIS-METABASE</Data>
<Data Name="EventSourceId">0x000000000001f882</Data>
<Data Name="ProcessId">0x0000000000000988</Data>
<Data Name="ProcessName">C:\Windows\System32\inetsrv\inetinfo.exe</Data>
</EventData>
</Event>

<Event xmlns="http://schemas.microsoft.com/win/2004/08/events/event"><System><Provider Name="Microsoft-Windows-Security-Auditing" Guid="{54849625-5478-4994-a5ba-3e3b0328c30d}"></Provider>
<EventID Qualifiers="">4624</EventID>
<Version>2</Version>
<Level>0</Level>
<Task>12544</Task>
<Opcode>0</Opcode>
<Keywords>0x8020000000000000</Keywords>
<TimeCreated SystemTime="2018-09-10 12:19:55.777258"></TimeCreated>
<EventRecordID>231775</EventRecordID>
<Correlation ActivityID="" RelatedActivityID=""></Correlation>
<Execution ProcessID="664" ThreadID="712"></Execution>
<Channel>Security</Channel>
<Computer>WIN-KCON-EXCH16.EM.KRINGLECON.COM</Computer>
<Security UserID=""></Security>
</System>
<EventData><Data Name="SubjectUserSid">S-1-0-0</Data>
<Data Name="SubjectUserName">-</Data>
<Data Name="SubjectDomainName">-</Data>
<Data Name="SubjectLogonId">0x0000000000000000</Data>
<Data Name="TargetUserSid">S-1-5-7</Data>
<Data Name="TargetUserName">ANONYMOUS LOGON</Data>
<Data Name="TargetDomainName">NT AUTHORITY</Data>
<Data Name="TargetLogonId">0x0000000000022cb1</Data>
<Data Name="LogonType">3</Data>
<Data Name="LogonProcessName">NtLmSsp </Data>
<Data Name="AuthenticationPackageName">NTLM</Data>
<Data Name="WorkstationName">-</Data>
<Data Name="LogonGuid">{00000000-0000-0000-0000-000000000000}</Data>
<Data Name="TransmittedServices">-</Data>
<Data Name="LmPackageName">NTLM V1</Data>
<Data Name="KeyLength">0</Data>
<Data Name="ProcessId">0x0000000000000000</Data>
<Data Name="ProcessName">-</Data>
<Data Name="IpAddress">-</Data>
<Data Name="IpPort">-</Data>
<Data Name="ImpersonationLevel">%%1833</Data>
<Data Name="RestrictedAdminMode">-</Data>
<Data Name="TargetOutboundUserName">-</Data>
<Data Name="TargetOutboundDomainName">-</Data>
<Data Name="VirtualAccount">%%1843</Data>
<Data Name="TargetLinkedLogonId">0x0000000000000000</Data>
<Data Name="ElevatedToken">%%1843</Data>
</EventData>
</Event>

<Event xmlns="http://schemas.microsoft.com/win/2004/08/events/event"><System><Provider Name="Microsoft-Windows-Security-Auditing" Guid="{54849625-5478-4994-a5ba-3e3b0328c30d}"></Provider>
<EventID Qualifiers="">4799</EventID>
<Version>0</Version>
<Level>0</Level>
<Task>13826</Task>
<Opcode>0</Opcode>
<Keywords>0x8020000000000000</Keywords>
<TimeCreated SystemTime="2018-09-10 12:20:00.647348"></TimeCreated>
<EventRecordID>231776</EventRecordID>
<Correlation ActivityID="" RelatedActivityID=""></Correlation>
<Execution ProcessID="664" ThreadID="848"></Execution>
<Channel>Security</Channel>
<Computer>WIN-KCON-EXCH16.EM.KRINGLECON.COM</Computer>
<Security UserID=""></Security>
</System>
<EventData><Data Name="TargetUserName">Administrators</Data>
<Data Name="TargetDomainName">Builtin</Data>
<Data Name="TargetSid">S-1-5-32-544</Data>
<Data Name="SubjectUserSid">S-1-5-18</Data>
<Data Name="SubjectUserName">WIN-KCON-EXCH16$</Data>
<Data Name="SubjectDomainName">EM.KRINGLECON</Data>
<Data Name="SubjectLogonId">0x00000000000003e7</Data>
<Data Name="CallerProcessId">0x000000000000011c</Data>
<Data Name="CallerProcessName">C:\Windows\System32\svchost.exe</Data>
</EventData>
</Event>

<Event xmlns="http://schemas.microsoft.com/win/2004/08/events/event"><System><Provider Name="Microsoft-Windows-Security-Auditing" Guid="{54849625-5478-4994-a5ba-3e3b0328c30d}"></Provider>
<EventID Qualifiers="">4799</EventID>
<Version>0</Version>
<Level>0</Level>
<Task>13826</Task>
<Opcode>0</Opcode>
<Keywords>0x8020000000000000</Keywords>
<TimeCreated SystemTime="2018-09-10 12:20:00.652012"></TimeCreated>
<EventRecordID>231777</EventRecordID>
<Correlation ActivityID="" RelatedActivityID=""></Correlation>
<Execution ProcessID="664" ThreadID="848"></Execution>
<Channel>Security</Channel>
<Computer>WIN-KCON-EXCH16.EM.KRINGLECON.COM</Computer>
<Security UserID=""></Security>
</System>
<EventData><Data Name="TargetUserName">Backup Operators</Data>
<Data Name="TargetDomainName">Builtin</Data>
<Data Name="TargetSid">S-1-5-32-551</Data>
<Data Name="SubjectUserSid">S-1-5-18</Data>
<Data Name="SubjectUserName">WIN-KCON-EXCH16$</Data>
<Data Name="SubjectDomainName">EM.KRINGLECON</Data>
<Data Name="SubjectLogonId">0x00000000000003e7</Data>
<Data Name="CallerProcessId">0x000000000000011c</Data>
<Data Name="CallerProcessName">C:\Windows\System32\svchost.exe</Data>
</EventData>
</Event>

<Event xmlns="http://schemas.microsoft.com/win/2004/08/events/event"><System><Provider Name="Microsoft-Windows-Security-Auditing" Guid="{54849625-5478-4994-a5ba-3e3b0328c30d}"></Provider>
<EventID Qualifiers="">4799</EventID>
<Version>0</Version>
<Level>0</Level>
<Task>13826</Task>
<Opcode>0</Opcode>
<Keywords>0x8020000000000000</Keywords>
<TimeCreated SystemTime="2018-09-10 12:20:01.497414"></TimeCreated>
<EventRecordID>231778</EventRecordID>
<Correlation ActivityID="" RelatedActivityID=""></Correlation>
<Execution ProcessID="664" ThreadID="848"></Execution>
<Channel>Security</Channel>
<Computer>WIN-KCON-EXCH16.EM.KRINGLECON.COM</Computer>
<Security UserID=""></Security>
</System>
<EventData><Data Name="TargetUserName">Administrators</Data>
<Data Name="TargetDomainName">Builtin</Data>
<Data Name="TargetSid">S-1-5-32-544</Data>
<Data Name="SubjectUserSid">S-1-5-18</Data>
<Data Name="SubjectUserName">WIN-KCON-EXCH16$</Data>
<Data Name="SubjectDomainName">EM.KRINGLECON</Data>
<Data Name="SubjectLogonId">0x00000000000003e7</Data>
<Data Name="CallerProcessId">0x0000000000000988</Data>
<Data Name="CallerProcessName">C:\Windows\System32\inetsrv\inetinfo.exe</Data>
</EventData>
</Event>

<Event xmlns="http://schemas.microsoft.com/win/2004/08/events/event"><System><Provider Name="Microsoft-Windows-Security-Auditing" Guid="{54849625-5478-4994-a5ba-3e3b0328c30d}"></Provider>
<EventID Qualifiers="">4799</EventID>
<Version>0</Version>
<Level>0</Level>
<Task>13826</Task>
<Opcode>0</Opcode>
<Keywords>0x8020000000000000</Keywords>
<TimeCreated SystemTime="2018-09-10 12:20:01.502962"></TimeCreated>
<EventRecordID>231779</EventRecordID>
<Correlation ActivityID="" RelatedActivityID=""></Correlation>
<Execution ProcessID="664" ThreadID="848"></Execution>
<Channel>Security</Channel>
<Computer>WIN-KCON-EXCH16.EM.KRINGLECON.COM</Computer>
<Security UserID=""></Security>
</System>
<EventData><Data Name="TargetUserName">Backup Operators</Data>
<Data Name="TargetDomainName">Builtin</Data>
<Data Name="TargetSid">S-1-5-32-551</Data>
<Data Name="SubjectUserSid">S-1-5-18</Data>
<Data Name="SubjectUserName">WIN-KCON-EXCH16$</Data>
<Data Name="SubjectDomainName">EM.KRINGLECON</Data>
<Data Name="SubjectLogonId">0x00000000000003e7</Data>
<Data Name="CallerProcessId">0x0000000000000988</Data>
<Data Name="CallerProcessName">C:\Windows\System32\inetsrv\inetinfo.exe</Data>
</EventData>
</Event>

<Event xmlns="http://schemas.microsoft.com/win/2004/08/events/event"><System><Provider Name="Microsoft-Windows-Security-Auditing" Guid="{54849625-5478-4994-a5ba-3e3b0328c30d}"></Provider>
<EventID Qualifiers="">4624</EventID>
<Version>2</Version>
<Level>0</Level>
<Task>12544</Task>
<Opcode>0</Opcode>
<Keywords>0x8020000000000000</Keywords>
<TimeCreated SystemTime="2018-09-10 12:20:02.665834"></TimeCreated>
<EventRecordID>231780</EventRecordID>
<Correlation ActivityID="" RelatedActivityID=""></Correlation>
<Execution ProcessID="664" ThreadID="848"></Execution>
<Channel>Security</Channel>
<Computer>WIN-KCON-EXCH16.EM.KRINGLECON.COM</Computer>
<Security UserID=""></Security>
</System>
<EventData><Data Name="SubjectUserSid">S-1-5-18</Data>
<Data Name="SubjectUserName">WIN-KCON-EXCH16$</Data>
<Data Name="SubjectDomainName">EM.KRINGLECON</Data>
<Data Name="SubjectLogonId">0x00000000000003e7</Data>
<Data Name="TargetUserSid">S-1-5-18</Data>
<Data Name="TargetUserName">SYSTEM</Data>
<Data Name="TargetDomainName">NT AUTHORITY</Data>
<Data Name="TargetLogonId">0x00000000000003e7</Data>
<Data Name="LogonType">5</Data>
<Data Name="LogonProcessName">Advapi  </Data>
<Data Name="AuthenticationPackageName">Negotiate</Data>
<Data Name="WorkstationName">-</Data>
<Data Name="LogonGuid">{00000000-0000-0000-0000-000000000000}</Data>
<Data Name="TransmittedServices">-</Data>
<Data Name="LmPackageName">-</Data>
<Data Name="KeyLength">0</Data>
<Data Name="ProcessId">0x0000000000000290</Data>
<Data Name="ProcessName">C:\Windows\System32\services.exe</Data>
<Data Name="IpAddress">-</Data>
<Data Name="IpPort">-</Data>
<Data Name="ImpersonationLevel">%%1833</Data>
<Data Name="RestrictedAdminMode">-</Data>
<Data Name="TargetOutboundUserName">-</Data>
<Data Name="TargetOutboundDomainName">-</Data>
<Data Name="VirtualAccount">%%1843</Data>
<Data Name="TargetLinkedLogonId">0x0000000000000000</Data>
<Data Name="ElevatedToken">%%1842</Data>
</EventData>
</Event>

<Event xmlns="http://schemas.microsoft.com/win/2004/08/events/event"><System><Provider Name="Microsoft-Windows-Security-Auditing" Guid="{54849625-5478-4994-a5ba-3e3b0328c30d}"></Provider>
<EventID Qualifiers="">4769</EventID>
<Version>0</Version>
<Level>0</Level>
<Task>14337</Task>
<Opcode>0</Opcode>
<Keywords>0x8020000000000000</Keywords>
<TimeCreated SystemTime="2018-09-10 12:20:08.854073"></TimeCreated>
<EventRecordID>231784</EventRecordID>
<Correlation ActivityID="" RelatedActivityID=""></Correlation>
<Execution ProcessID="664" ThreadID="2436"></Execution>
<Channel>Security</Channel>
<Computer>WIN-KCON-EXCH16.EM.KRINGLECON.COM</Computer>
<Security UserID=""></Security>
</System>
<EventData><Data Name="TargetUserName">WIN-KCON-EXCH16$@EM.KRINGLECON.COM</Data>
<Data Name="TargetDomainName">EM.KRINGLECON.COM</Data>
<Data Name="ServiceName">WIN-KCON-EXCH16$</Data>
<Data Name="ServiceSid">S-1-5-21-25059752-1411454016-2901770228-1000</Data>
<Data Name="TicketOptions">0x40810000</Data>
<Data Name="TicketEncryptionType">0x00000012</Data>
<Data Name="IpAddress">::ffff:169.254.202.186</Data>
<Data Name="IpPort">6428</Data>
<Data Name="Status">0x00000000</Data>
<Data Name="LogonGuid">{5fa18354-ec7f-5856-5b06-abe7105ef365}</Data>
<Data Name="TransmittedServices">-</Data>
</EventData>
</Event>

<Event xmlns="http://schemas.microsoft.com/win/2004/08/events/event"><System><Provider Name="Microsoft-Windows-Security-Auditing" Guid="{54849625-5478-4994-a5ba-3e3b0328c30d}"></Provider>
<EventID Qualifiers="">4769</EventID>
<Version>0</Version>
<Level>0</Level>
<Task>14337</Task>
<Opcode>0</Opcode>
<Keywords>0x8020000000000000</Keywords>
<TimeCreated SystemTime="2018-09-10 12:20:08.854368"></TimeCreated>
<EventRecordID>231785</EventRecordID>
<Correlation ActivityID="" RelatedActivityID=""></Correlation>
<Execution ProcessID="664" ThreadID="2468"></Execution>
<Channel>Security</Channel>
<Computer>WIN-KCON-EXCH16.EM.KRINGLECON.COM</Computer>
<Security UserID=""></Security>
</System>
<EventData><Data Name="TargetUserName">WIN-KCON-EXCH16$@EM.KRINGLECON.COM</Data>
<Data Name="TargetDomainName">EM.KRINGLECON.COM</Data>
<Data Name="ServiceName">WIN-KCON-EXCH16$</Data>
<Data Name="ServiceSid">S-1-5-21-25059752-1411454016-2901770228-1000</Data>
<Data Name="TicketOptions">0x40800000</Data>
<Data Name="TicketEncryptionType">0x00000012</Data>
<Data Name="IpAddress">::ffff:169.254.202.186</Data>
<Data Name="IpPort">6426</Data>
<Data Name="Status">0x00000000</Data>
<Data Name="LogonGuid">{5fa18354-ec7f-5856-5b06-abe7105ef365}</Data>
<Data Name="TransmittedServices">-</Data>
</EventData>
</Event>

<Event xmlns="http://schemas.microsoft.com/win/2004/08/events/event"><System><Provider Name="Microsoft-Windows-Security-Auditing" Guid="{54849625-5478-4994-a5ba-3e3b0328c30d}"></Provider>
<EventID Qualifiers="">4769</EventID>
<Version>0</Version>
<Level>0</Level>
<Task>14337</Task>
<Opcode>0</Opcode>
<Keywords>0x8020000000000000</Keywords>
<TimeCreated SystemTime="2018-09-10 12:20:08.854507"></TimeCreated>
<EventRecordID>231786</EventRecordID>
<Correlation ActivityID="" RelatedActivityID=""></Correlation>
<Execution ProcessID="664" ThreadID="1532"></Execution>
<Channel>Security</Channel>
<Computer>WIN-KCON-EXCH16.EM.KRINGLECON.COM</Computer>
<Security UserID=""></Security>
</System>
<EventData><Data Name="TargetUserName">WIN-KCON-EXCH16$@EM.KRINGLECON.COM</Data>
<Data Name="TargetDomainName">EM.KRINGLECON.COM</Data>
<Data Name="ServiceName">WIN-KCON-EXCH16$</Data>
<Data Name="ServiceSid">S-1-5-21-25059752-1411454016-2901770228-1000</Data>
<Data Name="TicketOptions">0x40810000</Data>
<Data Name="TicketEncryptionType">0x00000012</Data>
<Data Name="IpAddress">::ffff:169.254.202.186</Data>
<Data Name="IpPort">6429</Data>
<Data Name="Status">0x00000000</Data>
<Data Name="LogonGuid">{5fa18354-ec7f-5856-5b06-abe7105ef365}</Data>
<Data Name="TransmittedServices">-</Data>
</EventData>
</Event>

<Event xmlns="http://schemas.microsoft.com/win/2004/08/events/event"><System><Provider Name="Microsoft-Windows-Security-Auditing" Guid="{54849625-5478-4994-a5ba-3e3b0328c30d}"></Provider>
<EventID Qualifiers="">4769</EventID>
<Version>0</Version>
<Level>0</Level>
<Task>14337</Task>
<Opcode>0</Opcode>
<Keywords>0x8020000000000000</Keywords>
<TimeCreated SystemTime="2018-09-10 12:20:08.855976"></TimeCreated>
<EventRecordID>231787</EventRecordID>
<Correlation ActivityID="" RelatedActivityID=""></Correlation>
<Execution ProcessID="664" ThreadID="3800"></Execution>
<Channel>Security</Channel>
<Computer>WIN-KCON-EXCH16.EM.KRINGLECON.COM</Computer>
<Security UserID=""></Security>
</System>
<EventData><Data Name="TargetUserName">WIN-KCON-EXCH16$@EM.KRINGLECON.COM</Data>
<Data Name="TargetDomainName">EM.KRINGLECON.COM</Data>
<Data Name="ServiceName">WIN-KCON-EXCH16$</Data>
<Data Name="ServiceSid">S-1-5-21-25059752-1411454016-2901770228-1000</Data>
<Data Name="TicketOptions">0x40810000</Data>
<Data Name="TicketEncryptionType">0x00000012</Data>
<Data Name="IpAddress">::ffff:169.254.202.186</Data>
<Data Name="IpPort">6427</Data>
<Data Name="Status">0x00000000</Data>
<Data Name="LogonGuid">{5fa18354-ec7f-5856-5b06-abe7105ef365}</Data>
<Data Name="TransmittedServices">-</Data>
</EventData>
</Event>

<Event xmlns="http://schemas.microsoft.com/win/2004/08/events/event"><System><Provider Name="Microsoft-Windows-Security-Auditing" Guid="{54849625-5478-4994-a5ba-3e3b0328c30d}"></Provider>
<EventID Qualifiers="">4769</EventID>
<Version>0</Version>
<Level>0</Level>
<Task>14337</Task>
<Opcode>0</Opcode>
<Keywords>0x8020000000000000</Keywords>
<TimeCreated SystemTime="2018-09-10 12:20:10.954353"></TimeCreated>
<EventRecordID>231801</EventRecordID>
<Correlation ActivityID="" RelatedActivityID=""></Correlation>
<Execution ProcessID="664" ThreadID="1532"></Execution>
<Channel>Security</Channel>
<Computer>WIN-KCON-EXCH16.EM.KRINGLECON.COM</Computer>
<Security UserID=""></Security>
</System>
<EventData><Data Name="TargetUserName">WIN-KCON-EXCH16$@EM.KRINGLECON.COM</Data>
<Data Name="TargetDomainName">EM.KRINGLECON.COM</Data>
<Data Name="ServiceName">WIN-KCON-EXCH16$</Data>
<Data Name="ServiceSid">S-1-5-21-25059752-1411454016-2901770228-1000</Data>
<Data Name="TicketOptions">0x40800000</Data>
<Data Name="TicketEncryptionType">0x00000012</Data>
<Data Name="IpAddress">::ffff:169.254.202.186</Data>
<Data Name="IpPort">6439</Data>
<Data Name="Status">0x00000000</Data>
<Data Name="LogonGuid">{ad4a354d-7f41-f329-9039-663f633b93ff}</Data>
<Data Name="TransmittedServices">-</Data>
</EventData>
</Event>

<Event xmlns="http://schemas.microsoft.com/win/2004/08/events/event"><System><Provider Name="Microsoft-Windows-Security-Auditing" Guid="{54849625-5478-4994-a5ba-3e3b0328c30d}"></Provider>
<EventID Qualifiers="">4769</EventID>
<Version>0</Version>
<Level>0</Level>
<Task>14337</Task>
<Opcode>0</Opcode>
<Keywords>0x8020000000000000</Keywords>
<TimeCreated SystemTime="2018-09-10 12:20:10.955156"></TimeCreated>
<EventRecordID>231802</EventRecordID>
<Correlation ActivityID="" RelatedActivityID=""></Correlation>
<Execution ProcessID="664" ThreadID="2468"></Execution>
<Channel>Security</Channel>
<Computer>WIN-KCON-EXCH16.EM.KRINGLECON.COM</Computer>
<Security UserID=""></Security>
</System>
<EventData><Data Name="TargetUserName">WIN-KCON-EXCH16$@EM.KRINGLECON.COM</Data>
<Data Name="TargetDomainName">EM.KRINGLECON.COM</Data>
<Data Name="ServiceName">krbtgt</Data>
<Data Name="ServiceSid">S-1-5-21-25059752-1411454016-2901770228-502</Data>
<Data Name="TicketOptions">0x60810010</Data>
<Data Name="TicketEncryptionType">0x00000012</Data>
<Data Name="IpAddress">::ffff:169.254.202.186</Data>
<Data Name="IpPort">6440</Data>
<Data Name="Status">0x00000000</Data>
<Data Name="LogonGuid">{ad4a354d-7f41-f329-9039-663f633b93ff}</Data>
<Data Name="TransmittedServices">-</Data>
</EventData>
</Event>

<Event xmlns="http://schemas.microsoft.com/win/2004/08/events/event"><System><Provider Name="Microsoft-Windows-Security-Auditing" Guid="{54849625-5478-4994-a5ba-3e3b0328c30d}"></Provider>
<EventID Qualifiers="">4769</EventID>
<Version>0</Version>
<Level>0</Level>
<Task>14337</Task>
<Opcode>0</Opcode>
<Keywords>0x8020000000000000</Keywords>
<TimeCreated SystemTime="2018-09-10 12:20:12.356524"></TimeCreated>
<EventRecordID>231809</EventRecordID>
<Correlation ActivityID="" RelatedActivityID=""></Correlation>
<Execution ProcessID="664" ThreadID="2468"></Execution>
<Channel>Security</Channel>
<Computer>WIN-KCON-EXCH16.EM.KRINGLECON.COM</Computer>
<Security UserID=""></Security>
</System>
<EventData><Data Name="TargetUserName">WIN-KCON-EXCH16$@EM.KRINGLECON.COM</Data>
<Data Name="TargetDomainName">EM.KRINGLECON.COM</Data>
<Data Name="ServiceName">WIN-KCON-EXCH16$</Data>
<Data Name="ServiceSid">S-1-5-21-25059752-1411454016-2901770228-1000</Data>
<Data Name="TicketOptions">0x40810000</Data>
<Data Name="TicketEncryptionType">0x00000012</Data>
<Data Name="IpAddress">::ffff:169.254.202.186</Data>
<Data Name="IpPort">6448</Data>
<Data Name="Status">0x00000000</Data>
<Data Name="LogonGuid">{e25b771d-35b7-aa88-bf29-faed7eefd455}</Data>
<Data Name="TransmittedServices">-</Data>
</EventData>
</Event>

<Event xmlns="http://schemas.microsoft.com/win/2004/08/events/event"><System><Provider Name="Microsoft-Windows-Security-Auditing" Guid="{54849625-5478-4994-a5ba-3e3b0328c30d}"></Provider>
<EventID Qualifiers="">4799</EventID>
<Version>0</Version>
<Level>0</Level>
<Task>13826</Task>
<Opcode>0</Opcode>
<Keywords>0x8020000000000000</Keywords>
<TimeCreated SystemTime="2018-09-10 12:20:14.106730"></TimeCreated>
<EventRecordID>231816</EventRecordID>
<Correlation ActivityID="" RelatedActivityID=""></Correlation>
<Execution ProcessID="664" ThreadID="720"></Execution>
<Channel>Security</Channel>
<Computer>WIN-KCON-EXCH16.EM.KRINGLECON.COM</Computer>
<Security UserID=""></Security>
</System>
<EventData><Data Name="TargetUserName">Administrators</Data>
<Data Name="TargetDomainName">Builtin</Data>
<Data Name="TargetSid">S-1-5-32-544</Data>
<Data Name="SubjectUserSid">S-1-5-20</Data>
<Data Name="SubjectUserName">WIN-KCON-EXCH16$</Data>
<Data Name="SubjectDomainName">EM.KRINGLECON</Data>
<Data Name="SubjectLogonId">0x00000000000003e4</Data>
<Data Name="CallerProcessId">0x0000000000000938</Data>
<Data Name="CallerProcessName">C:\Windows\System32\mqsvc.exe</Data>
</EventData>
</Event>

<Event xmlns="http://schemas.microsoft.com/win/2004/08/events/event"><System><Provider Name="Microsoft-Windows-Security-Auditing" Guid="{54849625-5478-4994-a5ba-3e3b0328c30d}"></Provider>
<EventID Qualifiers="">4799</EventID>
<Version>0</Version>
<Level>0</Level>
<Task>13826</Task>
<Opcode>0</Opcode>
<Keywords>0x8020000000000000</Keywords>
<TimeCreated SystemTime="2018-09-10 12:20:14.110266"></TimeCreated>
<EventRecordID>231817</EventRecordID>
<Correlation ActivityID="" RelatedActivityID=""></Correlation>
<Execution ProcessID="664" ThreadID="720"></Execution>
<Channel>Security</Channel>
<Computer>WIN-KCON-EXCH16.EM.KRINGLECON.COM</Computer>
<Security UserID=""></Security>
</System>
<EventData><Data Name="TargetUserName">Backup Operators</Data>
<Data Name="TargetDomainName">Builtin</Data>
<Data Name="TargetSid">S-1-5-32-551</Data>
<Data Name="SubjectUserSid">S-1-5-20</Data>
<Data Name="SubjectUserName">WIN-KCON-EXCH16$</Data>
<Data Name="SubjectDomainName">EM.KRINGLECON</Data>
<Data Name="SubjectLogonId">0x00000000000003e4</Data>
<Data Name="CallerProcessId">0x0000000000000938</Data>
<Data Name="CallerProcessName">C:\Windows\System32\mqsvc.exe</Data>
</EventData>
</Event>

<Event xmlns="http://schemas.microsoft.com/win/2004/08/events/event"><System><Provider Name="Microsoft-Windows-Security-Auditing" Guid="{54849625-5478-4994-a5ba-3e3b0328c30d}"></Provider>
<EventID Qualifiers="">4624</EventID>
<Version>2</Version>
<Level>0</Level>
<Task>12544</Task>
<Opcode>0</Opcode>
<Keywords>0x8020000000000000</Keywords>
<TimeCreated SystemTime="2018-09-10 12:20:17.498009"></TimeCreated>
<EventRecordID>231824</EventRecordID>
<Correlation ActivityID="" RelatedActivityID=""></Correlation>
<Execution ProcessID="664" ThreadID="776"></Execution>
<Channel>Security</Channel>
<Computer>WIN-KCON-EXCH16.EM.KRINGLECON.COM</Computer>
<Security UserID=""></Security>
</System>
<EventData><Data Name="SubjectUserSid">S-1-5-18</Data>
<Data Name="SubjectUserName">WIN-KCON-EXCH16$</Data>
<Data Name="SubjectDomainName">EM.KRINGLECON</Data>
<Data Name="SubjectLogonId">0x00000000000003e7</Data>
<Data Name="TargetUserSid">S-1-5-18</Data>
<Data Name="TargetUserName">SYSTEM</Data>
<Data Name="TargetDomainName">NT AUTHORITY</Data>
<Data Name="TargetLogonId">0x00000000000003e7</Data>
<Data Name="LogonType">5</Data>
<Data Name="LogonProcessName">Advapi  </Data>
<Data Name="AuthenticationPackageName">Negotiate</Data>
<Data Name="WorkstationName">-</Data>
<Data Name="LogonGuid">{00000000-0000-0000-0000-000000000000}</Data>
<Data Name="TransmittedServices">-</Data>
<Data Name="LmPackageName">-</Data>
<Data Name="KeyLength">0</Data>
<Data Name="ProcessId">0x0000000000000290</Data>
<Data Name="ProcessName">C:\Windows\System32\services.exe</Data>
<Data Name="IpAddress">-</Data>
<Data Name="IpPort">-</Data>
<Data Name="ImpersonationLevel">%%1833</Data>
<Data Name="RestrictedAdminMode">-</Data>
<Data Name="TargetOutboundUserName">-</Data>
<Data Name="TargetOutboundDomainName">-</Data>
<Data Name="VirtualAccount">%%1843</Data>
<Data Name="TargetLinkedLogonId">0x0000000000000000</Data>
<Data Name="ElevatedToken">%%1842</Data>
</EventData>
</Event>

<Event xmlns="http://schemas.microsoft.com/win/2004/08/events/event"><System><Provider Name="Microsoft-Windows-Security-Auditing" Guid="{54849625-5478-4994-a5ba-3e3b0328c30d}"></Provider>
<EventID Qualifiers="">4799</EventID>
<Version>0</Version>
<Level>0</Level>
<Task>13826</Task>
<Opcode>0</Opcode>
<Keywords>0x8020000000000000</Keywords>
<TimeCreated SystemTime="2018-09-10 12:20:30.466898"></TimeCreated>
<EventRecordID>231838</EventRecordID>
<Correlation ActivityID="" RelatedActivityID=""></Correlation>
<Execution ProcessID="664" ThreadID="848"></Execution>
<Channel>Security</Channel>
<Computer>WIN-KCON-EXCH16.EM.KRINGLECON.COM</Computer>
<Security UserID=""></Security>
</System>
<EventData><Data Name="TargetUserName">Administrators</Data>
<Data Name="TargetDomainName">Builtin</Data>
<Data Name="TargetSid">S-1-5-32-544</Data>
<Data Name="SubjectUserSid">S-1-5-18</Data>
<Data Name="SubjectUserName">WIN-KCON-EXCH16$</Data>
<Data Name="SubjectDomainName">EM.KRINGLECON</Data>
<Data Name="SubjectLogonId">0x00000000000003e7</Data>
<Data Name="CallerProcessId">0x0000000000000aa0</Data>
<Data Name="CallerProcessName">C:\Windows\System32\dfsrs.exe</Data>
</EventData>
</Event>

<Event xmlns="http://schemas.microsoft.com/win/2004/08/events/event"><System><Provider Name="Microsoft-Windows-Security-Auditing" Guid="{54849625-5478-4994-a5ba-3e3b0328c30d}"></Provider>
<EventID Qualifiers="">4799</EventID>
<Version>0</Version>
<Level>0</Level>
<Task>13826</Task>
<Opcode>0</Opcode>
<Keywords>0x8020000000000000</Keywords>
<TimeCreated SystemTime="2018-09-10 12:20:30.469580"></TimeCreated>
<EventRecordID>231839</EventRecordID>
<Correlation ActivityID="" RelatedActivityID=""></Correlation>
<Execution ProcessID="664" ThreadID="852"></Execution>
<Channel>Security</Channel>
<Computer>WIN-KCON-EXCH16.EM.KRINGLECON.COM</Computer>
<Security UserID=""></Security>
</System>
<EventData><Data Name="TargetUserName">Backup Operators</Data>
<Data Name="TargetDomainName">Builtin</Data>
<Data Name="TargetSid">S-1-5-32-551</Data>
<Data Name="SubjectUserSid">S-1-5-18</Data>
<Data Name="SubjectUserName">WIN-KCON-EXCH16$</Data>
<Data Name="SubjectDomainName">EM.KRINGLECON</Data>
<Data Name="SubjectLogonId">0x00000000000003e7</Data>
<Data Name="CallerProcessId">0x0000000000000aa0</Data>
<Data Name="CallerProcessName">C:\Windows\System32\dfsrs.exe</Data>
</EventData>
</Event>

<Event xmlns="http://schemas.microsoft.com/win/2004/08/events/event"><System><Provider Name="Microsoft-Windows-Security-Auditing" Guid="{54849625-5478-4994-a5ba-3e3b0328c30d}"></Provider>
<EventID Qualifiers="">4624</EventID>
<Version>2</Version>
<Level>0</Level>
<Task>12544</Task>
<Opcode>0</Opcode>
<Keywords>0x8020000000000000</Keywords>
<TimeCreated SystemTime="2018-09-10 12:20:32.026730"></TimeCreated>
<EventRecordID>231846</EventRecordID>
<Correlation ActivityID="" RelatedActivityID=""></Correlation>
<Execution ProcessID="664" ThreadID="852"></Execution>
<Channel>Security</Channel>
<Computer>WIN-KCON-EXCH16.EM.KRINGLECON.COM</Computer>
<Security UserID=""></Security>
</System>
<EventData><Data Name="SubjectUserSid">S-1-5-18</Data>
<Data Name="SubjectUserName">WIN-KCON-EXCH16$</Data>
<Data Name="SubjectDomainName">EM.KRINGLECON</Data>
<Data Name="SubjectLogonId">0x00000000000003e7</Data>
<Data Name="TargetUserSid">S-1-5-18</Data>
<Data Name="TargetUserName">SYSTEM</Data>
<Data Name="TargetDomainName">NT AUTHORITY</Data>
<Data Name="TargetLogonId">0x00000000000003e7</Data>
<Data Name="LogonType">5</Data>
<Data Name="LogonProcessName">Advapi  </Data>
<Data Name="AuthenticationPackageName">Negotiate</Data>
<Data Name="WorkstationName">-</Data>
<Data Name="LogonGuid">{00000000-0000-0000-0000-000000000000}</Data>
<Data Name="TransmittedServices">-</Data>
<Data Name="LmPackageName">-</Data>
<Data Name="KeyLength">0</Data>
<Data Name="ProcessId">0x0000000000000290</Data>
<Data Name="ProcessName">C:\Windows\System32\services.exe</Data>
<Data Name="IpAddress">-</Data>
<Data Name="IpPort">-</Data>
<Data Name="ImpersonationLevel">%%1833</Data>
<Data Name="RestrictedAdminMode">-</Data>
<Data Name="TargetOutboundUserName">-</Data>
<Data Name="TargetOutboundDomainName">-</Data>
<Data Name="VirtualAccount">%%1843</Data>
<Data Name="TargetLinkedLogonId">0x0000000000000000</Data>
<Data Name="ElevatedToken">%%1842</Data>
</EventData>
</Event>

<Event xmlns="http://schemas.microsoft.com/win/2004/08/events/event"><System><Provider Name="Microsoft-Windows-Security-Auditing" Guid="{54849625-5478-4994-a5ba-3e3b0328c30d}"></Provider>
<EventID Qualifiers="">4799</EventID>
<Version>0</Version>
<Level>0</Level>
<Task>13826</Task>
<Opcode>0</Opcode>
<Keywords>0x8020000000000000</Keywords>
<TimeCreated SystemTime="2018-09-10 12:20:33.030861"></TimeCreated>
<EventRecordID>231848</EventRecordID>
<Correlation ActivityID="" RelatedActivityID=""></Correlation>
<Execution ProcessID="664" ThreadID="848"></Execution>
<Channel>Security</Channel>
<Computer>WIN-KCON-EXCH16.EM.KRINGLECON.COM</Computer>
<Security UserID=""></Security>
</System>
<EventData><Data Name="TargetUserName">Administrators</Data>
<Data Name="TargetDomainName">Builtin</Data>
<Data Name="TargetSid">S-1-5-32-544</Data>
<Data Name="SubjectUserSid">S-1-5-18</Data>
<Data Name="SubjectUserName">WIN-KCON-EXCH16$</Data>
<Data Name="SubjectDomainName">EM.KRINGLECON</Data>
<Data Name="SubjectLogonId">0x00000000000003e7</Data>
<Data Name="CallerProcessId">0x0000000000001350</Data>
<Data Name="CallerProcessName">C:\Windows\System32\VSSVC.exe</Data>
</EventData>
</Event>

<Event xmlns="http://schemas.microsoft.com/win/2004/08/events/event"><System><Provider Name="Microsoft-Windows-Security-Auditing" Guid="{54849625-5478-4994-a5ba-3e3b0328c30d}"></Provider>
<EventID Qualifiers="">4799</EventID>
<Version>0</Version>
<Level>0</Level>
<Task>13826</Task>
<Opcode>0</Opcode>
<Keywords>0x8020000000000000</Keywords>
<TimeCreated SystemTime="2018-09-10 12:20:33.033270"></TimeCreated>
<EventRecordID>231849</EventRecordID>
<Correlation ActivityID="" RelatedActivityID=""></Correlation>
<Execution ProcessID="664" ThreadID="848"></Execution>
<Channel>Security</Channel>
<Computer>WIN-KCON-EXCH16.EM.KRINGLECON.COM</Computer>
<Security UserID=""></Security>
</System>
<EventData><Data Name="TargetUserName">Backup Operators</Data>
<Data Name="TargetDomainName">Builtin</Data>
<Data Name="TargetSid">S-1-5-32-551</Data>
<Data Name="SubjectUserSid">S-1-5-18</Data>
<Data Name="SubjectUserName">WIN-KCON-EXCH16$</Data>
<Data Name="SubjectDomainName">EM.KRINGLECON</Data>
<Data Name="SubjectLogonId">0x00000000000003e7</Data>
<Data Name="CallerProcessId">0x0000000000001350</Data>
<Data Name="CallerProcessName">C:\Windows\System32\VSSVC.exe</Data>
</EventData>
</Event>

<Event xmlns="http://schemas.microsoft.com/win/2004/08/events/event"><System><Provider Name="Microsoft-Windows-Security-Auditing" Guid="{54849625-5478-4994-a5ba-3e3b0328c30d}"></Provider>
<EventID Qualifiers="">4799</EventID>
<Version>0</Version>
<Level>0</Level>
<Task>13826</Task>
<Opcode>0</Opcode>
<Keywords>0x8020000000000000</Keywords>
<TimeCreated SystemTime="2018-09-10 12:20:33.275520"></TimeCreated>
<EventRecordID>231850</EventRecordID>
<Correlation ActivityID="" RelatedActivityID=""></Correlation>
<Execution ProcessID="664" ThreadID="848"></Execution>
<Channel>Security</Channel>
<Computer>WIN-KCON-EXCH16.EM.KRINGLECON.COM</Computer>
<Security UserID=""></Security>
</System>
<EventData><Data Name="TargetUserName">Administrators</Data>
<Data Name="TargetDomainName">Builtin</Data>
<Data Name="TargetSid">S-1-5-32-544</Data>
<Data Name="SubjectUserSid">S-1-5-18</Data>
<Data Name="SubjectUserName">WIN-KCON-EXCH16$</Data>
<Data Name="SubjectDomainName">EM.KRINGLECON</Data>
<Data Name="SubjectLogonId">0x00000000000003e7</Data>
<Data Name="CallerProcessId">0x0000000000001350</Data>
<Data Name="CallerProcessName">C:\Windows\System32\VSSVC.exe</Data>
</EventData>
</Event>

<Event xmlns="http://schemas.microsoft.com/win/2004/08/events/event"><System><Provider Name="Microsoft-Windows-Security-Auditing" Guid="{54849625-5478-4994-a5ba-3e3b0328c30d}"></Provider>
<EventID Qualifiers="">4799</EventID>
<Version>0</Version>
<Level>0</Level>
<Task>13826</Task>
<Opcode>0</Opcode>
<Keywords>0x8020000000000000</Keywords>
<TimeCreated SystemTime="2018-09-10 12:20:33.278736"></TimeCreated>
<EventRecordID>231851</EventRecordID>
<Correlation ActivityID="" RelatedActivityID=""></Correlation>
<Execution ProcessID="664" ThreadID="848"></Execution>
<Channel>Security</Channel>
<Computer>WIN-KCON-EXCH16.EM.KRINGLECON.COM</Computer>
<Security UserID=""></Security>
</System>
<EventData><Data Name="TargetUserName">Backup Operators</Data>
<Data Name="TargetDomainName">Builtin</Data>
<Data Name="TargetSid">S-1-5-32-551</Data>
<Data Name="SubjectUserSid">S-1-5-18</Data>
<Data Name="SubjectUserName">WIN-KCON-EXCH16$</Data>
<Data Name="SubjectDomainName">EM.KRINGLECON</Data>
<Data Name="SubjectLogonId">0x00000000000003e7</Data>
<Data Name="CallerProcessId">0x0000000000001350</Data>
<Data Name="CallerProcessName">C:\Windows\System32\VSSVC.exe</Data>
</EventData>
</Event>

