<Event xmlns="http://schemas.microsoft.com/win/2004/08/events/event"><System><Provider Name="Microsoft-Windows-Security-Auditing" Guid="{54849625-5478-4994-a5ba-3e3b0328c30d}"></Provider>
<EventID Qualifiers="">4624</EventID>
<Version>2</Version>
<Level>0</Level>
<Task>12544</Task>
<Opcode>0</Opcode>
<Keywords>0x8020000000000000</Keywords>
<TimeCreated SystemTime="2018-09-10 12:33:44.097460"></TimeCreated>
<EventRecordID>233141</EventRecordID>
<Correlation ActivityID="" RelatedActivityID=""></Correlation>
<Execution ProcessID="664" ThreadID="12152"></Execution>
<Channel>Security</Channel>
<Computer>WIN-KCON-EXCH16.EM.KRINGLECON.COM</Computer>
<Security UserID=""></Security>
</System>
<EventData><Data Name="SubjectUserSid">S-1-0-0</Data>
<Data Name="SubjectUserName">-</Data>
<Data Name="SubjectDomainName">-</Data>
<Data Name="SubjectLogonId">0x0000000000000000</Data>
<Data Name="TargetUserSid">S-1-5-21-25059752-1411454016-2901770228-1134</Data>
<Data Name="TargetUserName">HealthMailboxbe58608</Data>
<Data Name="TargetDomainName">EM.KRINGLECON</Data>
<Data Name="TargetLogonId">0x0000000000764167</Data>
<Data Name="LogonType">3</Data>
<Data Name="LogonProcessName">NtLmSsp </Data>
<Data Name="AuthenticationPackageName">NTLM</Data>
<Data Name="WorkstationName">WIN-KCON-EXCH16</Data>
<Data Name="LogonGuid">{00000000-0000-0000-0000-000000000000}</Data>
<Data Name="TransmittedServices">-</Data>
<Data Name="LmPackageName">NTLM V2</Data>
<Data Name="KeyLength">0</Data>
<Data Name="ProcessId">0x0000000000000000</Data>
<Data Name="ProcessName">-</Data>
<Data Name="IpAddress">fe80::5efe:169.254.202.186</Data>
<Data Name="IpPort">8505</Data>
<Data Name="ImpersonationLevel">%%1833</Data>
<Data Name="RestrictedAdminMode">-</Data>
<Data Name="TargetOutboundUserName">-</Data>
<Data Name="TargetOutboundDomainName">-</Data>
<Data Name="VirtualAccount">%%1843</Data>
<Data Name="TargetLinkedLogonId">0x0000000000000000</Data>
<Data Name="ElevatedToken">%%1842</Data>
</EventData>
</Event>

<Event xmlns="http://schemas.microsoft.com/win/2004/08/events/event"><System><Provider Name="Microsoft-Windows-Security-Auditing" Guid="{54849625-5478-4994-a5ba-3e3b0328c30d}"></Provider>
<EventID Qualifiers="">4624</EventID>
<Version>2</Version>
<Level>0</Level>
<Task>12544</Task>
<Opcode>0</Opcode>
<Keywords>0x8020000000000000</Keywords>
<TimeCreated SystemTime="2018-09-10 12:33:45.300751"></TimeCreated>
<EventRecordID>233151</EventRecordID>
<Correlation ActivityID="{71a9b66f-4900-0001-a8b6-a9710049d401}" RelatedActivityID=""></Correlation>
<Execution ProcessID="664" ThreadID="848"></Execution>
<Channel>Security</Channel>
<Computer>WIN-KCON-EXCH16.EM.KRINGLECON.COM</Computer>
<Security UserID=""></Security>
</System>
<EventData><Data Name="SubjectUserSid">S-1-0-0</Data>
<Data Name="SubjectUserName">-</Data>
<Data Name="SubjectDomainName">-</Data>
<Data Name="SubjectLogonId">0x0000000000000000</Data>
<Data Name="TargetUserSid">S-1-5-21-25059752-1411454016-2901770228-1134</Data>
<Data Name="TargetUserName">HealthMailboxbe58608</Data>
<Data Name="TargetDomainName">EM.KRINGLECON.COM</Data>
<Data Name="TargetLogonId">0x000000000076449c</Data>
<Data Name="LogonType">3</Data>
<Data Name="LogonProcessName">Kerberos</Data>
<Data Name="AuthenticationPackageName">Kerberos</Data>
<Data Name="WorkstationName">-</Data>
<Data Name="LogonGuid">{66b54d86-4302-a414-4b44-b4078e2c002e}</Data>
<Data Name="TransmittedServices">-</Data>
<Data Name="LmPackageName">-</Data>
<Data Name="KeyLength">0</Data>
<Data Name="ProcessId">0x0000000000000000</Data>
<Data Name="ProcessName">-</Data>
<Data Name="IpAddress">::1</Data>
<Data Name="IpPort">8515</Data>
<Data Name="ImpersonationLevel">%%1840</Data>
<Data Name="RestrictedAdminMode">-</Data>
<Data Name="TargetOutboundUserName">-</Data>
<Data Name="TargetOutboundDomainName">-</Data>
<Data Name="VirtualAccount">%%1843</Data>
<Data Name="TargetLinkedLogonId">0x0000000000000000</Data>
<Data Name="ElevatedToken">%%1842</Data>
</EventData>
</Event>

<Event xmlns="http://schemas.microsoft.com/win/2004/08/events/event"><System><Provider Name="Microsoft-Windows-Security-Auditing" Guid="{54849625-5478-4994-a5ba-3e3b0328c30d}"></Provider>
<EventID Qualifiers="">4624</EventID>
<Version>2</Version>
<Level>0</Level>
<Task>12544</Task>
<Opcode>0</Opcode>
<Keywords>0x8020000000000000</Keywords>
<TimeCreated SystemTime="2018-09-10 12:33:45.953945"></TimeCreated>
<EventRecordID>233167</EventRecordID>
<Correlation ActivityID="{71a9b66f-4900-0001-a8b6-a9710049d401}" RelatedActivityID=""></Correlation>
<Execution ProcessID="664" ThreadID="848"></Execution>
<Channel>Security</Channel>
<Computer>WIN-KCON-EXCH16.EM.KRINGLECON.COM</Computer>
<Security UserID=""></Security>
</System>
<EventData><Data Name="SubjectUserSid">S-1-0-0</Data>
<Data Name="SubjectUserName">-</Data>
<Data Name="SubjectDomainName">-</Data>
<Data Name="SubjectLogonId">0x0000000000000000</Data>
<Data Name="TargetUserSid">S-1-5-21-25059752-1411454016-2901770228-1134</Data>
<Data Name="TargetUserName">HealthMailboxbe58608</Data>
<Data Name="TargetDomainName">EM.KRINGLECON.COM</Data>
<Data Name="TargetLogonId">0x0000000000764a23</Data>
<Data Name="LogonType">3</Data>
<Data Name="LogonProcessName">Kerberos</Data>
<Data Name="AuthenticationPackageName">Kerberos</Data>
<Data Name="WorkstationName">-</Data>
<Data Name="LogonGuid">{66b54d86-4302-a414-4b44-b4078e2c002e}</Data>
<Data Name="TransmittedServices">-</Data>
<Data Name="LmPackageName">-</Data>
<Data Name="KeyLength">0</Data>
<Data Name="ProcessId">0x0000000000000000</Data>
<Data Name="ProcessName">-</Data>
<Data Name="IpAddress">-</Data>
<Data Name="IpPort">-</Data>
<Data Name="ImpersonationLevel">%%1840</Data>
<Data Name="RestrictedAdminMode">-</Data>
<Data Name="TargetOutboundUserName">-</Data>
<Data Name="TargetOutboundDomainName">-</Data>
<Data Name="VirtualAccount">%%1843</Data>
<Data Name="TargetLinkedLogonId">0x0000000000000000</Data>
<Data Name="ElevatedToken">%%1842</Data>
</EventData>
</Event>

<Event xmlns="http://schemas.microsoft.com/win/2004/08/events/event"><System><Provider Name="Microsoft-Windows-Security-Auditing" Guid="{54849625-5478-4994-a5ba-3e3b0328c30d}"></Provider>
<EventID Qualifiers="">4776</EventID>
<Version>0</Version>
<Level>0</Level>
<Task>14336</Task>
<Opcode>0</Opcode>
<Keywords>0x8020000000000000</Keywords>
<TimeCreated SystemTime="2018-09-10 12:33:49.747589"></TimeCreated>
<EventRecordID>233193</EventRecordID>
<Correlation ActivityID="" RelatedActivityID=""></Correlation>
<Execution ProcessID="664" ThreadID="12152"></Execution>
<Channel>Security</Channel>
<Computer>WIN-KCON-EXCH16.EM.KRINGLECON.COM</Computer>
<Security UserID=""></Security>
</System>
<EventData><Data Name="PackageName">MICROSOFT_AUTHENTICATION_PACKAGE_V1_0</Data>
<Data Name="TargetUserName">HealthMailboxbe58608d4925422d8e4ea458cfedc612@EM.KRINGLECON.COM</Data>
<Data Name="Workstation">WIN-KCON-EXCH16</Data>
<Data Name="Status">0x00000000</Data>
</EventData>
</Event>

<Event xmlns="http://schemas.microsoft.com/win/2004/08/events/event"><System><Provider Name="Microsoft-Windows-Security-Auditing" Guid="{54849625-5478-4994-a5ba-3e3b0328c30d}"></Provider>
<EventID Qualifiers="">4624</EventID>
<Version>2</Version>
<Level>0</Level>
<Task>12544</Task>
<Opcode>0</Opcode>
<Keywords>0x8020000000000000</Keywords>
<TimeCreated SystemTime="2018-09-10 12:33:49.748758"></TimeCreated>
<EventRecordID>233194</EventRecordID>
<Correlation ActivityID="" RelatedActivityID=""></Correlation>
<Execution ProcessID="664" ThreadID="12152"></Execution>
<Channel>Security</Channel>
<Computer>WIN-KCON-EXCH16.EM.KRINGLECON.COM</Computer>
<Security UserID=""></Security>
</System>
<EventData><Data Name="SubjectUserSid">S-1-0-0</Data>
<Data Name="SubjectUserName">-</Data>
<Data Name="SubjectDomainName">-</Data>
<Data Name="SubjectLogonId">0x0000000000000000</Data>
<Data Name="TargetUserSid">S-1-5-21-25059752-1411454016-2901770228-1134</Data>
<Data Name="TargetUserName">HealthMailboxbe58608</Data>
<Data Name="TargetDomainName">EM.KRINGLECON</Data>
<Data Name="TargetLogonId">0x000000000076794e</Data>
<Data Name="LogonType">3</Data>
<Data Name="LogonProcessName">NtLmSsp </Data>
<Data Name="AuthenticationPackageName">NTLM</Data>
<Data Name="WorkstationName">WIN-KCON-EXCH16</Data>
<Data Name="LogonGuid">{00000000-0000-0000-0000-000000000000}</Data>
<Data Name="TransmittedServices">-</Data>
<Data Name="LmPackageName">NTLM V2</Data>
<Data Name="KeyLength">0</Data>
<Data Name="ProcessId">0x0000000000000000</Data>
<Data Name="ProcessName">-</Data>
<Data Name="IpAddress">fe80::b0d8:bf3b:51aa:caba</Data>
<Data Name="IpPort">8545</Data>
<Data Name="ImpersonationLevel">%%1833</Data>
<Data Name="RestrictedAdminMode">-</Data>
<Data Name="TargetOutboundUserName">-</Data>
<Data Name="TargetOutboundDomainName">-</Data>
<Data Name="VirtualAccount">%%1843</Data>
<Data Name="TargetLinkedLogonId">0x0000000000000000</Data>
<Data Name="ElevatedToken">%%1842</Data>
</EventData>
</Event>

<Event xmlns="http://schemas.microsoft.com/win/2004/08/events/event"><System><Provider Name="Microsoft-Windows-Security-Auditing" Guid="{54849625-5478-4994-a5ba-3e3b0328c30d}"></Provider>
<EventID Qualifiers="">4776</EventID>
<Version>0</Version>
<Level>0</Level>
<Task>14336</Task>
<Opcode>0</Opcode>
<Keywords>0x8020000000000000</Keywords>
<TimeCreated SystemTime="2018-09-10 12:33:49.753777"></TimeCreated>
<EventRecordID>233196</EventRecordID>
<Correlation ActivityID="" RelatedActivityID=""></Correlation>
<Execution ProcessID="664" ThreadID="720"></Execution>
<Channel>Security</Channel>
<Computer>WIN-KCON-EXCH16.EM.KRINGLECON.COM</Computer>
<Security UserID=""></Security>
</System>
<EventData><Data Name="PackageName">MICROSOFT_AUTHENTICATION_PACKAGE_V1_0</Data>
<Data Name="TargetUserName">HealthMailboxbe58608d4925422d8e4ea458cfedc612@EM.KRINGLECON.COM</Data>
<Data Name="Workstation">WIN-KCON-EXCH16</Data>
<Data Name="Status">0x00000000</Data>
</EventData>
</Event>

<Event xmlns="http://schemas.microsoft.com/win/2004/08/events/event"><System><Provider Name="Microsoft-Windows-Security-Auditing" Guid="{54849625-5478-4994-a5ba-3e3b0328c30d}"></Provider>
<EventID Qualifiers="">4624</EventID>
<Version>2</Version>
<Level>0</Level>
<Task>12544</Task>
<Opcode>0</Opcode>
<Keywords>0x8020000000000000</Keywords>
<TimeCreated SystemTime="2018-09-10 12:33:49.754499"></TimeCreated>
<EventRecordID>233197</EventRecordID>
<Correlation ActivityID="" RelatedActivityID=""></Correlation>
<Execution ProcessID="664" ThreadID="720"></Execution>
<Channel>Security</Channel>
<Computer>WIN-KCON-EXCH16.EM.KRINGLECON.COM</Computer>
<Security UserID=""></Security>
</System>
<EventData><Data Name="SubjectUserSid">S-1-0-0</Data>
<Data Name="SubjectUserName">-</Data>
<Data Name="SubjectDomainName">-</Data>
<Data Name="SubjectLogonId">0x0000000000000000</Data>
<Data Name="TargetUserSid">S-1-5-21-25059752-1411454016-2901770228-1134</Data>
<Data Name="TargetUserName">HealthMailboxbe58608</Data>
<Data Name="TargetDomainName">EM.KRINGLECON</Data>
<Data Name="TargetLogonId">0x0000000000767971</Data>
<Data Name="LogonType">3</Data>
<Data Name="LogonProcessName">NtLmSsp </Data>
<Data Name="AuthenticationPackageName">NTLM</Data>
<Data Name="WorkstationName">WIN-KCON-EXCH16</Data>
<Data Name="LogonGuid">{00000000-0000-0000-0000-000000000000}</Data>
<Data Name="TransmittedServices">-</Data>
<Data Name="LmPackageName">NTLM V2</Data>
<Data Name="KeyLength">0</Data>
<Data Name="ProcessId">0x0000000000000000</Data>
<Data Name="ProcessName">-</Data>
<Data Name="IpAddress">fe80::b0d8:bf3b:51aa:caba</Data>
<Data Name="IpPort">8546</Data>
<Data Name="ImpersonationLevel">%%1833</Data>
<Data Name="RestrictedAdminMode">-</Data>
<Data Name="TargetOutboundUserName">-</Data>
<Data Name="TargetOutboundDomainName">-</Data>
<Data Name="VirtualAccount">%%1843</Data>
<Data Name="TargetLinkedLogonId">0x0000000000000000</Data>
<Data Name="ElevatedToken">%%1842</Data>
</EventData>
</Event>

<Event xmlns="http://schemas.microsoft.com/win/2004/08/events/event"><System><Provider Name="Microsoft-Windows-Security-Auditing" Guid="{54849625-5478-4994-a5ba-3e3b0328c30d}"></Provider>
<EventID Qualifiers="">4624</EventID>
<Version>2</Version>
<Level>0</Level>
<Task>12544</Task>
<Opcode>0</Opcode>
<Keywords>0x8020000000000000</Keywords>
<TimeCreated SystemTime="2018-09-10 12:33:50.544355"></TimeCreated>
<EventRecordID>233205</EventRecordID>
<Correlation ActivityID="{71a9b66f-4900-0001-a8b6-a9710049d401}" RelatedActivityID=""></Correlation>
<Execution ProcessID="664" ThreadID="852"></Execution>
<Channel>Security</Channel>
<Computer>WIN-KCON-EXCH16.EM.KRINGLECON.COM</Computer>
<Security UserID=""></Security>
</System>
<EventData><Data Name="SubjectUserSid">S-1-5-18</Data>
<Data Name="SubjectUserName">WIN-KCON-EXCH16$</Data>
<Data Name="SubjectDomainName">EM.KRINGLECON</Data>
<Data Name="SubjectLogonId">0x00000000000003e7</Data>
<Data Name="TargetUserSid">S-1-5-21-25059752-1411454016-2901770228-1133</Data>
<Data Name="TargetUserName">HealthMailboxbab78a6</Data>
<Data Name="TargetDomainName">EM.KRINGLECON</Data>
<Data Name="TargetLogonId">0x00000000007685b1</Data>
<Data Name="LogonType">3</Data>
<Data Name="LogonProcessName">C</Data>
<Data Name="AuthenticationPackageName">Kerberos</Data>
<Data Name="WorkstationName">WIN-KCON-EXCH16</Data>
<Data Name="LogonGuid">{0ea3f09e-2f9b-5b70-2b34-709db60081c6}</Data>
<Data Name="TransmittedServices">-</Data>
<Data Name="LmPackageName">-</Data>
<Data Name="KeyLength">0</Data>
<Data Name="ProcessId">0x0000000000002494</Data>
<Data Name="ProcessName">C:\Program Files\Microsoft\Exchange Server\V15\Bin\MSExchangeHMWorker.exe</Data>
<Data Name="IpAddress">-</Data>
<Data Name="IpPort">-</Data>
<Data Name="ImpersonationLevel">%%1833</Data>
<Data Name="RestrictedAdminMode">-</Data>
<Data Name="TargetOutboundUserName">-</Data>
<Data Name="TargetOutboundDomainName">-</Data>
<Data Name="VirtualAccount">%%1843</Data>
<Data Name="TargetLinkedLogonId">0x0000000000000000</Data>
<Data Name="ElevatedToken">%%1842</Data>
</EventData>
</Event>

<Event xmlns="http://schemas.microsoft.com/win/2004/08/events/event"><System><Provider Name="Microsoft-Windows-Security-Auditing" Guid="{54849625-5478-4994-a5ba-3e3b0328c30d}"></Provider>
<EventID Qualifiers="">4624</EventID>
<Version>2</Version>
<Level>0</Level>
<Task>12544</Task>
<Opcode>0</Opcode>
<Keywords>0x8020000000000000</Keywords>
<TimeCreated SystemTime="2018-09-10 12:33:59.015905"></TimeCreated>
<EventRecordID>233219</EventRecordID>
<Correlation ActivityID="{71a9b66f-4900-0001-a8b6-a9710049d401}" RelatedActivityID=""></Correlation>
<Execution ProcessID="664" ThreadID="848"></Execution>
<Channel>Security</Channel>
<Computer>WIN-KCON-EXCH16.EM.KRINGLECON.COM</Computer>
<Security UserID=""></Security>
</System>
<EventData><Data Name="SubjectUserSid">S-1-0-0</Data>
<Data Name="SubjectUserName">-</Data>
<Data Name="SubjectDomainName">-</Data>
<Data Name="SubjectLogonId">0x0000000000000000</Data>
<Data Name="TargetUserSid">S-1-5-21-25059752-1411454016-2901770228-1134</Data>
<Data Name="TargetUserName">HealthMailboxbe58608</Data>
<Data Name="TargetDomainName">EM.KRINGLECON.COM</Data>
<Data Name="TargetLogonId">0x000000000076fe62</Data>
<Data Name="LogonType">3</Data>
<Data Name="LogonProcessName">Kerberos</Data>
<Data Name="AuthenticationPackageName">Kerberos</Data>
<Data Name="WorkstationName">-</Data>
<Data Name="LogonGuid">{66b54d86-4302-a414-4b44-b4078e2c002e}</Data>
<Data Name="TransmittedServices">-</Data>
<Data Name="LmPackageName">-</Data>
<Data Name="KeyLength">0</Data>
<Data Name="ProcessId">0x0000000000000000</Data>
<Data Name="ProcessName">-</Data>
<Data Name="IpAddress">::1</Data>
<Data Name="IpPort">8579</Data>
<Data Name="ImpersonationLevel">%%1840</Data>
<Data Name="RestrictedAdminMode">-</Data>
<Data Name="TargetOutboundUserName">-</Data>
<Data Name="TargetOutboundDomainName">-</Data>
<Data Name="VirtualAccount">%%1843</Data>
<Data Name="TargetLinkedLogonId">0x0000000000000000</Data>
<Data Name="ElevatedToken">%%1842</Data>
</EventData>
</Event>

<Event xmlns="http://schemas.microsoft.com/win/2004/08/events/event"><System><Provider Name="Microsoft-Windows-Security-Auditing" Guid="{54849625-5478-4994-a5ba-3e3b0328c30d}"></Provider>
<EventID Qualifiers="">4769</EventID>
<Version>0</Version>
<Level>0</Level>
<Task>14337</Task>
<Opcode>0</Opcode>
<Keywords>0x8020000000000000</Keywords>
<TimeCreated SystemTime="2018-09-10 12:34:08.517424"></TimeCreated>
<EventRecordID>233224</EventRecordID>
<Correlation ActivityID="" RelatedActivityID=""></Correlation>
<Execution ProcessID="664" ThreadID="2468"></Execution>
<Channel>Security</Channel>
<Computer>WIN-KCON-EXCH16.EM.KRINGLECON.COM</Computer>
<Security UserID=""></Security>
</System>
<EventData><Data Name="TargetUserName">WIN-KCON-EXCH16$@EM.KRINGLECON.COM</Data>
<Data Name="TargetDomainName">EM.KRINGLECON.COM</Data>
<Data Name="ServiceName">WIN-KCON-EXCH16$</Data>
<Data Name="ServiceSid">S-1-5-21-25059752-1411454016-2901770228-1000</Data>
<Data Name="TicketOptions">0x40810000</Data>
<Data Name="TicketEncryptionType">0x00000012</Data>
<Data Name="IpAddress">::ffff:169.254.202.186</Data>
<Data Name="IpPort">8604</Data>
<Data Name="Status">0x00000000</Data>
<Data Name="LogonGuid">{fb94dab0-86c9-b6ca-1d63-99f8ad947e4b}</Data>
<Data Name="TransmittedServices">-</Data>
</EventData>
</Event>

<Event xmlns="http://schemas.microsoft.com/win/2004/08/events/event"><System><Provider Name="Microsoft-Windows-Security-Auditing" Guid="{54849625-5478-4994-a5ba-3e3b0328c30d}"></Provider>
<EventID Qualifiers="">4769</EventID>
<Version>0</Version>
<Level>0</Level>
<Task>14337</Task>
<Opcode>0</Opcode>
<Keywords>0x8020000000000000</Keywords>
<TimeCreated SystemTime="2018-09-10 12:34:08.751690"></TimeCreated>
<EventRecordID>233229</EventRecordID>
<Correlation ActivityID="" RelatedActivityID=""></Correlation>
<Execution ProcessID="664" ThreadID="7304"></Execution>
<Channel>Security</Channel>
<Computer>WIN-KCON-EXCH16.EM.KRINGLECON.COM</Computer>
<Security UserID=""></Security>
</System>
<EventData><Data Name="TargetUserName">WIN-KCON-EXCH16$@EM.KRINGLECON.COM</Data>
<Data Name="TargetDomainName">EM.KRINGLECON.COM</Data>
<Data Name="ServiceName">WIN-KCON-EXCH16$</Data>
<Data Name="ServiceSid">S-1-5-21-25059752-1411454016-2901770228-1000</Data>
<Data Name="TicketOptions">0x40800000</Data>
<Data Name="TicketEncryptionType">0x00000012</Data>
<Data Name="IpAddress">::ffff:169.254.202.186</Data>
<Data Name="IpPort">8610</Data>
<Data Name="Status">0x00000000</Data>
<Data Name="LogonGuid">{fb94dab0-86c9-b6ca-1d63-99f8ad947e4b}</Data>
<Data Name="TransmittedServices">-</Data>
</EventData>
</Event>

<Event xmlns="http://schemas.microsoft.com/win/2004/08/events/event"><System><Provider Name="Microsoft-Windows-Security-Auditing" Guid="{54849625-5478-4994-a5ba-3e3b0328c30d}"></Provider>
<EventID Qualifiers="">4624</EventID>
<Version>2</Version>
<Level>0</Level>
<Task>12544</Task>
<Opcode>0</Opcode>
<Keywords>0x8020000000000000</Keywords>
<TimeCreated SystemTime="2018-09-10 12:34:21.128414"></TimeCreated>
<EventRecordID>233242</EventRecordID>
<Correlation ActivityID="{71a9b66f-4900-0001-a8b6-a9710049d401}" RelatedActivityID=""></Correlation>
<Execution ProcessID="664" ThreadID="852"></Execution>
<Channel>Security</Channel>
<Computer>WIN-KCON-EXCH16.EM.KRINGLECON.COM</Computer>
<Security UserID=""></Security>
</System>
<EventData><Data Name="SubjectUserSid">S-1-5-18</Data>
<Data Name="SubjectUserName">WIN-KCON-EXCH16$</Data>
<Data Name="SubjectDomainName">EM.KRINGLECON</Data>
<Data Name="SubjectLogonId">0x00000000000003e7</Data>
<Data Name="TargetUserSid">S-1-5-21-25059752-1411454016-2901770228-1133</Data>
<Data Name="TargetUserName">HealthMailboxbab78a6</Data>
<Data Name="TargetDomainName">EM.KRINGLECON</Data>
<Data Name="TargetLogonId">0x0000000000785d03</Data>
<Data Name="LogonType">3</Data>
<Data Name="LogonProcessName">C</Data>
<Data Name="AuthenticationPackageName">Kerberos</Data>
<Data Name="WorkstationName">WIN-KCON-EXCH16</Data>
<Data Name="LogonGuid">{0ea3f09e-2f9b-5b70-2b34-709db60081c6}</Data>
<Data Name="TransmittedServices">-</Data>
<Data Name="LmPackageName">-</Data>
<Data Name="KeyLength">0</Data>
<Data Name="ProcessId">0x0000000000002494</Data>
<Data Name="ProcessName">C:\Program Files\Microsoft\Exchange Server\V15\Bin\MSExchangeHMWorker.exe</Data>
<Data Name="IpAddress">-</Data>
<Data Name="IpPort">-</Data>
<Data Name="ImpersonationLevel">%%1833</Data>
<Data Name="RestrictedAdminMode">-</Data>
<Data Name="TargetOutboundUserName">-</Data>
<Data Name="TargetOutboundDomainName">-</Data>
<Data Name="VirtualAccount">%%1843</Data>
<Data Name="TargetLinkedLogonId">0x0000000000000000</Data>
<Data Name="ElevatedToken">%%1842</Data>
</EventData>
</Event>

<Event xmlns="http://schemas.microsoft.com/win/2004/08/events/event"><System><Provider Name="Microsoft-Windows-Security-Auditing" Guid="{54849625-5478-4994-a5ba-3e3b0328c30d}"></Provider>
<EventID Qualifiers="">4624</EventID>
<Version>2</Version>
<Level>0</Level>
<Task>12544</Task>
<Opcode>0</Opcode>
<Keywords>0x8020000000000000</Keywords>
<TimeCreated SystemTime="2018-09-10 12:34:24.641001"></TimeCreated>
<EventRecordID>233259</EventRecordID>
<Correlation ActivityID="{71a9b66f-4900-0001-a8b6-a9710049d401}" RelatedActivityID=""></Correlation>
<Execution ProcessID="664" ThreadID="720"></Execution>
<Channel>Security</Channel>
<Computer>WIN-KCON-EXCH16.EM.KRINGLECON.COM</Computer>
<Security UserID=""></Security>
</System>
<EventData><Data Name="SubjectUserSid">S-1-0-0</Data>
<Data Name="SubjectUserName">-</Data>
<Data Name="SubjectDomainName">-</Data>
<Data Name="SubjectLogonId">0x0000000000000000</Data>
<Data Name="TargetUserSid">S-1-5-21-25059752-1411454016-2901770228-1134</Data>
<Data Name="TargetUserName">HealthMailboxbe58608</Data>
<Data Name="TargetDomainName">EM.KRINGLECON.COM</Data>
<Data Name="TargetLogonId">0x00000000007893cf</Data>
<Data Name="LogonType">3</Data>
<Data Name="LogonProcessName">Kerberos</Data>
<Data Name="AuthenticationPackageName">Kerberos</Data>
<Data Name="WorkstationName">-</Data>
<Data Name="LogonGuid">{66b54d86-4302-a414-4b44-b4078e2c002e}</Data>
<Data Name="TransmittedServices">-</Data>
<Data Name="LmPackageName">-</Data>
<Data Name="KeyLength">0</Data>
<Data Name="ProcessId">0x0000000000000000</Data>
<Data Name="ProcessName">-</Data>
<Data Name="IpAddress">127.0.0.1</Data>
<Data Name="IpPort">8650</Data>
<Data Name="ImpersonationLevel">%%1840</Data>
<Data Name="RestrictedAdminMode">-</Data>
<Data Name="TargetOutboundUserName">-</Data>
<Data Name="TargetOutboundDomainName">-</Data>
<Data Name="VirtualAccount">%%1843</Data>
<Data Name="TargetLinkedLogonId">0x0000000000000000</Data>
<Data Name="ElevatedToken">%%1842</Data>
</EventData>
</Event>

<Event xmlns="http://schemas.microsoft.com/win/2004/08/events/event"><System><Provider Name="Microsoft-Windows-Security-Auditing" Guid="{54849625-5478-4994-a5ba-3e3b0328c30d}"></Provider>
<EventID Qualifiers="">4624</EventID>
<Version>2</Version>
<Level>0</Level>
<Task>12544</Task>
<Opcode>0</Opcode>
<Keywords>0x8020000000000000</Keywords>
<TimeCreated SystemTime="2018-09-10 12:34:28.056725"></TimeCreated>
<EventRecordID>233266</EventRecordID>
<Correlation ActivityID="{71a9b66f-4900-0001-a8b6-a9710049d401}" RelatedActivityID=""></Correlation>
<Execution ProcessID="664" ThreadID="852"></Execution>
<Channel>Security</Channel>
<Computer>WIN-KCON-EXCH16.EM.KRINGLECON.COM</Computer>
<Security UserID=""></Security>
</System>
<EventData><Data Name="SubjectUserSid">S-1-0-0</Data>
<Data Name="SubjectUserName">-</Data>
<Data Name="SubjectDomainName">-</Data>
<Data Name="SubjectLogonId">0x0000000000000000</Data>
<Data Name="TargetUserSid">S-1-5-21-25059752-1411454016-2901770228-1134</Data>
<Data Name="TargetUserName">HealthMailboxbe58608</Data>
<Data Name="TargetDomainName">EM.KRINGLECON.COM</Data>
<Data Name="TargetLogonId">0x000000000078bfed</Data>
<Data Name="LogonType">3</Data>
<Data Name="LogonProcessName">Kerberos</Data>
<Data Name="AuthenticationPackageName">Kerberos</Data>
<Data Name="WorkstationName">-</Data>
<Data Name="LogonGuid">{66b54d86-4302-a414-4b44-b4078e2c002e}</Data>
<Data Name="TransmittedServices">-</Data>
<Data Name="LmPackageName">-</Data>
<Data Name="KeyLength">0</Data>
<Data Name="ProcessId">0x0000000000000000</Data>
<Data Name="ProcessName">-</Data>
<Data Name="IpAddress">::1</Data>
<Data Name="IpPort">8661</Data>
<Data Name="ImpersonationLevel">%%1840</Data>
<Data Name="RestrictedAdminMode">-</Data>
<Data Name="TargetOutboundUserName">-</Data>
<Data Name="TargetOutboundDomainName">-</Data>
<Data Name="VirtualAccount">%%1843</Data>
<Data Name="TargetLinkedLogonId">0x0000000000000000</Data>
<Data Name="ElevatedToken">%%1842</Data>
</EventData>
</Event>

<Event xmlns="http://schemas.microsoft.com/win/2004/08/events/event"><System><Provider Name="Microsoft-Windows-Security-Auditing" Guid="{54849625-5478-4994-a5ba-3e3b0328c30d}"></Provider>
<EventID Qualifiers="">4768</EventID>
<Version>0</Version>
<Level>0</Level>
<Task>14339</Task>
<Opcode>0</Opcode>
<Keywords>0x8020000000000000</Keywords>
<TimeCreated SystemTime="2018-09-10 12:34:37.224594"></TimeCreated>
<EventRecordID>233274</EventRecordID>
<Correlation ActivityID="" RelatedActivityID=""></Correlation>
<Execution ProcessID="664" ThreadID="7304"></Execution>
<Channel>Security</Channel>
<Computer>WIN-KCON-EXCH16.EM.KRINGLECON.COM</Computer>
<Security UserID=""></Security>
</System>
<EventData><Data Name="TargetUserName">HealthMailboxbab78a6</Data>
<Data Name="TargetDomainName">EM.KRINGLECON.COM</Data>
<Data Name="TargetSid">S-1-5-21-25059752-1411454016-2901770228-1133</Data>
<Data Name="ServiceName">krbtgt</Data>
<Data Name="ServiceSid">S-1-5-21-25059752-1411454016-2901770228-502</Data>
<Data Name="TicketOptions">0x40810010</Data>
<Data Name="Status">0x00000000</Data>
<Data Name="TicketEncryptionType">0x00000012</Data>
<Data Name="PreAuthType">2</Data>
<Data Name="IpAddress">::ffff:169.254.202.186</Data>
<Data Name="IpPort">8687</Data>
<Data Name="CertIssuerName"></Data>
<Data Name="CertSerialNumber"></Data>
<Data Name="CertThumbprint"></Data>
</EventData>
</Event>

<Event xmlns="http://schemas.microsoft.com/win/2004/08/events/event"><System><Provider Name="Microsoft-Windows-Security-Auditing" Guid="{54849625-5478-4994-a5ba-3e3b0328c30d}"></Provider>
<EventID Qualifiers="">4769</EventID>
<Version>0</Version>
<Level>0</Level>
<Task>14337</Task>
<Opcode>0</Opcode>
<Keywords>0x8020000000000000</Keywords>
<TimeCreated SystemTime="2018-09-10 12:34:37.226608"></TimeCreated>
<EventRecordID>233275</EventRecordID>
<Correlation ActivityID="" RelatedActivityID=""></Correlation>
<Execution ProcessID="664" ThreadID="2468"></Execution>
<Channel>Security</Channel>
<Computer>WIN-KCON-EXCH16.EM.KRINGLECON.COM</Computer>
<Security UserID=""></Security>
</System>
<EventData><Data Name="TargetUserName">HealthMailboxbab78a6@EM.KRINGLECON.COM</Data>
<Data Name="TargetDomainName">EM.KRINGLECON.COM</Data>
<Data Name="ServiceName">WIN-KCON-EXCH16$</Data>
<Data Name="ServiceSid">S-1-5-21-25059752-1411454016-2901770228-1000</Data>
<Data Name="TicketOptions">0x40810000</Data>
<Data Name="TicketEncryptionType">0x00000012</Data>
<Data Name="IpAddress">::ffff:169.254.202.186</Data>
<Data Name="IpPort">8688</Data>
<Data Name="Status">0x00000000</Data>
<Data Name="LogonGuid">{45fd8c24-06f0-e403-125e-6111ff8323b8}</Data>
<Data Name="TransmittedServices">-</Data>
</EventData>
</Event>

<Event xmlns="http://schemas.microsoft.com/win/2004/08/events/event"><System><Provider Name="Microsoft-Windows-Security-Auditing" Guid="{54849625-5478-4994-a5ba-3e3b0328c30d}"></Provider>
<EventID Qualifiers="">4624</EventID>
<Version>2</Version>
<Level>0</Level>
<Task>12544</Task>
<Opcode>0</Opcode>
<Keywords>0x8020000000000000</Keywords>
<TimeCreated SystemTime="2018-09-10 12:34:37.242952"></TimeCreated>
<EventRecordID>233277</EventRecordID>
<Correlation ActivityID="{71a9b66f-4900-0001-a8b6-a9710049d401}" RelatedActivityID=""></Correlation>
<Execution ProcessID="664" ThreadID="720"></Execution>
<Channel>Security</Channel>
<Computer>WIN-KCON-EXCH16.EM.KRINGLECON.COM</Computer>
<Security UserID=""></Security>
</System>
<EventData><Data Name="SubjectUserSid">S-1-5-18</Data>
<Data Name="SubjectUserName">WIN-KCON-EXCH16$</Data>
<Data Name="SubjectDomainName">EM.KRINGLECON</Data>
<Data Name="SubjectLogonId">0x00000000000003e7</Data>
<Data Name="TargetUserSid">S-1-5-21-25059752-1411454016-2901770228-1133</Data>
<Data Name="TargetUserName">HealthMailboxbab78a6</Data>
<Data Name="TargetDomainName">EM.KRINGLECON</Data>
<Data Name="TargetLogonId">0x000000000079ae33</Data>
<Data Name="LogonType">8</Data>
<Data Name="LogonProcessName">Advapi  </Data>
<Data Name="AuthenticationPackageName">Negotiate</Data>
<Data Name="WorkstationName">WIN-KCON-EXCH16</Data>
<Data Name="LogonGuid">{45fd8c24-06f0-e403-125e-6111ff8323b8}</Data>
<Data Name="TransmittedServices">-</Data>
<Data Name="LmPackageName">-</Data>
<Data Name="KeyLength">0</Data>
<Data Name="ProcessId">0x0000000000002494</Data>
<Data Name="ProcessName">C:\Program Files\Microsoft\Exchange Server\V15\Bin\MSExchangeHMWorker.exe</Data>
<Data Name="IpAddress">-</Data>
<Data Name="IpPort">-</Data>
<Data Name="ImpersonationLevel">%%1833</Data>
<Data Name="RestrictedAdminMode">-</Data>
<Data Name="TargetOutboundUserName">-</Data>
<Data Name="TargetOutboundDomainName">-</Data>
<Data Name="VirtualAccount">%%1843</Data>
<Data Name="TargetLinkedLogonId">0x0000000000000000</Data>
<Data Name="ElevatedToken">%%1842</Data>
</EventData>
</Event>

<Event xmlns="http://schemas.microsoft.com/win/2004/08/events/event"><System><Provider Name="Microsoft-Windows-Security-Auditing" Guid="{54849625-5478-4994-a5ba-3e3b0328c30d}"></Provider>
<EventID Qualifiers="">4624</EventID>
<Version>2</Version>
<Level>0</Level>
<Task>12544</Task>
<Opcode>0</Opcode>
<Keywords>0x8020000000000000</Keywords>
<TimeCreated SystemTime="2018-09-10 12:34:39.072685"></TimeCreated>
<EventRecordID>233301</EventRecordID>
<Correlation ActivityID="{71a9b66f-4900-0001-a8b6-a9710049d401}" RelatedActivityID=""></Correlation>
<Execution ProcessID="664" ThreadID="12152"></Execution>
<Channel>Security</Channel>
<Computer>WIN-KCON-EXCH16.EM.KRINGLECON.COM</Computer>
<Security UserID=""></Security>
</System>
<EventData><Data Name="SubjectUserSid">S-1-0-0</Data>
<Data Name="SubjectUserName">-</Data>
<Data Name="SubjectDomainName">-</Data>
<Data Name="SubjectLogonId">0x0000000000000000</Data>
<Data Name="TargetUserSid">S-1-5-21-25059752-1411454016-2901770228-1134</Data>
<Data Name="TargetUserName">HealthMailboxbe58608</Data>
<Data Name="TargetDomainName">EM.KRINGLECON.COM</Data>
<Data Name="TargetLogonId">0x000000000079ef89</Data>
<Data Name="LogonType">3</Data>
<Data Name="LogonProcessName">Kerberos</Data>
<Data Name="AuthenticationPackageName">Kerberos</Data>
<Data Name="WorkstationName">-</Data>
<Data Name="LogonGuid">{66b54d86-4302-a414-4b44-b4078e2c002e}</Data>
<Data Name="TransmittedServices">-</Data>
<Data Name="LmPackageName">-</Data>
<Data Name="KeyLength">0</Data>
<Data Name="ProcessId">0x0000000000000000</Data>
<Data Name="ProcessName">-</Data>
<Data Name="IpAddress">127.0.0.1</Data>
<Data Name="IpPort">8702</Data>
<Data Name="ImpersonationLevel">%%1840</Data>
<Data Name="RestrictedAdminMode">-</Data>
<Data Name="TargetOutboundUserName">-</Data>
<Data Name="TargetOutboundDomainName">-</Data>
<Data Name="VirtualAccount">%%1843</Data>
<Data Name="TargetLinkedLogonId">0x0000000000000000</Data>
<Data Name="ElevatedToken">%%1842</Data>
</EventData>
</Event>

<Event xmlns="http://schemas.microsoft.com/win/2004/08/events/event"><System><Provider Name="Microsoft-Windows-Security-Auditing" Guid="{54849625-5478-4994-a5ba-3e3b0328c30d}"></Provider>
<EventID Qualifiers="">4769</EventID>
<Version>0</Version>
<Level>0</Level>
<Task>14337</Task>
<Opcode>0</Opcode>
<Keywords>0x8020000000000000</Keywords>
<TimeCreated SystemTime="2018-09-10 12:34:42.452517"></TimeCreated>
<EventRecordID>233304</EventRecordID>
<Correlation ActivityID="" RelatedActivityID=""></Correlation>
<Execution ProcessID="664" ThreadID="2468"></Execution>
<Channel>Security</Channel>
<Computer>WIN-KCON-EXCH16.EM.KRINGLECON.COM</Computer>
<Security UserID=""></Security>
</System>
<EventData><Data Name="TargetUserName">WIN-KCON-EXCH16$@EM.KRINGLECON.COM</Data>
<Data Name="TargetDomainName">EM.KRINGLECON.COM</Data>
<Data Name="ServiceName">WIN-KCON-EXCH16$</Data>
<Data Name="ServiceSid">S-1-5-21-25059752-1411454016-2901770228-1000</Data>
<Data Name="TicketOptions">0x40800000</Data>
<Data Name="TicketEncryptionType">0x00000012</Data>
<Data Name="IpAddress">::ffff:169.254.202.186</Data>
<Data Name="IpPort">8713</Data>
<Data Name="Status">0x00000000</Data>
<Data Name="LogonGuid">{b9dbdb31-6758-3f87-0f40-582cde9806d5}</Data>
<Data Name="TransmittedServices">-</Data>
</EventData>
</Event>

<Event xmlns="http://schemas.microsoft.com/win/2004/08/events/event"><System><Provider Name="Microsoft-Windows-Security-Auditing" Guid="{54849625-5478-4994-a5ba-3e3b0328c30d}"></Provider>
<EventID Qualifiers="">4624</EventID>
<Version>2</Version>
<Level>0</Level>
<Task>12544</Task>
<Opcode>0</Opcode>
<Keywords>0x8020000000000000</Keywords>
<TimeCreated SystemTime="2018-09-10 12:34:45.359770"></TimeCreated>
<EventRecordID>233316</EventRecordID>
<Correlation ActivityID="{71a9b66f-4900-0001-a8b6-a9710049d401}" RelatedActivityID=""></Correlation>
<Execution ProcessID="664" ThreadID="12152"></Execution>
<Channel>Security</Channel>
<Computer>WIN-KCON-EXCH16.EM.KRINGLECON.COM</Computer>
<Security UserID=""></Security>
</System>
<EventData><Data Name="SubjectUserSid">S-1-0-0</Data>
<Data Name="SubjectUserName">-</Data>
<Data Name="SubjectDomainName">-</Data>
<Data Name="SubjectLogonId">0x0000000000000000</Data>
<Data Name="TargetUserSid">S-1-5-21-25059752-1411454016-2901770228-1134</Data>
<Data Name="TargetUserName">HealthMailboxbe58608</Data>
<Data Name="TargetDomainName">EM.KRINGLECON.COM</Data>
<Data Name="TargetLogonId">0x00000000007a47e2</Data>
<Data Name="LogonType">3</Data>
<Data Name="LogonProcessName">Kerberos</Data>
<Data Name="AuthenticationPackageName">Kerberos</Data>
<Data Name="WorkstationName">-</Data>
<Data Name="LogonGuid">{07b73b89-15b3-b7c4-e678-b6ee566f408f}</Data>
<Data Name="TransmittedServices">-</Data>
<Data Name="LmPackageName">-</Data>
<Data Name="KeyLength">0</Data>
<Data Name="ProcessId">0x0000000000000000</Data>
<Data Name="ProcessName">-</Data>
<Data Name="IpAddress">::1</Data>
<Data Name="IpPort">8720</Data>
<Data Name="ImpersonationLevel">%%1840</Data>
<Data Name="RestrictedAdminMode">-</Data>
<Data Name="TargetOutboundUserName">-</Data>
<Data Name="TargetOutboundDomainName">-</Data>
<Data Name="VirtualAccount">%%1843</Data>
<Data Name="TargetLinkedLogonId">0x0000000000000000</Data>
<Data Name="ElevatedToken">%%1842</Data>
</EventData>
</Event>

<Event xmlns="http://schemas.microsoft.com/win/2004/08/events/event"><System><Provider Name="Microsoft-Windows-Security-Auditing" Guid="{54849625-5478-4994-a5ba-3e3b0328c30d}"></Provider>
<EventID Qualifiers="">4624</EventID>
<Version>2</Version>
<Level>0</Level>
<Task>12544</Task>
<Opcode>0</Opcode>
<Keywords>0x8020000000000000</Keywords>
<TimeCreated SystemTime="2018-09-10 12:34:45.977203"></TimeCreated>
<EventRecordID>233330</EventRecordID>
<Correlation ActivityID="{71a9b66f-4900-0001-a8b6-a9710049d401}" RelatedActivityID=""></Correlation>
<Execution ProcessID="664" ThreadID="720"></Execution>
<Channel>Security</Channel>
<Computer>WIN-KCON-EXCH16.EM.KRINGLECON.COM</Computer>
<Security UserID=""></Security>
</System>
<EventData><Data Name="SubjectUserSid">S-1-0-0</Data>
<Data Name="SubjectUserName">-</Data>
<Data Name="SubjectDomainName">-</Data>
<Data Name="SubjectLogonId">0x0000000000000000</Data>
<Data Name="TargetUserSid">S-1-5-21-25059752-1411454016-2901770228-1134</Data>
<Data Name="TargetUserName">HealthMailboxbe58608</Data>
<Data Name="TargetDomainName">EM.KRINGLECON.COM</Data>
<Data Name="TargetLogonId">0x00000000007a4dec</Data>
<Data Name="LogonType">3</Data>
<Data Name="LogonProcessName">Kerberos</Data>
<Data Name="AuthenticationPackageName">Kerberos</Data>
<Data Name="WorkstationName">-</Data>
<Data Name="LogonGuid">{66b54d86-4302-a414-4b44-b4078e2c002e}</Data>
<Data Name="TransmittedServices">-</Data>
<Data Name="LmPackageName">-</Data>
<Data Name="KeyLength">0</Data>
<Data Name="ProcessId">0x0000000000000000</Data>
<Data Name="ProcessName">-</Data>
<Data Name="IpAddress">-</Data>
<Data Name="IpPort">-</Data>
<Data Name="ImpersonationLevel">%%1840</Data>
<Data Name="RestrictedAdminMode">-</Data>
<Data Name="TargetOutboundUserName">-</Data>
<Data Name="TargetOutboundDomainName">-</Data>
<Data Name="VirtualAccount">%%1843</Data>
<Data Name="TargetLinkedLogonId">0x0000000000000000</Data>
<Data Name="ElevatedToken">%%1842</Data>
</EventData>
</Event>

<Event xmlns="http://schemas.microsoft.com/win/2004/08/events/event"><System><Provider Name="Microsoft-Windows-Security-Auditing" Guid="{54849625-5478-4994-a5ba-3e3b0328c30d}"></Provider>
<EventID Qualifiers="">4624</EventID>
<Version>2</Version>
<Level>0</Level>
<Task>12544</Task>
<Opcode>0</Opcode>
<Keywords>0x8020000000000000</Keywords>
<TimeCreated SystemTime="2018-09-10 12:34:59.064020"></TimeCreated>
<EventRecordID>233348</EventRecordID>
<Correlation ActivityID="{71a9b66f-4900-0001-a8b6-a9710049d401}" RelatedActivityID=""></Correlation>
<Execution ProcessID="664" ThreadID="852"></Execution>
<Channel>Security</Channel>
<Computer>WIN-KCON-EXCH16.EM.KRINGLECON.COM</Computer>
<Security UserID=""></Security>
</System>
<EventData><Data Name="SubjectUserSid">S-1-0-0</Data>
<Data Name="SubjectUserName">-</Data>
<Data Name="SubjectDomainName">-</Data>
<Data Name="SubjectLogonId">0x0000000000000000</Data>
<Data Name="TargetUserSid">S-1-5-21-25059752-1411454016-2901770228-1134</Data>
<Data Name="TargetUserName">HealthMailboxbe58608</Data>
<Data Name="TargetDomainName">EM.KRINGLECON.COM</Data>
<Data Name="TargetLogonId">0x00000000007ab359</Data>
<Data Name="LogonType">3</Data>
<Data Name="LogonProcessName">Kerberos</Data>
<Data Name="AuthenticationPackageName">Kerberos</Data>
<Data Name="WorkstationName">-</Data>
<Data Name="LogonGuid">{dd6f8435-9c92-34f3-76d2-df861ff45037}</Data>
<Data Name="TransmittedServices">-</Data>
<Data Name="LmPackageName">-</Data>
<Data Name="KeyLength">0</Data>
<Data Name="ProcessId">0x0000000000000000</Data>
<Data Name="ProcessName">-</Data>
<Data Name="IpAddress">::1</Data>
<Data Name="IpPort">8756</Data>
<Data Name="ImpersonationLevel">%%1840</Data>
<Data Name="RestrictedAdminMode">-</Data>
<Data Name="TargetOutboundUserName">-</Data>
<Data Name="TargetOutboundDomainName">-</Data>
<Data Name="VirtualAccount">%%1843</Data>
<Data Name="TargetLinkedLogonId">0x0000000000000000</Data>
<Data Name="ElevatedToken">%%1842</Data>
</EventData>
</Event>

<Event xmlns="http://schemas.microsoft.com/win/2004/08/events/event"><System><Provider Name="Microsoft-Windows-Security-Auditing" Guid="{54849625-5478-4994-a5ba-3e3b0328c30d}"></Provider>
<EventID Qualifiers="">4776</EventID>
<Version>0</Version>
<Level>0</Level>
<Task>14336</Task>
<Opcode>0</Opcode>
<Keywords>0x8020000000000000</Keywords>
<TimeCreated SystemTime="2018-09-10 12:35:04.187819"></TimeCreated>
<EventRecordID>233361</EventRecordID>
<Correlation ActivityID="" RelatedActivityID=""></Correlation>
<Execution ProcessID="664" ThreadID="852"></Execution>
<Channel>Security</Channel>
<Computer>WIN-KCON-EXCH16.EM.KRINGLECON.COM</Computer>
<Security UserID=""></Security>
</System>
<EventData><Data Name="PackageName">MICROSOFT_AUTHENTICATION_PACKAGE_V1_0</Data>
<Data Name="TargetUserName">HealthMailboxbe58608d4925422d8e4ea458cfedc612@EM.KRINGLECON.COM</Data>
<Data Name="Workstation">WIN-KCON-EXCH16</Data>
<Data Name="Status">0x00000000</Data>
</EventData>
</Event>

<Event xmlns="http://schemas.microsoft.com/win/2004/08/events/event"><System><Provider Name="Microsoft-Windows-Security-Auditing" Guid="{54849625-5478-4994-a5ba-3e3b0328c30d}"></Provider>
<EventID Qualifiers="">4624</EventID>
<Version>2</Version>
<Level>0</Level>
<Task>12544</Task>
<Opcode>0</Opcode>
<Keywords>0x8020000000000000</Keywords>
<TimeCreated SystemTime="2018-09-10 12:35:04.188442"></TimeCreated>
<EventRecordID>233362</EventRecordID>
<Correlation ActivityID="" RelatedActivityID=""></Correlation>
<Execution ProcessID="664" ThreadID="852"></Execution>
<Channel>Security</Channel>
<Computer>WIN-KCON-EXCH16.EM.KRINGLECON.COM</Computer>
<Security UserID=""></Security>
</System>
<EventData><Data Name="SubjectUserSid">S-1-0-0</Data>
<Data Name="SubjectUserName">-</Data>
<Data Name="SubjectDomainName">-</Data>
<Data Name="SubjectLogonId">0x0000000000000000</Data>
<Data Name="TargetUserSid">S-1-5-21-25059752-1411454016-2901770228-1134</Data>
<Data Name="TargetUserName">HealthMailboxbe58608</Data>
<Data Name="TargetDomainName">EM.KRINGLECON</Data>
<Data Name="TargetLogonId">0x00000000007ad5e6</Data>
<Data Name="LogonType">3</Data>
<Data Name="LogonProcessName">NtLmSsp </Data>
<Data Name="AuthenticationPackageName">NTLM</Data>
<Data Name="WorkstationName">WIN-KCON-EXCH16</Data>
<Data Name="LogonGuid">{00000000-0000-0000-0000-000000000000}</Data>
<Data Name="TransmittedServices">-</Data>
<Data Name="LmPackageName">NTLM V2</Data>
<Data Name="KeyLength">0</Data>
<Data Name="ProcessId">0x0000000000000000</Data>
<Data Name="ProcessName">-</Data>
<Data Name="IpAddress">fe80::b0d8:bf3b:51aa:caba</Data>
<Data Name="IpPort">8767</Data>
<Data Name="ImpersonationLevel">%%1833</Data>
<Data Name="RestrictedAdminMode">-</Data>
<Data Name="TargetOutboundUserName">-</Data>
<Data Name="TargetOutboundDomainName">-</Data>
<Data Name="VirtualAccount">%%1843</Data>
<Data Name="TargetLinkedLogonId">0x0000000000000000</Data>
<Data Name="ElevatedToken">%%1842</Data>
</EventData>
</Event>

<Event xmlns="http://schemas.microsoft.com/win/2004/08/events/event"><System><Provider Name="Microsoft-Windows-Security-Auditing" Guid="{54849625-5478-4994-a5ba-3e3b0328c30d}"></Provider>
<EventID Qualifiers="">4776</EventID>
<Version>0</Version>
<Level>0</Level>
<Task>14336</Task>
<Opcode>0</Opcode>
<Keywords>0x8020000000000000</Keywords>
<TimeCreated SystemTime="2018-09-10 12:35:04.236406"></TimeCreated>
<EventRecordID>233370</EventRecordID>
<Correlation ActivityID="" RelatedActivityID=""></Correlation>
<Execution ProcessID="664" ThreadID="720"></Execution>
<Channel>Security</Channel>
<Computer>WIN-KCON-EXCH16.EM.KRINGLECON.COM</Computer>
<Security UserID=""></Security>
</System>
<EventData><Data Name="PackageName">MICROSOFT_AUTHENTICATION_PACKAGE_V1_0</Data>
<Data Name="TargetUserName">HealthMailboxbe58608d4925422d8e4ea458cfedc612@EM.KRINGLECON.COM</Data>
<Data Name="Workstation">WIN-KCON-EXCH16</Data>
<Data Name="Status">0x00000000</Data>
</EventData>
</Event>

<Event xmlns="http://schemas.microsoft.com/win/2004/08/events/event"><System><Provider Name="Microsoft-Windows-Security-Auditing" Guid="{54849625-5478-4994-a5ba-3e3b0328c30d}"></Provider>
<EventID Qualifiers="">4624</EventID>
<Version>2</Version>
<Level>0</Level>
<Task>12544</Task>
<Opcode>0</Opcode>
<Keywords>0x8020000000000000</Keywords>
<TimeCreated SystemTime="2018-09-10 12:35:04.237164"></TimeCreated>
<EventRecordID>233371</EventRecordID>
<Correlation ActivityID="" RelatedActivityID=""></Correlation>
<Execution ProcessID="664" ThreadID="720"></Execution>
<Channel>Security</Channel>
<Computer>WIN-KCON-EXCH16.EM.KRINGLECON.COM</Computer>
<Security UserID=""></Security>
</System>
<EventData><Data Name="SubjectUserSid">S-1-0-0</Data>
<Data Name="SubjectUserName">-</Data>
<Data Name="SubjectDomainName">-</Data>
<Data Name="SubjectLogonId">0x0000000000000000</Data>
<Data Name="TargetUserSid">S-1-5-21-25059752-1411454016-2901770228-1134</Data>
<Data Name="TargetUserName">HealthMailboxbe58608</Data>
<Data Name="TargetDomainName">EM.KRINGLECON</Data>
<Data Name="TargetLogonId">0x00000000007ad6d0</Data>
<Data Name="LogonType">3</Data>
<Data Name="LogonProcessName">NtLmSsp </Data>
<Data Name="AuthenticationPackageName">NTLM</Data>
<Data Name="WorkstationName">WIN-KCON-EXCH16</Data>
<Data Name="LogonGuid">{00000000-0000-0000-0000-000000000000}</Data>
<Data Name="TransmittedServices">-</Data>
<Data Name="LmPackageName">NTLM V2</Data>
<Data Name="KeyLength">0</Data>
<Data Name="ProcessId">0x0000000000000000</Data>
<Data Name="ProcessName">-</Data>
<Data Name="IpAddress">fe80::b0d8:bf3b:51aa:caba</Data>
<Data Name="IpPort">8770</Data>
<Data Name="ImpersonationLevel">%%1833</Data>
<Data Name="RestrictedAdminMode">-</Data>
<Data Name="TargetOutboundUserName">-</Data>
<Data Name="TargetOutboundDomainName">-</Data>
<Data Name="VirtualAccount">%%1843</Data>
<Data Name="TargetLinkedLogonId">0x0000000000000000</Data>
<Data Name="ElevatedToken">%%1842</Data>
</EventData>
</Event>

<Event xmlns="http://schemas.microsoft.com/win/2004/08/events/event"><System><Provider Name="Microsoft-Windows-Security-Auditing" Guid="{54849625-5478-4994-a5ba-3e3b0328c30d}"></Provider>
<EventID Qualifiers="">4776</EventID>
<Version>0</Version>
<Level>0</Level>
<Task>14336</Task>
<Opcode>0</Opcode>
<Keywords>0x8020000000000000</Keywords>
<TimeCreated SystemTime="2018-09-10 12:35:04.242659"></TimeCreated>
<EventRecordID>233373</EventRecordID>
<Correlation ActivityID="" RelatedActivityID=""></Correlation>
<Execution ProcessID="664" ThreadID="12152"></Execution>
<Channel>Security</Channel>
<Computer>WIN-KCON-EXCH16.EM.KRINGLECON.COM</Computer>
<Security UserID=""></Security>
</System>
<EventData><Data Name="PackageName">MICROSOFT_AUTHENTICATION_PACKAGE_V1_0</Data>
<Data Name="TargetUserName">HealthMailboxbe58608d4925422d8e4ea458cfedc612@EM.KRINGLECON.COM</Data>
<Data Name="Workstation">WIN-KCON-EXCH16</Data>
<Data Name="Status">0x00000000</Data>
</EventData>
</Event>

<Event xmlns="http://schemas.microsoft.com/win/2004/08/events/event"><System><Provider Name="Microsoft-Windows-Security-Auditing" Guid="{54849625-5478-4994-a5ba-3e3b0328c30d}"></Provider>
<EventID Qualifiers="">4624</EventID>
<Version>2</Version>
<Level>0</Level>
<Task>12544</Task>
<Opcode>0</Opcode>
<Keywords>0x8020000000000000</Keywords>
<TimeCreated SystemTime="2018-09-10 12:35:04.243397"></TimeCreated>
<EventRecordID>233374</EventRecordID>
<Correlation ActivityID="" RelatedActivityID=""></Correlation>
<Execution ProcessID="664" ThreadID="12152"></Execution>
<Channel>Security</Channel>
<Computer>WIN-KCON-EXCH16.EM.KRINGLECON.COM</Computer>
<Security UserID=""></Security>
</System>
<EventData><Data Name="SubjectUserSid">S-1-0-0</Data>
<Data Name="SubjectUserName">-</Data>
<Data Name="SubjectDomainName">-</Data>
<Data Name="SubjectLogonId">0x0000000000000000</Data>
<Data Name="TargetUserSid">S-1-5-21-25059752-1411454016-2901770228-1134</Data>
<Data Name="TargetUserName">HealthMailboxbe58608</Data>
<Data Name="TargetDomainName">EM.KRINGLECON</Data>
<Data Name="TargetLogonId">0x00000000007ad6f2</Data>
<Data Name="LogonType">3</Data>
<Data Name="LogonProcessName">NtLmSsp </Data>
<Data Name="AuthenticationPackageName">NTLM</Data>
<Data Name="WorkstationName">WIN-KCON-EXCH16</Data>
<Data Name="LogonGuid">{00000000-0000-0000-0000-000000000000}</Data>
<Data Name="TransmittedServices">-</Data>
<Data Name="LmPackageName">NTLM V2</Data>
<Data Name="KeyLength">0</Data>
<Data Name="ProcessId">0x0000000000000000</Data>
<Data Name="ProcessName">-</Data>
<Data Name="IpAddress">fe80::b0d8:bf3b:51aa:caba</Data>
<Data Name="IpPort">8771</Data>
<Data Name="ImpersonationLevel">%%1833</Data>
<Data Name="RestrictedAdminMode">-</Data>
<Data Name="TargetOutboundUserName">-</Data>
<Data Name="TargetOutboundDomainName">-</Data>
<Data Name="VirtualAccount">%%1843</Data>
<Data Name="TargetLinkedLogonId">0x0000000000000000</Data>
<Data Name="ElevatedToken">%%1842</Data>
</EventData>
</Event>

<Event xmlns="http://schemas.microsoft.com/win/2004/08/events/event"><System><Provider Name="Microsoft-Windows-Security-Auditing" Guid="{54849625-5478-4994-a5ba-3e3b0328c30d}"></Provider>
<EventID Qualifiers="">4624</EventID>
<Version>2</Version>
<Level>0</Level>
<Task>12544</Task>
<Opcode>0</Opcode>
<Keywords>0x8020000000000000</Keywords>
<TimeCreated SystemTime="2018-09-10 12:35:05.223116"></TimeCreated>
<EventRecordID>233389</EventRecordID>
<Correlation ActivityID="{71a9b66f-4900-0001-a8b6-a9710049d401}" RelatedActivityID=""></Correlation>
<Execution ProcessID="664" ThreadID="848"></Execution>
<Channel>Security</Channel>
<Computer>WIN-KCON-EXCH16.EM.KRINGLECON.COM</Computer>
<Security UserID=""></Security>
</System>
<EventData><Data Name="SubjectUserSid">S-1-0-0</Data>
<Data Name="SubjectUserName">-</Data>
<Data Name="SubjectDomainName">-</Data>
<Data Name="SubjectLogonId">0x0000000000000000</Data>
<Data Name="TargetUserSid">S-1-5-21-25059752-1411454016-2901770228-1134</Data>
<Data Name="TargetUserName">HealthMailboxbe58608</Data>
<Data Name="TargetDomainName">EM.KRINGLECON.COM</Data>
<Data Name="TargetLogonId">0x00000000007ad95b</Data>
<Data Name="LogonType">3</Data>
<Data Name="LogonProcessName">Kerberos</Data>
<Data Name="AuthenticationPackageName">Kerberos</Data>
<Data Name="WorkstationName">-</Data>
<Data Name="LogonGuid">{66b54d86-4302-a414-4b44-b4078e2c002e}</Data>
<Data Name="TransmittedServices">-</Data>
<Data Name="LmPackageName">-</Data>
<Data Name="KeyLength">0</Data>
<Data Name="ProcessId">0x0000000000000000</Data>
<Data Name="ProcessName">-</Data>
<Data Name="IpAddress">fe80::b0d8:bf3b:51aa:caba</Data>
<Data Name="IpPort">8777</Data>
<Data Name="ImpersonationLevel">%%1840</Data>
<Data Name="RestrictedAdminMode">-</Data>
<Data Name="TargetOutboundUserName">-</Data>
<Data Name="TargetOutboundDomainName">-</Data>
<Data Name="VirtualAccount">%%1843</Data>
<Data Name="TargetLinkedLogonId">0x0000000000000000</Data>
<Data Name="ElevatedToken">%%1842</Data>
</EventData>
</Event>

